[ 2023-07-30 16:20:54,841 ] 224 werkzeug - WARNING -  * Debugger is active!
[ 2023-07-30 16:20:54,841 ] 224 werkzeug - INFO -  * Debugger PIN: 117-428-366
[ 2023-07-30 16:20:54,874 ] 224 werkzeug - INFO -  * Detected change in 'C:\\Users\\papal\\anaconda3\\Lib\\site-packages\\smart_open\\__init__.py', reloading
[ 2023-07-30 16:20:54,874 ] 224 werkzeug - INFO -  * Detected change in 'C:\\Users\\papal\\anaconda3\\Lib\\site-packages\\smart_open\\smart_open_lib.py', reloading
[ 2023-07-30 16:20:54,883 ] 224 werkzeug - INFO -  * Detected change in 'C:\\Users\\papal\\anaconda3\\Lib\\site-packages\\smart_open\\compression.py', reloading
[ 2023-07-30 16:20:54,883 ] 224 werkzeug - INFO -  * Detected change in 'C:\\Users\\papal\\anaconda3\\Lib\\site-packages\\snappy\\__init__.py', reloading
[ 2023-07-30 16:20:54,883 ] 224 werkzeug - INFO -  * Detected change in 'C:\\Users\\papal\\anaconda3\\Lib\\site-packages\\sniffio\\__init__.py', reloading
[ 2023-07-30 16:20:54,891 ] 224 werkzeug - INFO -  * Detected change in 'C:\\Users\\papal\\anaconda3\\Lib\\site-packages\\sniffio\\_impl.py', reloading
[ 2023-07-30 16:20:54,891 ] 224 werkzeug - INFO -  * Detected change in 'C:\\Users\\papal\\anaconda3\\Lib\\site-packages\\snowballstemmer\\__init__.py', reloading
[ 2023-07-30 16:20:54,891 ] 224 werkzeug - INFO -  * Detected change in 'C:\\Users\\papal\\anaconda3\\Lib\\site-packages\\sortedcontainers\\__init__.py', reloading
[ 2023-07-30 16:20:54,899 ] 224 werkzeug - INFO -  * Detected change in 'C:\\Users\\papal\\anaconda3\\Lib\\site-packages\\sortedcontainers\\sortedlist.py', reloading
[ 2023-07-30 16:20:54,908 ] 224 werkzeug - INFO -  * Detected change in 'C:\\Users\\papal\\anaconda3\\Lib\\site-packages\\sortedcontainers\\sortedset.py', reloading
[ 2023-07-30 16:20:54,908 ] 224 werkzeug - INFO -  * Detected change in 'C:\\Users\\papal\\anaconda3\\Lib\\site-packages\\sortedcontainers\\sorteddict.py', reloading
[ 2023-07-30 16:20:54,908 ] 224 werkzeug - INFO -  * Detected change in 'C:\\Users\\papal\\anaconda3\\Lib\\site-packages\\soupsieve\\__init__.py', reloading
[ 2023-07-30 16:20:54,916 ] 224 werkzeug - INFO -  * Detected change in 'C:\\Users\\papal\\anaconda3\\Lib\\site-packages\\soupsieve\\util.py', reloading
[ 2023-07-30 16:20:54,916 ] 224 werkzeug - INFO -  * Detected change in 'C:\\Users\\papal\\anaconda3\\Lib\\site-packages\\sphinx\\__init__.py', reloading
[ 2023-07-30 16:20:54,924 ] 224 werkzeug - INFO -  * Detected change in 'C:\\Users\\papal\\anaconda3\\Lib\\site-packages\\spyder\\__init__.py', reloading
[ 2023-07-30 16:20:54,924 ] 224 werkzeug - INFO -  * Detected change in 'C:\\Users\\papal\\anaconda3\\Lib\\site-packages\\spyder_kernels\\__init__.py', reloading
[ 2023-07-30 16:20:54,924 ] 224 werkzeug - INFO -  * Detected change in 'C:\\Users\\papal\\anaconda3\\Lib\\site-packages\\sqlalchemy\\__init__.py', reloading
[ 2023-07-30 16:20:54,933 ] 224 werkzeug - INFO -  * Detected change in 'C:\\Users\\papal\\anaconda3\\Lib\\site-packages\\stack_data\\__init__.py', reloading
[ 2023-07-30 16:20:54,933 ] 224 werkzeug - INFO -  * Detected change in 'C:\\Users\\papal\\anaconda3\\Lib\\site-packages\\statsmodels\\__init__.py', reloading
[ 2023-07-30 16:20:54,941 ] 224 werkzeug - INFO -  * Detected change in 'C:\\Users\\papal\\anaconda3\\Lib\\site-packages\\statsmodels\\_version.py', reloading
[ 2023-07-30 16:20:54,941 ] 224 werkzeug - INFO -  * Detected change in 'C:\\Users\\papal\\anaconda3\\Lib\\site-packages\\sympy\\__init__.py', reloading
[ 2023-07-30 16:20:55,032 ] 224 werkzeug - INFO -  * Detected change in 'C:\\Users\\papal\\anaconda3\\Lib\\site-packages\\sympy\\release.py', reloading
[ 2023-07-30 16:20:55,032 ] 224 werkzeug - INFO -  * Detected change in 'C:\\Users\\papal\\anaconda3\\Lib\\site-packages\\sympy\\core\\__init__.py', reloading
[ 2023-07-30 16:20:55,040 ] 224 werkzeug - INFO -  * Detected change in 'C:\\Users\\papal\\anaconda3\\Lib\\site-packages\\sympy\\core\\sympify.py', reloading
[ 2023-07-30 16:20:55,040 ] 224 werkzeug - INFO -  * Detected change in 'C:\\Users\\papal\\anaconda3\\Lib\\site-packages\\sympy\\core\\cache.py', reloading
[ 2023-07-30 16:20:55,040 ] 224 werkzeug - INFO -  * Detected change in 'C:\\Users\\papal\\anaconda3\\Lib\\site-packages\\sympy\\core\\basic.py', reloading
[ 2023-07-30 16:20:55,049 ] 224 werkzeug - INFO -  * Detected change in 'C:\\Users\\papal\\anaconda3\\Lib\\site-packages\\sympy\\core\\traversal.py', reloading
[ 2023-07-30 16:20:55,049 ] 224 werkzeug - INFO -  * Detected change in 'C:\\Users\\papal\\anaconda3\\Lib\\site-packages\\sympy\\core\\singleton.py', reloading
[ 2023-07-30 16:20:55,049 ] 224 werkzeug - INFO -  * Detected change in 'C:\\Users\\papal\\anaconda3\\Lib\\site-packages\\sympy\\core\\expr.py', reloading
[ 2023-07-30 16:20:55,057 ] 224 werkzeug - INFO -  * Detected change in 'C:\\Users\\papal\\anaconda3\\Lib\\site-packages\\sympy\\core\\symbol.py', reloading
[ 2023-07-30 16:20:55,065 ] 224 werkzeug - INFO -  * Detected change in 'C:\\Users\\papal\\anaconda3\\Lib\\site-packages\\sympy\\core\\numbers.py', reloading
[ 2023-07-30 16:20:55,082 ] 224 werkzeug - INFO -  * Detected change in 'C:\\Users\\papal\\anaconda3\\Lib\\site-packages\\sympy\\core\\power.py', reloading
[ 2023-07-30 16:20:55,082 ] 224 werkzeug - INFO -  * Detected change in 'C:\\Users\\papal\\anaconda3\\Lib\\site-packages\\sympy\\core\\mul.py', reloading
[ 2023-07-30 16:20:55,090 ] 224 werkzeug - INFO -  * Detected change in 'C:\\Users\\papal\\anaconda3\\Lib\\site-packages\\sympy\\core\\add.py', reloading
[ 2023-07-30 16:20:55,099 ] 224 werkzeug - INFO -  * Detected change in 'C:\\Users\\papal\\anaconda3\\Lib\\site-packages\\sympy\\core\\mod.py', reloading
[ 2023-07-30 16:20:55,099 ] 224 werkzeug - INFO -  * Detected change in 'C:\\Users\\papal\\anaconda3\\Lib\\site-packages\\sympy\\core\\relational.py', reloading
[ 2023-07-30 16:20:55,099 ] 224 werkzeug - INFO -  * Detected change in 'C:\\Users\\papal\\anaconda3\\Lib\\site-packages\\sympy\\core\\multidimensional.py', reloading
[ 2023-07-30 16:20:55,107 ] 224 werkzeug - INFO -  * Detected change in 'C:\\Users\\papal\\anaconda3\\Lib\\site-packages\\sympy\\core\\function.py', reloading
[ 2023-07-30 16:20:55,107 ] 224 werkzeug - INFO -  * Detected change in 'C:\\Users\\papal\\anaconda3\\Lib\\site-packages\\sympy\\core\\evalf.py', reloading
[ 2023-07-30 16:20:55,124 ] 224 werkzeug - INFO -  * Detected change in 'C:\\Users\\papal\\anaconda3\\Lib\\site-packages\\sympy\\core\\containers.py', reloading
[ 2023-07-30 16:20:55,124 ] 224 werkzeug - INFO -  * Detected change in 'C:\\Users\\papal\\anaconda3\\Lib\\site-packages\\sympy\\core\\exprtools.py', reloading
[ 2023-07-30 16:20:55,131 ] 224 werkzeug - INFO -  * Detected change in 'C:\\Users\\papal\\anaconda3\\Lib\\site-packages\\sympy\\core\\parameters.py', reloading
[ 2023-07-30 16:20:55,131 ] 224 werkzeug - INFO -  * Detected change in 'C:\\Users\\papal\\anaconda3\\Lib\\site-packages\\sympy\\core\\sorting.py', reloading
[ 2023-07-30 16:20:55,131 ] 224 werkzeug - INFO -  * Detected change in 'C:\\Users\\papal\\anaconda3\\Lib\\site-packages\\sympy\\logic\\__init__.py', reloading
[ 2023-07-30 16:20:55,140 ] 224 werkzeug - INFO -  * Detected change in 'C:\\Users\\papal\\anaconda3\\Lib\\site-packages\\sympy\\logic\\boolalg.py', reloading
[ 2023-07-30 16:20:55,148 ] 224 werkzeug - INFO -  * Detected change in 'C:\\Users\\papal\\anaconda3\\Lib\\site-packages\\sympy\\logic\\inference.py', reloading
[ 2023-07-30 16:20:55,148 ] 224 werkzeug - INFO -  * Detected change in 'C:\\Users\\papal\\anaconda3\\Lib\\site-packages\\sympy\\assumptions\\__init__.py', reloading
[ 2023-07-30 16:20:55,157 ] 224 werkzeug - INFO -  * Detected change in 'C:\\Users\\papal\\anaconda3\\Lib\\site-packages\\sympy\\assumptions\\assume.py', reloading
[ 2023-07-30 16:20:55,157 ] 224 werkzeug - INFO -  * Detected change in 'C:\\Users\\papal\\anaconda3\\Lib\\site-packages\\sympy\\assumptions\\ask.py', reloading
[ 2023-07-30 16:20:55,165 ] 224 werkzeug - INFO -  * Detected change in 'C:\\Users\\papal\\anaconda3\\Lib\\site-packages\\sympy\\assumptions\\refine.py', reloading
[ 2023-07-30 16:20:55,165 ] 224 werkzeug - INFO -  * Detected change in 'C:\\Users\\papal\\anaconda3\\Lib\\site-packages\\sympy\\polys\\__init__.py', reloading
[ 2023-07-30 16:20:55,173 ] 224 werkzeug - INFO -  * Detected change in 'C:\\Users\\papal\\anaconda3\\Lib\\site-packages\\sympy\\polys\\polytools.py', reloading
[ 2023-07-30 16:20:55,207 ] 224 werkzeug - INFO -  * Detected change in 'C:\\Users\\papal\\anaconda3\\Lib\\site-packages\\sympy\\polys\\polyfuncs.py', reloading
[ 2023-07-30 16:20:55,215 ] 224 werkzeug - INFO -  * Detected change in 'C:\\Users\\papal\\anaconda3\\Lib\\site-packages\\sympy\\polys\\rationaltools.py', reloading
[ 2023-07-30 16:20:55,215 ] 224 werkzeug - INFO -  * Detected change in 'C:\\Users\\papal\\anaconda3\\Lib\\site-packages\\sympy\\polys\\polyerrors.py', reloading
[ 2023-07-30 16:20:55,215 ] 224 werkzeug - INFO -  * Detected change in 'C:\\Users\\papal\\anaconda3\\Lib\\site-packages\\sympy\\polys\\numberfields\\__init__.py', reloading
[ 2023-07-30 16:20:55,215 ] 224 werkzeug - INFO -  * Detected change in 'C:\\Users\\papal\\anaconda3\\Lib\\site-packages\\sympy\\polys\\numberfields\\minpoly.py', reloading
[ 2023-07-30 16:20:55,231 ] 224 werkzeug - INFO -  * Detected change in 'C:\\Users\\papal\\anaconda3\\Lib\\site-packages\\sympy\\polys\\numberfields\\subfield.py', reloading
[ 2023-07-30 16:20:55,231 ] 224 werkzeug - INFO -  * Detected change in 'C:\\Users\\papal\\anaconda3\\Lib\\site-packages\\sympy\\polys\\numberfields\\utilities.py', reloading
[ 2023-07-30 16:20:55,241 ] 224 werkzeug - INFO -  * Detected change in 'C:\\Users\\papal\\anaconda3\\Lib\\site-packages\\sympy\\polys\\numberfields\\basis.py', reloading
[ 2023-07-30 16:20:55,241 ] 224 werkzeug - INFO -  * Detected change in 'C:\\Users\\papal\\anaconda3\\Lib\\site-packages\\sympy\\polys\\numberfields\\primes.py', reloading
[ 2023-07-30 16:20:55,248 ] 224 werkzeug - INFO -  * Detected change in 'C:\\Users\\papal\\anaconda3\\Lib\\site-packages\\sympy\\polys\\monomials.py', reloading
[ 2023-07-30 16:20:55,248 ] 224 werkzeug - INFO -  * Detected change in 'C:\\Users\\papal\\anaconda3\\Lib\\site-packages\\sympy\\polys\\orderings.py', reloading
[ 2023-07-30 16:20:55,248 ] 224 werkzeug - INFO -  * Detected change in 'C:\\Users\\papal\\anaconda3\\Lib\\site-packages\\sympy\\polys\\rootoftools.py', reloading
[ 2023-07-30 16:20:55,256 ] 224 werkzeug - INFO -  * Detected change in 'C:\\Users\\papal\\anaconda3\\Lib\\site-packages\\sympy\\polys\\polyroots.py', reloading
[ 2023-07-30 16:20:55,256 ] 224 werkzeug - INFO -  * Detected change in 'C:\\Users\\papal\\anaconda3\\Lib\\site-packages\\sympy\\polys\\domains\\__init__.py', reloading
[ 2023-07-30 16:20:55,264 ] 224 werkzeug - INFO -  * Detected change in 'C:\\Users\\papal\\anaconda3\\Lib\\site-packages\\sympy\\polys\\domains\\domain.py', reloading
[ 2023-07-30 16:20:55,264 ] 224 werkzeug - INFO -  * Detected change in 'C:\\Users\\papal\\anaconda3\\Lib\\site-packages\\sympy\\polys\\domains\\finitefield.py', reloading
[ 2023-07-30 16:20:55,273 ] 224 werkzeug - INFO -  * Detected change in 'C:\\Users\\papal\\anaconda3\\Lib\\site-packages\\sympy\\polys\\domains\\integerring.py', reloading
[ 2023-07-30 16:20:55,273 ] 224 werkzeug - INFO -  * Detected change in 'C:\\Users\\papal\\anaconda3\\Lib\\site-packages\\sympy\\polys\\domains\\rationalfield.py', reloading
[ 2023-07-30 16:20:55,281 ] 224 werkzeug - INFO -  * Detected change in 'C:\\Users\\papal\\anaconda3\\Lib\\site-packages\\sympy\\polys\\domains\\realfield.py', reloading
[ 2023-07-30 16:20:55,281 ] 224 werkzeug - INFO -  * Detected change in 'C:\\Users\\papal\\anaconda3\\Lib\\site-packages\\sympy\\polys\\domains\\complexfield.py', reloading
[ 2023-07-30 16:20:55,281 ] 224 werkzeug - INFO -  * Detected change in 'C:\\Users\\papal\\anaconda3\\Lib\\site-packages\\sympy\\polys\\domains\\pythonfinitefield.py', reloading
[ 2023-07-30 16:20:55,281 ] 224 werkzeug - INFO -  * Detected change in 'C:\\Users\\papal\\anaconda3\\Lib\\site-packages\\sympy\\polys\\domains\\gmpyfinitefield.py', reloading
[ 2023-07-30 16:20:55,281 ] 224 werkzeug - INFO -  * Detected change in 'C:\\Users\\papal\\anaconda3\\Lib\\site-packages\\sympy\\polys\\domains\\pythonintegerring.py', reloading
[ 2023-07-30 16:20:55,281 ] 224 werkzeug - INFO -  * Detected change in 'C:\\Users\\papal\\anaconda3\\Lib\\site-packages\\sympy\\polys\\domains\\gmpyintegerring.py', reloading
[ 2023-07-30 16:20:55,289 ] 224 werkzeug - INFO -  * Detected change in 'C:\\Users\\papal\\anaconda3\\Lib\\site-packages\\sympy\\polys\\domains\\pythonrational.py', reloading
[ 2023-07-30 16:20:55,289 ] 224 werkzeug - INFO -  * Detected change in 'C:\\Users\\papal\\anaconda3\\Lib\\site-packages\\sympy\\polys\\domains\\gmpyrationalfield.py', reloading
[ 2023-07-30 16:20:55,289 ] 224 werkzeug - INFO -  * Detected change in 'C:\\Users\\papal\\anaconda3\\Lib\\site-packages\\sympy\\polys\\domains\\algebraicfield.py', reloading
[ 2023-07-30 16:20:55,289 ] 224 werkzeug - INFO -  * Detected change in 'C:\\Users\\papal\\anaconda3\\Lib\\site-packages\\sympy\\polys\\domains\\polynomialring.py', reloading
[ 2023-07-30 16:20:55,289 ] 224 werkzeug - INFO -  * Detected change in 'C:\\Users\\papal\\anaconda3\\Lib\\site-packages\\sympy\\polys\\domains\\fractionfield.py', reloading
[ 2023-07-30 16:20:55,298 ] 224 werkzeug - INFO -  * Detected change in 'C:\\Users\\papal\\anaconda3\\Lib\\site-packages\\sympy\\polys\\domains\\expressiondomain.py', reloading
[ 2023-07-30 16:20:55,298 ] 224 werkzeug - INFO -  * Detected change in 'C:\\Users\\papal\\anaconda3\\Lib\\site-packages\\sympy\\polys\\domains\\gaussiandomains.py', reloading
[ 2023-07-30 16:20:55,298 ] 224 werkzeug - INFO -  * Detected change in 'C:\\Users\\papal\\anaconda3\\Lib\\site-packages\\sympy\\polys\\domains\\expressionrawdomain.py', reloading
[ 2023-07-30 16:20:55,298 ] 224 werkzeug - INFO -  * Detected change in 'C:\\Users\\papal\\anaconda3\\Lib\\site-packages\\sympy\\polys\\constructor.py', reloading
[ 2023-07-30 16:20:55,306 ] 224 werkzeug - INFO -  * Detected change in 'C:\\Users\\papal\\anaconda3\\Lib\\site-packages\\sympy\\polys\\specialpolys.py', reloading
[ 2023-07-30 16:20:55,306 ] 224 werkzeug - INFO -  * Detected change in 'C:\\Users\\papal\\anaconda3\\Lib\\site-packages\\sympy\\polys\\orthopolys.py', reloading
[ 2023-07-30 16:20:55,306 ] 224 werkzeug - INFO -  * Detected change in 'C:\\Users\\papal\\anaconda3\\Lib\\site-packages\\sympy\\polys\\partfrac.py', reloading
[ 2023-07-30 16:20:55,306 ] 224 werkzeug - INFO -  * Detected change in 'C:\\Users\\papal\\anaconda3\\Lib\\site-packages\\sympy\\polys\\polyoptions.py', reloading
[ 2023-07-30 16:20:55,314 ] 224 werkzeug - INFO -  * Detected change in 'C:\\Users\\papal\\anaconda3\\Lib\\site-packages\\sympy\\polys\\rings.py', reloading
[ 2023-07-30 16:20:55,322 ] 224 werkzeug - INFO -  * Detected change in 'C:\\Users\\papal\\anaconda3\\Lib\\site-packages\\sympy\\polys\\fields.py', reloading
[ 2023-07-30 16:20:55,322 ] 224 werkzeug - INFO -  * Detected change in 'C:\\Users\\papal\\anaconda3\\Lib\\site-packages\\sympy\\series\\__init__.py', reloading
[ 2023-07-30 16:20:55,322 ] 224 werkzeug - INFO -  * Detected change in 'C:\\Users\\papal\\anaconda3\\Lib\\site-packages\\sympy\\series\\order.py', reloading
[ 2023-07-30 16:20:55,331 ] 224 werkzeug - INFO -  * Detected change in 'C:\\Users\\papal\\anaconda3\\Lib\\site-packages\\sympy\\series\\limits.py', reloading
[ 2023-07-30 16:20:55,331 ] 224 werkzeug - INFO -  * Detected change in 'C:\\Users\\papal\\anaconda3\\Lib\\site-packages\\sympy\\series\\gruntz.py', reloading
[ 2023-07-30 16:20:55,339 ] 224 werkzeug - INFO -  * Detected change in 'C:\\Users\\papal\\anaconda3\\Lib\\site-packages\\sympy\\series\\approximants.py', reloading
[ 2023-07-30 16:20:55,339 ] 224 werkzeug - INFO -  * Detected change in 'C:\\Users\\papal\\anaconda3\\Lib\\site-packages\\sympy\\series\\residues.py', reloading
[ 2023-07-30 16:20:55,339 ] 224 werkzeug - INFO -  * Detected change in 'C:\\Users\\papal\\anaconda3\\Lib\\site-packages\\sympy\\series\\sequences.py', reloading
[ 2023-07-30 16:20:55,348 ] 224 werkzeug - INFO -  * Detected change in 'C:\\Users\\papal\\anaconda3\\Lib\\site-packages\\sympy\\series\\fourier.py', reloading
[ 2023-07-30 16:20:55,348 ] 224 werkzeug - INFO -  * Detected change in 'C:\\Users\\papal\\anaconda3\\Lib\\site-packages\\sympy\\series\\formal.py', reloading
[ 2023-07-30 16:20:55,355 ] 224 werkzeug - INFO -  * Detected change in 'C:\\Users\\papal\\anaconda3\\Lib\\site-packages\\sympy\\series\\limitseq.py', reloading
[ 2023-07-30 16:20:55,355 ] 224 werkzeug - INFO -  * Detected change in 'C:\\Users\\papal\\anaconda3\\Lib\\site-packages\\sympy\\functions\\__init__.py', reloading
[ 2023-07-30 16:20:55,364 ] 224 werkzeug - INFO -  * Detected change in 'C:\\Users\\papal\\anaconda3\\Lib\\site-packages\\sympy\\functions\\combinatorial\\factorials.py', reloading
[ 2023-07-30 16:20:55,372 ] 224 werkzeug - INFO -  * Detected change in 'C:\\Users\\papal\\anaconda3\\Lib\\site-packages\\sympy\\functions\\combinatorial\\numbers.py', reloading
[ 2023-07-30 16:20:55,380 ] 224 werkzeug - INFO -  * Detected change in 'C:\\Users\\papal\\anaconda3\\Lib\\site-packages\\sympy\\functions\\elementary\\miscellaneous.py', reloading
[ 2023-07-30 16:20:55,380 ] 224 werkzeug - INFO -  * Detected change in 'C:\\Users\\papal\\anaconda3\\Lib\\site-packages\\sympy\\functions\\elementary\\complexes.py', reloading
[ 2023-07-30 16:20:55,389 ] 224 werkzeug - INFO -  * Detected change in 'C:\\Users\\papal\\anaconda3\\Lib\\site-packages\\sympy\\functions\\elementary\\trigonometric.py', reloading
[ 2023-07-30 16:20:55,397 ] 224 werkzeug - INFO -  * Detected change in 'C:\\Users\\papal\\anaconda3\\Lib\\site-packages\\sympy\\functions\\elementary\\exponential.py', reloading
[ 2023-07-30 16:20:55,405 ] 224 werkzeug - INFO -  * Detected change in 'C:\\Users\\papal\\anaconda3\\Lib\\site-packages\\sympy\\functions\\elementary\\hyperbolic.py', reloading
[ 2023-07-30 16:20:55,414 ] 224 werkzeug - INFO -  * Detected change in 'C:\\Users\\papal\\anaconda3\\Lib\\site-packages\\sympy\\functions\\elementary\\integers.py', reloading
[ 2023-07-30 16:20:55,422 ] 224 werkzeug - INFO -  * Detected change in 'C:\\Users\\papal\\anaconda3\\Lib\\site-packages\\sympy\\functions\\elementary\\piecewise.py', reloading
[ 2023-07-30 16:20:55,430 ] 224 werkzeug - INFO -  * Detected change in 'C:\\Users\\papal\\anaconda3\\Lib\\site-packages\\sympy\\functions\\special\\error_functions.py', reloading
[ 2023-07-30 16:20:55,438 ] 224 werkzeug - INFO -  * Detected change in 'C:\\Users\\papal\\anaconda3\\Lib\\site-packages\\sympy\\functions\\special\\gamma_functions.py', reloading
[ 2023-07-30 16:20:55,447 ] 224 werkzeug - INFO -  * Detected change in 'C:\\Users\\papal\\anaconda3\\Lib\\site-packages\\sympy\\functions\\special\\zeta_functions.py', reloading
[ 2023-07-30 16:20:55,447 ] 224 werkzeug - INFO -  * Detected change in 'C:\\Users\\papal\\anaconda3\\Lib\\site-packages\\sympy\\functions\\special\\tensor_functions.py', reloading
[ 2023-07-30 16:20:55,447 ] 224 werkzeug - INFO -  * Detected change in 'C:\\Users\\papal\\anaconda3\\Lib\\site-packages\\sympy\\functions\\special\\singularity_functions.py', reloading
[ 2023-07-30 16:20:55,447 ] 224 werkzeug - INFO -  * Detected change in 'C:\\Users\\papal\\anaconda3\\Lib\\site-packages\\sympy\\functions\\special\\delta_functions.py', reloading
[ 2023-07-30 16:20:55,447 ] 224 werkzeug - INFO -  * Detected change in 'C:\\Users\\papal\\anaconda3\\Lib\\site-packages\\sympy\\functions\\special\\bsplines.py', reloading
[ 2023-07-30 16:20:55,455 ] 224 werkzeug - INFO -  * Detected change in 'C:\\Users\\papal\\anaconda3\\Lib\\site-packages\\sympy\\functions\\special\\bessel.py', reloading
[ 2023-07-30 16:20:55,455 ] 224 werkzeug - INFO -  * Detected change in 'C:\\Users\\papal\\anaconda3\\Lib\\site-packages\\sympy\\functions\\special\\hyper.py', reloading
[ 2023-07-30 16:20:55,463 ] 224 werkzeug - INFO -  * Detected change in 'C:\\Users\\papal\\anaconda3\\Lib\\site-packages\\sympy\\functions\\special\\polynomials.py', reloading
[ 2023-07-30 16:20:55,463 ] 224 werkzeug - INFO -  * Detected change in 'C:\\Users\\papal\\anaconda3\\Lib\\site-packages\\sympy\\functions\\special\\spherical_harmonics.py', reloading
[ 2023-07-30 16:20:55,463 ] 224 werkzeug - INFO -  * Detected change in 'C:\\Users\\papal\\anaconda3\\Lib\\site-packages\\sympy\\functions\\special\\elliptic_integrals.py', reloading
[ 2023-07-30 16:20:55,463 ] 224 werkzeug - INFO -  * Detected change in 'C:\\Users\\papal\\anaconda3\\Lib\\site-packages\\sympy\\functions\\special\\beta_functions.py', reloading
[ 2023-07-30 16:20:55,471 ] 224 werkzeug - INFO -  * Detected change in 'C:\\Users\\papal\\anaconda3\\Lib\\site-packages\\sympy\\functions\\special\\mathieu_functions.py', reloading
[ 2023-07-30 16:20:55,471 ] 224 werkzeug - INFO -  * Detected change in 'C:\\Users\\papal\\anaconda3\\Lib\\site-packages\\sympy\\ntheory\\__init__.py', reloading
[ 2023-07-30 16:20:55,471 ] 224 werkzeug - INFO -  * Detected change in 'C:\\Users\\papal\\anaconda3\\Lib\\site-packages\\sympy\\ntheory\\generate.py', reloading
[ 2023-07-30 16:20:55,471 ] 224 werkzeug - INFO -  * Detected change in 'C:\\Users\\papal\\anaconda3\\Lib\\site-packages\\sympy\\ntheory\\primetest.py', reloading
[ 2023-07-30 16:20:55,471 ] 224 werkzeug - INFO -  * Detected change in 'C:\\Users\\papal\\anaconda3\\Lib\\site-packages\\sympy\\ntheory\\factor_.py', reloading
[ 2023-07-30 16:20:55,480 ] 224 werkzeug - INFO -  * Detected change in 'C:\\Users\\papal\\anaconda3\\Lib\\site-packages\\sympy\\ntheory\\partitions_.py', reloading
[ 2023-07-30 16:20:55,480 ] 224 werkzeug - INFO -  * Detected change in 'C:\\Users\\papal\\anaconda3\\Lib\\site-packages\\sympy\\ntheory\\residue_ntheory.py', reloading
[ 2023-07-30 16:20:55,488 ] 224 werkzeug - INFO -  * Detected change in 'C:\\Users\\papal\\anaconda3\\Lib\\site-packages\\sympy\\ntheory\\multinomial.py', reloading
[ 2023-07-30 16:20:55,488 ] 224 werkzeug - INFO -  * Detected change in 'C:\\Users\\papal\\anaconda3\\Lib\\site-packages\\sympy\\ntheory\\continued_fraction.py', reloading
[ 2023-07-30 16:20:55,496 ] 224 werkzeug - INFO -  * Detected change in 'C:\\Users\\papal\\anaconda3\\Lib\\site-packages\\sympy\\ntheory\\egyptian_fraction.py', reloading
[ 2023-07-30 16:20:55,496 ] 224 werkzeug - INFO -  * Detected change in 'C:\\Users\\papal\\anaconda3\\Lib\\site-packages\\sympy\\concrete\\__init__.py', reloading
[ 2023-07-30 16:20:55,496 ] 224 werkzeug - INFO -  * Detected change in 'C:\\Users\\papal\\anaconda3\\Lib\\site-packages\\sympy\\concrete\\products.py', reloading
[ 2023-07-30 16:20:55,496 ] 224 werkzeug - INFO -  * Detected change in 'C:\\Users\\papal\\anaconda3\\Lib\\site-packages\\sympy\\concrete\\summations.py', reloading
[ 2023-07-30 16:20:55,505 ] 224 werkzeug - INFO -  * Detected change in 'C:\\Users\\papal\\anaconda3\\Lib\\site-packages\\sympy\\discrete\\__init__.py', reloading
[ 2023-07-30 16:20:55,505 ] 224 werkzeug - INFO -  * Detected change in 'C:\\Users\\papal\\anaconda3\\Lib\\site-packages\\sympy\\discrete\\transforms.py', reloading
[ 2023-07-30 16:20:55,505 ] 224 werkzeug - INFO -  * Detected change in 'C:\\Users\\papal\\anaconda3\\Lib\\site-packages\\sympy\\discrete\\convolutions.py', reloading
[ 2023-07-30 16:20:55,505 ] 224 werkzeug - INFO -  * Detected change in 'C:\\Users\\papal\\anaconda3\\Lib\\site-packages\\sympy\\simplify\\__init__.py', reloading
[ 2023-07-30 16:20:55,513 ] 224 werkzeug - INFO -  * Detected change in 'C:\\Users\\papal\\anaconda3\\Lib\\site-packages\\sympy\\simplify\\simplify.py', reloading
[ 2023-07-30 16:20:55,521 ] 224 werkzeug - INFO -  * Detected change in 'C:\\Users\\papal\\anaconda3\\Lib\\site-packages\\sympy\\simplify\\fu.py', reloading
[ 2023-07-30 16:20:55,529 ] 224 werkzeug - INFO -  * Detected change in 'C:\\Users\\papal\\anaconda3\\Lib\\site-packages\\sympy\\simplify\\sqrtdenest.py', reloading
[ 2023-07-30 16:20:55,538 ] 224 werkzeug - INFO -  * Detected change in 'C:\\Users\\papal\\anaconda3\\Lib\\site-packages\\sympy\\simplify\\cse_main.py', reloading
[ 2023-07-30 16:20:55,538 ] 224 werkzeug - INFO -  * Detected change in 'C:\\Users\\papal\\anaconda3\\Lib\\site-packages\\sympy\\simplify\\epathtools.py', reloading
[ 2023-07-30 16:20:55,538 ] 224 werkzeug - INFO -  * Detected change in 'C:\\Users\\papal\\anaconda3\\Lib\\site-packages\\sympy\\simplify\\hyperexpand.py', reloading
[ 2023-07-30 16:20:55,545 ] 224 werkzeug - INFO -  * Detected change in 'C:\\Users\\papal\\anaconda3\\Lib\\site-packages\\sympy\\simplify\\radsimp.py', reloading
[ 2023-07-30 16:20:55,554 ] 224 werkzeug - INFO -  * Detected change in 'C:\\Users\\papal\\anaconda3\\Lib\\site-packages\\sympy\\simplify\\trigsimp.py', reloading
[ 2023-07-30 16:20:55,554 ] 224 werkzeug - INFO -  * Detected change in 'C:\\Users\\papal\\anaconda3\\Lib\\site-packages\\sympy\\simplify\\powsimp.py', reloading
[ 2023-07-30 16:20:55,562 ] 224 werkzeug - INFO -  * Detected change in 'C:\\Users\\papal\\anaconda3\\Lib\\site-packages\\sympy\\simplify\\combsimp.py', reloading
[ 2023-07-30 16:20:55,562 ] 224 werkzeug - INFO -  * Detected change in 'C:\\Users\\papal\\anaconda3\\Lib\\site-packages\\sympy\\simplify\\gammasimp.py', reloading
[ 2023-07-30 16:20:55,562 ] 224 werkzeug - INFO -  * Detected change in 'C:\\Users\\papal\\anaconda3\\Lib\\site-packages\\sympy\\simplify\\ratsimp.py', reloading
[ 2023-07-30 16:20:55,562 ] 224 werkzeug - INFO -  * Detected change in 'C:\\Users\\papal\\anaconda3\\Lib\\site-packages\\sympy\\sets\\__init__.py', reloading
[ 2023-07-30 16:20:55,570 ] 224 werkzeug - INFO -  * Detected change in 'C:\\Users\\papal\\anaconda3\\Lib\\site-packages\\sympy\\sets\\sets.py', reloading
[ 2023-07-30 16:20:55,571 ] 224 werkzeug - INFO -  * Detected change in 'C:\\Users\\papal\\anaconda3\\Lib\\site-packages\\sympy\\sets\\fancysets.py', reloading
[ 2023-07-30 16:20:55,571 ] 224 werkzeug - INFO -  * Detected change in 'C:\\Users\\papal\\anaconda3\\Lib\\site-packages\\sympy\\sets\\contains.py', reloading
[ 2023-07-30 16:20:55,579 ] 224 werkzeug - INFO -  * Detected change in 'C:\\Users\\papal\\anaconda3\\Lib\\site-packages\\sympy\\sets\\conditionset.py', reloading
[ 2023-07-30 16:20:55,579 ] 224 werkzeug - INFO -  * Detected change in 'C:\\Users\\papal\\anaconda3\\Lib\\site-packages\\sympy\\sets\\ordinals.py', reloading
[ 2023-07-30 16:20:55,579 ] 224 werkzeug - INFO -  * Detected change in 'C:\\Users\\papal\\anaconda3\\Lib\\site-packages\\sympy\\sets\\powerset.py', reloading
[ 2023-07-30 16:20:55,579 ] 224 werkzeug - INFO -  * Detected change in 'C:\\Users\\papal\\anaconda3\\Lib\\site-packages\\sympy\\solvers\\__init__.py', reloading
[ 2023-07-30 16:20:55,579 ] 224 werkzeug - INFO -  * Detected change in 'C:\\Users\\papal\\anaconda3\\Lib\\site-packages\\sympy\\solvers\\solvers.py', reloading
[ 2023-07-30 16:20:55,595 ] 224 werkzeug - INFO -  * Detected change in 'C:\\Users\\papal\\anaconda3\\Lib\\site-packages\\sympy\\core\\assumptions.py', reloading
[ 2023-07-30 16:20:55,595 ] 224 werkzeug - INFO -  * Detected change in 'C:\\Users\\papal\\anaconda3\\Lib\\site-packages\\sympy\\solvers\\diophantine\\__init__.py', reloading
[ 2023-07-30 16:20:55,595 ] 224 werkzeug - INFO -  * Detected change in 'C:\\Users\\papal\\anaconda3\\Lib\\site-packages\\sympy\\solvers\\diophantine\\diophantine.py', reloading
[ 2023-07-30 16:20:55,604 ] 224 werkzeug - INFO -  * Detected change in 'C:\\Users\\papal\\anaconda3\\Lib\\site-packages\\sympy\\solvers\\recurr.py', reloading
[ 2023-07-30 16:20:55,612 ] 224 werkzeug - INFO -  * Detected change in 'C:\\Users\\papal\\anaconda3\\Lib\\site-packages\\sympy\\solvers\\ode\\__init__.py', reloading
[ 2023-07-30 16:20:55,612 ] 224 werkzeug - INFO -  * Detected change in 'C:\\Users\\papal\\anaconda3\\Lib\\site-packages\\sympy\\solvers\\ode\\subscheck.py', reloading
[ 2023-07-30 16:20:55,612 ] 224 werkzeug - INFO -  * Detected change in 'C:\\Users\\papal\\anaconda3\\Lib\\site-packages\\sympy\\solvers\\ode\\ode.py', reloading
[ 2023-07-30 16:20:55,628 ] 224 werkzeug - INFO -  * Detected change in 'C:\\Users\\papal\\anaconda3\\Lib\\site-packages\\sympy\\solvers\\polysys.py', reloading
[ 2023-07-30 16:20:55,628 ] 224 werkzeug - INFO -  * Detected change in 'C:\\Users\\papal\\anaconda3\\Lib\\site-packages\\sympy\\solvers\\pde.py', reloading
[ 2023-07-30 16:20:55,628 ] 224 werkzeug - INFO -  * Detected change in 'C:\\Users\\papal\\anaconda3\\Lib\\site-packages\\sympy\\solvers\\deutils.py', reloading
[ 2023-07-30 16:20:55,628 ] 224 werkzeug - INFO -  * Detected change in 'C:\\Users\\papal\\anaconda3\\Lib\\site-packages\\sympy\\solvers\\inequalities.py', reloading
[ 2023-07-30 16:20:55,637 ] 224 werkzeug - INFO -  * Detected change in 'C:\\Users\\papal\\anaconda3\\Lib\\site-packages\\sympy\\solvers\\decompogen.py', reloading
[ 2023-07-30 16:20:55,637 ] 224 werkzeug - INFO -  * Detected change in 'C:\\Users\\papal\\anaconda3\\Lib\\site-packages\\sympy\\solvers\\solveset.py', reloading
[ 2023-07-30 16:20:55,645 ] 224 werkzeug - INFO -  * Detected change in 'C:\\Users\\papal\\anaconda3\\Lib\\site-packages\\sympy\\matrices\\__init__.py', reloading
[ 2023-07-30 16:20:55,645 ] 224 werkzeug - INFO -  * Detected change in 'C:\\Users\\papal\\anaconda3\\Lib\\site-packages\\sympy\\matrices\\common.py', reloading
[ 2023-07-30 16:20:55,654 ] 224 werkzeug - INFO -  * Detected change in 'C:\\Users\\papal\\anaconda3\\Lib\\site-packages\\sympy\\matrices\\dense.py', reloading
[ 2023-07-30 16:20:55,654 ] 224 werkzeug - INFO -  * Detected change in 'C:\\Users\\papal\\anaconda3\\Lib\\site-packages\\sympy\\matrices\\matrices.py', reloading
[ 2023-07-30 16:20:55,662 ] 224 werkzeug - INFO -  * Detected change in 'C:\\Users\\papal\\anaconda3\\Lib\\site-packages\\sympy\\matrices\\sparse.py', reloading
[ 2023-07-30 16:20:55,662 ] 224 werkzeug - INFO -  * Detected change in 'C:\\Users\\papal\\anaconda3\\Lib\\site-packages\\sympy\\matrices\\sparsetools.py', reloading
[ 2023-07-30 16:20:55,670 ] 224 werkzeug - INFO -  * Detected change in 'C:\\Users\\papal\\anaconda3\\Lib\\site-packages\\sympy\\matrices\\immutable.py', reloading
[ 2023-07-30 16:20:55,670 ] 224 werkzeug - INFO -  * Detected change in 'C:\\Users\\papal\\anaconda3\\Lib\\site-packages\\sympy\\matrices\\expressions\\__init__.py', reloading
[ 2023-07-30 16:20:55,670 ] 224 werkzeug - INFO -  * Detected change in 'C:\\Users\\papal\\anaconda3\\Lib\\site-packages\\sympy\\matrices\\expressions\\slice.py', reloading
[ 2023-07-30 16:20:55,670 ] 224 werkzeug - INFO -  * Detected change in 'C:\\Users\\papal\\anaconda3\\Lib\\site-packages\\sympy\\matrices\\expressions\\blockmatrix.py', reloading
[ 2023-07-30 16:20:55,686 ] 224 werkzeug - INFO -  * Detected change in 'C:\\Users\\papal\\anaconda3\\Lib\\site-packages\\sympy\\matrices\\expressions\\funcmatrix.py', reloading
[ 2023-07-30 16:20:55,686 ] 224 werkzeug - INFO -  * Detected change in 'C:\\Users\\papal\\anaconda3\\Lib\\site-packages\\sympy\\matrices\\expressions\\special.py', reloading
[ 2023-07-30 16:20:55,695 ] 224 werkzeug - INFO -  * Detected change in 'C:\\Users\\papal\\anaconda3\\Lib\\site-packages\\sympy\\matrices\\expressions\\inverse.py', reloading
[ 2023-07-30 16:20:55,695 ] 224 werkzeug - INFO -  * Detected change in 'C:\\Users\\papal\\anaconda3\\Lib\\site-packages\\sympy\\matrices\\expressions\\matadd.py', reloading
[ 2023-07-30 16:20:55,695 ] 224 werkzeug - INFO -  * Detected change in 'C:\\Users\\papal\\anaconda3\\Lib\\site-packages\\sympy\\matrices\\expressions\\matmul.py', reloading
[ 2023-07-30 16:20:55,695 ] 224 werkzeug - INFO -  * Detected change in 'C:\\Users\\papal\\anaconda3\\Lib\\site-packages\\sympy\\matrices\\expressions\\matpow.py', reloading
[ 2023-07-30 16:20:55,695 ] 224 werkzeug - INFO -  * Detected change in 'C:\\Users\\papal\\anaconda3\\Lib\\site-packages\\sympy\\matrices\\expressions\\matexpr.py', reloading
[ 2023-07-30 16:20:55,703 ] 224 werkzeug - INFO -  * Detected change in 'C:\\Users\\papal\\anaconda3\\Lib\\site-packages\\sympy\\matrices\\expressions\\trace.py', reloading
[ 2023-07-30 16:20:55,703 ] 224 werkzeug - INFO -  * Detected change in 'C:\\Users\\papal\\anaconda3\\Lib\\site-packages\\sympy\\matrices\\expressions\\transpose.py', reloading
[ 2023-07-30 16:20:55,703 ] 224 werkzeug - INFO -  * Detected change in 'C:\\Users\\papal\\anaconda3\\Lib\\site-packages\\sympy\\matrices\\expressions\\adjoint.py', reloading
[ 2023-07-30 16:20:55,703 ] 224 werkzeug - INFO -  * Detected change in 'C:\\Users\\papal\\anaconda3\\Lib\\site-packages\\sympy\\matrices\\expressions\\hadamard.py', reloading
[ 2023-07-30 16:20:55,703 ] 224 werkzeug - INFO -  * Detected change in 'C:\\Users\\papal\\anaconda3\\Lib\\site-packages\\sympy\\matrices\\expressions\\determinant.py', reloading
[ 2023-07-30 16:20:55,703 ] 224 werkzeug - INFO -  * Detected change in 'C:\\Users\\papal\\anaconda3\\Lib\\site-packages\\sympy\\matrices\\expressions\\diagonal.py', reloading
[ 2023-07-30 16:20:55,703 ] 224 werkzeug - INFO -  * Detected change in 'C:\\Users\\papal\\anaconda3\\Lib\\site-packages\\sympy\\matrices\\expressions\\dotproduct.py', reloading
[ 2023-07-30 16:20:55,711 ] 224 werkzeug - INFO -  * Detected change in 'C:\\Users\\papal\\anaconda3\\Lib\\site-packages\\sympy\\matrices\\expressions\\kronecker.py', reloading
[ 2023-07-30 16:20:55,711 ] 224 werkzeug - INFO -  * Detected change in 'C:\\Users\\papal\\anaconda3\\Lib\\site-packages\\sympy\\matrices\\expressions\\permutation.py', reloading
[ 2023-07-30 16:20:55,711 ] 224 werkzeug - INFO -  * Detected change in 'C:\\Users\\papal\\anaconda3\\Lib\\site-packages\\sympy\\geometry\\__init__.py', reloading
[ 2023-07-30 16:20:55,720 ] 224 werkzeug - INFO -  * Detected change in 'C:\\Users\\papal\\anaconda3\\Lib\\site-packages\\sympy\\geometry\\point.py', reloading
[ 2023-07-30 16:20:55,720 ] 224 werkzeug - INFO -  * Detected change in 'C:\\Users\\papal\\anaconda3\\Lib\\site-packages\\sympy\\geometry\\line.py', reloading
[ 2023-07-30 16:20:55,728 ] 224 werkzeug - INFO -  * Detected change in 'C:\\Users\\papal\\anaconda3\\Lib\\site-packages\\sympy\\geometry\\plane.py', reloading
[ 2023-07-30 16:20:55,728 ] 224 werkzeug - INFO -  * Detected change in 'C:\\Users\\papal\\anaconda3\\Lib\\site-packages\\sympy\\geometry\\ellipse.py', reloading
[ 2023-07-30 16:20:55,728 ] 224 werkzeug - INFO -  * Detected change in 'C:\\Users\\papal\\anaconda3\\Lib\\site-packages\\sympy\\geometry\\polygon.py', reloading
[ 2023-07-30 16:20:55,737 ] 224 werkzeug - INFO -  * Detected change in 'C:\\Users\\papal\\anaconda3\\Lib\\site-packages\\sympy\\geometry\\util.py', reloading
[ 2023-07-30 16:20:55,737 ] 224 werkzeug - INFO -  * Detected change in 'C:\\Users\\papal\\anaconda3\\Lib\\site-packages\\sympy\\geometry\\exceptions.py', reloading
[ 2023-07-30 16:20:55,737 ] 224 werkzeug - INFO -  * Detected change in 'C:\\Users\\papal\\anaconda3\\Lib\\site-packages\\sympy\\geometry\\curve.py', reloading
[ 2023-07-30 16:20:55,744 ] 224 werkzeug - INFO -  * Detected change in 'C:\\Users\\papal\\anaconda3\\Lib\\site-packages\\sympy\\geometry\\parabola.py', reloading
[ 2023-07-30 16:20:55,744 ] 224 werkzeug - INFO -  * Detected change in 'C:\\Users\\papal\\anaconda3\\Lib\\site-packages\\sympy\\utilities\\__init__.py', reloading
[ 2023-07-30 16:20:55,744 ] 224 werkzeug - INFO -  * Detected change in 'C:\\Users\\papal\\anaconda3\\Lib\\site-packages\\sympy\\utilities\\iterables.py', reloading
[ 2023-07-30 16:20:55,753 ] 224 werkzeug - INFO -  * Detected change in 'C:\\Users\\papal\\anaconda3\\Lib\\site-packages\\sympy\\utilities\\misc.py', reloading
[ 2023-07-30 16:20:55,753 ] 224 werkzeug - INFO -  * Detected change in 'C:\\Users\\papal\\anaconda3\\Lib\\site-packages\\sympy\\utilities\\lambdify.py', reloading
[ 2023-07-30 16:20:55,762 ] 224 werkzeug - INFO -  * Detected change in 'C:\\Users\\papal\\anaconda3\\Lib\\site-packages\\sympy\\utilities\\source.py', reloading
[ 2023-07-30 16:20:55,762 ] 224 werkzeug - INFO -  * Detected change in 'C:\\Users\\papal\\anaconda3\\Lib\\site-packages\\sympy\\utilities\\decorator.py', reloading
[ 2023-07-30 16:20:55,762 ] 224 werkzeug - INFO -  * Detected change in 'C:\\Users\\papal\\anaconda3\\Lib\\site-packages\\sympy\\utilities\\timeutils.py', reloading
[ 2023-07-30 16:20:55,769 ] 224 werkzeug - INFO -  * Detected change in 'C:\\Users\\papal\\anaconda3\\Lib\\site-packages\\sympy\\integrals\\__init__.py', reloading
[ 2023-07-30 16:20:55,770 ] 224 werkzeug - INFO -  * Detected change in 'C:\\Users\\papal\\anaconda3\\Lib\\site-packages\\sympy\\integrals\\integrals.py', reloading
[ 2023-07-30 16:20:55,770 ] 224 werkzeug - INFO -  * Detected change in 'C:\\Users\\papal\\anaconda3\\Lib\\site-packages\\sympy\\integrals\\transforms.py', reloading
[ 2023-07-30 16:20:55,786 ] 224 werkzeug - INFO -  * Detected change in 'C:\\Users\\papal\\anaconda3\\Lib\\site-packages\\sympy\\integrals\\singularityfunctions.py', reloading
[ 2023-07-30 16:20:55,786 ] 224 werkzeug - INFO -  * Detected change in 'C:\\Users\\papal\\anaconda3\\Lib\\site-packages\\sympy\\tensor\\__init__.py', reloading
[ 2023-07-30 16:20:55,786 ] 224 werkzeug - INFO -  * Detected change in 'C:\\Users\\papal\\anaconda3\\Lib\\site-packages\\sympy\\tensor\\indexed.py', reloading
[ 2023-07-30 16:20:55,786 ] 224 werkzeug - INFO -  * Detected change in 'C:\\Users\\papal\\anaconda3\\Lib\\site-packages\\sympy\\tensor\\index_methods.py', reloading
[ 2023-07-30 16:20:55,786 ] 224 werkzeug - INFO -  * Detected change in 'C:\\Users\\papal\\anaconda3\\Lib\\site-packages\\sympy\\tensor\\functions.py', reloading
[ 2023-07-30 16:20:55,786 ] 224 werkzeug - INFO -  * Detected change in 'C:\\Users\\papal\\anaconda3\\Lib\\site-packages\\sympy\\tensor\\array\\__init__.py', reloading
[ 2023-07-30 16:20:55,786 ] 224 werkzeug - INFO -  * Detected change in 'C:\\Users\\papal\\anaconda3\\Lib\\site-packages\\sympy\\tensor\\array\\dense_ndim_array.py', reloading
[ 2023-07-30 16:20:55,795 ] 224 werkzeug - INFO -  * Detected change in 'C:\\Users\\papal\\anaconda3\\Lib\\site-packages\\sympy\\tensor\\array\\sparse_ndim_array.py', reloading
[ 2023-07-30 16:20:55,795 ] 224 werkzeug - INFO -  * Detected change in 'C:\\Users\\papal\\anaconda3\\Lib\\site-packages\\sympy\\tensor\\array\\ndim_array.py', reloading
[ 2023-07-30 16:20:55,795 ] 224 werkzeug - INFO -  * Detected change in 'C:\\Users\\papal\\anaconda3\\Lib\\site-packages\\sympy\\tensor\\array\\arrayop.py', reloading
[ 2023-07-30 16:20:55,803 ] 224 werkzeug - INFO -  * Detected change in 'C:\\Users\\papal\\anaconda3\\Lib\\site-packages\\sympy\\parsing\\__init__.py', reloading
[ 2023-07-30 16:20:55,803 ] 224 werkzeug - INFO -  * Detected change in 'C:\\Users\\papal\\anaconda3\\Lib\\site-packages\\sympy\\parsing\\sympy_parser.py', reloading
[ 2023-07-30 16:20:55,803 ] 224 werkzeug - INFO -  * Detected change in 'C:\\Users\\papal\\anaconda3\\Lib\\site-packages\\sympy\\calculus\\__init__.py', reloading
[ 2023-07-30 16:20:55,803 ] 224 werkzeug - INFO -  * Detected change in 'C:\\Users\\papal\\anaconda3\\Lib\\site-packages\\sympy\\calculus\\euler.py', reloading
[ 2023-07-30 16:20:55,811 ] 224 werkzeug - INFO -  * Detected change in 'C:\\Users\\papal\\anaconda3\\Lib\\site-packages\\sympy\\calculus\\singularities.py', reloading
[ 2023-07-30 16:20:55,811 ] 224 werkzeug - INFO -  * Detected change in 'C:\\Users\\papal\\anaconda3\\Lib\\site-packages\\sympy\\calculus\\finite_diff.py', reloading
[ 2023-07-30 16:20:55,811 ] 224 werkzeug - INFO -  * Detected change in 'C:\\Users\\papal\\anaconda3\\Lib\\site-packages\\sympy\\calculus\\util.py', reloading
[ 2023-07-30 16:20:55,819 ] 224 werkzeug - INFO -  * Detected change in 'C:\\Users\\papal\\anaconda3\\Lib\\site-packages\\sympy\\calculus\\accumulationbounds.py', reloading
[ 2023-07-30 16:20:55,819 ] 224 werkzeug - INFO -  * Detected change in 'C:\\Users\\papal\\anaconda3\\Lib\\site-packages\\sympy\\algebras\\__init__.py', reloading
[ 2023-07-30 16:20:55,819 ] 224 werkzeug - INFO -  * Detected change in 'C:\\Users\\papal\\anaconda3\\Lib\\site-packages\\sympy\\algebras\\quaternion.py', reloading
[ 2023-07-30 16:20:55,819 ] 224 werkzeug - INFO -  * Detected change in 'C:\\Users\\papal\\anaconda3\\Lib\\site-packages\\sympy\\printing\\__init__.py', reloading
[ 2023-07-30 16:20:55,828 ] 224 werkzeug - INFO -  * Detected change in 'C:\\Users\\papal\\anaconda3\\Lib\\site-packages\\sympy\\printing\\pretty\\__init__.py', reloading
[ 2023-07-30 16:20:55,828 ] 224 werkzeug - INFO -  * Detected change in 'C:\\Users\\papal\\anaconda3\\Lib\\site-packages\\sympy\\printing\\pretty\\pretty.py', reloading
[ 2023-07-30 16:20:55,836 ] 224 werkzeug - INFO -  * Detected change in 'C:\\Users\\papal\\anaconda3\\Lib\\site-packages\\sympy\\printing\\latex.py', reloading
[ 2023-07-30 16:20:55,853 ] 224 werkzeug - INFO -  * Detected change in 'C:\\Users\\papal\\anaconda3\\Lib\\site-packages\\sympy\\printing\\mathml.py', reloading
[ 2023-07-30 16:20:55,853 ] 224 werkzeug - INFO -  * Detected change in 'C:\\Users\\papal\\anaconda3\\Lib\\site-packages\\sympy\\printing\\python.py', reloading
[ 2023-07-30 16:20:55,861 ] 224 werkzeug - INFO -  * Detected change in 'C:\\Users\\papal\\anaconda3\\Lib\\site-packages\\sympy\\printing\\pycode.py', reloading
[ 2023-07-30 16:20:55,861 ] 224 werkzeug - INFO -  * Detected change in 'C:\\Users\\papal\\anaconda3\\Lib\\site-packages\\sympy\\printing\\codeprinter.py', reloading
[ 2023-07-30 16:20:55,861 ] 224 werkzeug - INFO -  * Detected change in 'C:\\Users\\papal\\anaconda3\\Lib\\site-packages\\sympy\\printing\\glsl.py', reloading
[ 2023-07-30 16:20:55,870 ] 224 werkzeug - INFO -  * Detected change in 'C:\\Users\\papal\\anaconda3\\Lib\\site-packages\\sympy\\printing\\rcode.py', reloading
[ 2023-07-30 16:20:55,870 ] 224 werkzeug - INFO -  * Detected change in 'C:\\Users\\papal\\anaconda3\\Lib\\site-packages\\sympy\\printing\\jscode.py', reloading
[ 2023-07-30 16:20:55,873 ] 224 werkzeug - INFO -  * Detected change in 'C:\\Users\\papal\\anaconda3\\Lib\\site-packages\\sympy\\printing\\julia.py', reloading
