[ 2023-07-30 11:43:41,843 ] 224 werkzeug - WARNING -  * Debugger is active!
[ 2023-07-30 11:43:41,843 ] 224 werkzeug - INFO -  * Debugger PIN: 117-428-366
[ 2023-07-30 11:43:41,859 ] 224 werkzeug - INFO -  * Detected change in 'd:\\IMP Folder\\1 On Goning Project\\Campus Placement Prediction\\ProjectOnging\\venv\\Lib\\site-packages\\pip\\_internal\\distributions\\wheel.py', reloading
[ 2023-07-30 11:43:41,859 ] 224 werkzeug - INFO -  * Detected change in 'd:\\IMP Folder\\1 On Goning Project\\Campus Placement Prediction\\ProjectOnging\\venv\\Lib\\site-packages\\pip\\_internal\\index\\__init__.py', reloading
[ 2023-07-30 11:43:41,875 ] 224 werkzeug - INFO -  * Detected change in 'd:\\IMP Folder\\1 On Goning Project\\Campus Placement Prediction\\ProjectOnging\\venv\\Lib\\site-packages\\pip\\_internal\\index\\collector.py', reloading
[ 2023-07-30 11:43:41,890 ] 224 werkzeug - INFO -  * Detected change in 'd:\\IMP Folder\\1 On Goning Project\\Campus Placement Prediction\\ProjectOnging\\venv\\Lib\\site-packages\\pip\\_internal\\index\\package_finder.py', reloading
[ 2023-07-30 11:43:41,921 ] 224 werkzeug - INFO -  * Detected change in 'd:\\IMP Folder\\1 On Goning Project\\Campus Placement Prediction\\ProjectOnging\\venv\\Lib\\site-packages\\pip\\_internal\\index\\sources.py', reloading
[ 2023-07-30 11:43:41,939 ] 224 werkzeug - INFO -  * Detected change in 'd:\\IMP Folder\\1 On Goning Project\\Campus Placement Prediction\\ProjectOnging\\venv\\Lib\\site-packages\\pip\\_internal\\locations\\__init__.py', reloading
[ 2023-07-30 11:43:41,956 ] 224 werkzeug - INFO -  * Detected change in 'd:\\IMP Folder\\1 On Goning Project\\Campus Placement Prediction\\ProjectOnging\\venv\\Lib\\site-packages\\pip\\_internal\\locations\\_distutils.py', reloading
[ 2023-07-30 11:43:41,972 ] 224 werkzeug - INFO -  * Detected change in 'd:\\IMP Folder\\1 On Goning Project\\Campus Placement Prediction\\ProjectOnging\\venv\\Lib\\site-packages\\pip\\_internal\\locations\\_sysconfig.py', reloading
[ 2023-07-30 11:43:41,972 ] 224 werkzeug - INFO -  * Detected change in 'd:\\IMP Folder\\1 On Goning Project\\Campus Placement Prediction\\ProjectOnging\\venv\\Lib\\site-packages\\pip\\_internal\\locations\\base.py', reloading
[ 2023-07-30 11:43:41,987 ] 224 werkzeug - INFO -  * Detected change in 'd:\\IMP Folder\\1 On Goning Project\\Campus Placement Prediction\\ProjectOnging\\venv\\Lib\\site-packages\\pip\\_internal\\metadata\\__init__.py', reloading
[ 2023-07-30 11:43:41,987 ] 224 werkzeug - INFO -  * Detected change in 'd:\\IMP Folder\\1 On Goning Project\\Campus Placement Prediction\\ProjectOnging\\venv\\Lib\\site-packages\\pip\\_internal\\metadata\\_json.py', reloading
[ 2023-07-30 11:43:42,003 ] 224 werkzeug - INFO -  * Detected change in 'd:\\IMP Folder\\1 On Goning Project\\Campus Placement Prediction\\ProjectOnging\\venv\\Lib\\site-packages\\pip\\_internal\\metadata\\base.py', reloading
[ 2023-07-30 11:43:42,019 ] 224 werkzeug - INFO -  * Detected change in 'd:\\IMP Folder\\1 On Goning Project\\Campus Placement Prediction\\ProjectOnging\\venv\\Lib\\site-packages\\pip\\_internal\\metadata\\pkg_resources.py', reloading
[ 2023-07-30 11:43:42,034 ] 224 werkzeug - INFO -  * Detected change in 'd:\\IMP Folder\\1 On Goning Project\\Campus Placement Prediction\\ProjectOnging\\venv\\Lib\\site-packages\\pip\\_internal\\metadata\\importlib\\__init__.py', reloading
[ 2023-07-30 11:43:42,050 ] 224 werkzeug - INFO -  * Detected change in 'd:\\IMP Folder\\1 On Goning Project\\Campus Placement Prediction\\ProjectOnging\\venv\\Lib\\site-packages\\pip\\_internal\\metadata\\importlib\\_compat.py', reloading
[ 2023-07-30 11:43:42,065 ] 224 werkzeug - INFO -  * Detected change in 'd:\\IMP Folder\\1 On Goning Project\\Campus Placement Prediction\\ProjectOnging\\venv\\Lib\\site-packages\\pip\\_internal\\metadata\\importlib\\_dists.py', reloading
[ 2023-07-30 11:43:42,065 ] 224 werkzeug - INFO -  * Detected change in 'd:\\IMP Folder\\1 On Goning Project\\Campus Placement Prediction\\ProjectOnging\\venv\\Lib\\site-packages\\pip\\_internal\\metadata\\importlib\\_envs.py', reloading
[ 2023-07-30 11:43:42,081 ] 224 werkzeug - INFO -  * Detected change in 'd:\\IMP Folder\\1 On Goning Project\\Campus Placement Prediction\\ProjectOnging\\venv\\Lib\\site-packages\\pip\\_internal\\models\\__init__.py', reloading
[ 2023-07-30 11:43:42,097 ] 224 werkzeug - INFO -  * Detected change in 'd:\\IMP Folder\\1 On Goning Project\\Campus Placement Prediction\\ProjectOnging\\venv\\Lib\\site-packages\\pip\\_internal\\models\\candidate.py', reloading
[ 2023-07-30 11:43:42,112 ] 224 werkzeug - INFO -  * Detected change in 'd:\\IMP Folder\\1 On Goning Project\\Campus Placement Prediction\\ProjectOnging\\venv\\Lib\\site-packages\\pip\\_internal\\models\\direct_url.py', reloading
[ 2023-07-30 11:43:42,128 ] 224 werkzeug - INFO -  * Detected change in 'd:\\IMP Folder\\1 On Goning Project\\Campus Placement Prediction\\ProjectOnging\\venv\\Lib\\site-packages\\pip\\_internal\\models\\format_control.py', reloading
[ 2023-07-30 11:43:42,128 ] 224 werkzeug - INFO -  * Detected change in 'd:\\IMP Folder\\1 On Goning Project\\Campus Placement Prediction\\ProjectOnging\\venv\\Lib\\site-packages\\pip\\_internal\\models\\index.py', reloading
[ 2023-07-30 11:43:42,144 ] 224 werkzeug - INFO -  * Detected change in 'd:\\IMP Folder\\1 On Goning Project\\Campus Placement Prediction\\ProjectOnging\\venv\\Lib\\site-packages\\pip\\_internal\\models\\installation_report.py', reloading
[ 2023-07-30 11:43:42,144 ] 224 werkzeug - INFO -  * Detected change in 'd:\\IMP Folder\\1 On Goning Project\\Campus Placement Prediction\\ProjectOnging\\venv\\Lib\\site-packages\\pip\\_internal\\models\\link.py', reloading
[ 2023-07-30 11:43:42,159 ] 224 werkzeug - INFO -  * Detected change in 'd:\\IMP Folder\\1 On Goning Project\\Campus Placement Prediction\\ProjectOnging\\venv\\Lib\\site-packages\\pip\\_internal\\models\\scheme.py', reloading
[ 2023-07-30 11:43:42,175 ] 224 werkzeug - INFO -  * Detected change in 'd:\\IMP Folder\\1 On Goning Project\\Campus Placement Prediction\\ProjectOnging\\venv\\Lib\\site-packages\\pip\\_internal\\models\\search_scope.py', reloading
[ 2023-07-30 11:43:42,175 ] 224 werkzeug - INFO -  * Detected change in 'd:\\IMP Folder\\1 On Goning Project\\Campus Placement Prediction\\ProjectOnging\\venv\\Lib\\site-packages\\pip\\_internal\\models\\selection_prefs.py', reloading
[ 2023-07-30 11:43:42,190 ] 224 werkzeug - INFO -  * Detected change in 'd:\\IMP Folder\\1 On Goning Project\\Campus Placement Prediction\\ProjectOnging\\venv\\Lib\\site-packages\\pip\\_internal\\models\\target_python.py', reloading
[ 2023-07-30 11:43:42,190 ] 224 werkzeug - INFO -  * Detected change in 'd:\\IMP Folder\\1 On Goning Project\\Campus Placement Prediction\\ProjectOnging\\venv\\Lib\\site-packages\\pip\\_internal\\models\\wheel.py', reloading
[ 2023-07-30 11:43:42,206 ] 224 werkzeug - INFO -  * Detected change in 'd:\\IMP Folder\\1 On Goning Project\\Campus Placement Prediction\\ProjectOnging\\venv\\Lib\\site-packages\\pip\\_internal\\network\\__init__.py', reloading
[ 2023-07-30 11:43:42,222 ] 224 werkzeug - INFO -  * Detected change in 'd:\\IMP Folder\\1 On Goning Project\\Campus Placement Prediction\\ProjectOnging\\venv\\Lib\\site-packages\\pip\\_internal\\network\\auth.py', reloading
[ 2023-07-30 11:43:42,237 ] 224 werkzeug - INFO -  * Detected change in 'd:\\IMP Folder\\1 On Goning Project\\Campus Placement Prediction\\ProjectOnging\\venv\\Lib\\site-packages\\pip\\_internal\\network\\cache.py', reloading
[ 2023-07-30 11:43:42,253 ] 224 werkzeug - INFO -  * Detected change in 'd:\\IMP Folder\\1 On Goning Project\\Campus Placement Prediction\\ProjectOnging\\venv\\Lib\\site-packages\\pip\\_internal\\network\\download.py', reloading
[ 2023-07-30 11:43:42,269 ] 224 werkzeug - INFO -  * Detected change in 'd:\\IMP Folder\\1 On Goning Project\\Campus Placement Prediction\\ProjectOnging\\venv\\Lib\\site-packages\\pip\\_internal\\network\\lazy_wheel.py', reloading
[ 2023-07-30 11:43:42,284 ] 224 werkzeug - INFO -  * Detected change in 'd:\\IMP Folder\\1 On Goning Project\\Campus Placement Prediction\\ProjectOnging\\venv\\Lib\\site-packages\\pip\\_internal\\network\\session.py', reloading
[ 2023-07-30 11:43:42,300 ] 224 werkzeug - INFO -  * Detected change in 'd:\\IMP Folder\\1 On Goning Project\\Campus Placement Prediction\\ProjectOnging\\venv\\Lib\\site-packages\\pip\\_internal\\network\\utils.py', reloading
[ 2023-07-30 11:43:42,315 ] 224 werkzeug - INFO -  * Detected change in 'd:\\IMP Folder\\1 On Goning Project\\Campus Placement Prediction\\ProjectOnging\\venv\\Lib\\site-packages\\pip\\_internal\\network\\xmlrpc.py', reloading
[ 2023-07-30 11:43:42,331 ] 224 werkzeug - INFO -  * Detected change in 'd:\\IMP Folder\\1 On Goning Project\\Campus Placement Prediction\\ProjectOnging\\venv\\Lib\\site-packages\\pip\\_internal\\operations\\check.py', reloading
[ 2023-07-30 11:43:42,347 ] 224 werkzeug - INFO -  * Detected change in 'd:\\IMP Folder\\1 On Goning Project\\Campus Placement Prediction\\ProjectOnging\\venv\\Lib\\site-packages\\pip\\_internal\\operations\\freeze.py', reloading
[ 2023-07-30 11:43:42,362 ] 224 werkzeug - INFO -  * Detected change in 'd:\\IMP Folder\\1 On Goning Project\\Campus Placement Prediction\\ProjectOnging\\venv\\Lib\\site-packages\\pip\\_internal\\operations\\prepare.py', reloading
[ 2023-07-30 11:43:42,394 ] 224 werkzeug - INFO -  * Detected change in 'd:\\IMP Folder\\1 On Goning Project\\Campus Placement Prediction\\ProjectOnging\\venv\\Lib\\site-packages\\pip\\_internal\\operations\\build\\build_tracker.py', reloading
[ 2023-07-30 11:43:42,394 ] 224 werkzeug - INFO -  * Detected change in 'd:\\IMP Folder\\1 On Goning Project\\Campus Placement Prediction\\ProjectOnging\\venv\\Lib\\site-packages\\pip\\_internal\\operations\\build\\metadata.py', reloading
[ 2023-07-30 11:43:42,409 ] 224 werkzeug - INFO -  * Detected change in 'd:\\IMP Folder\\1 On Goning Project\\Campus Placement Prediction\\ProjectOnging\\venv\\Lib\\site-packages\\pip\\_internal\\operations\\build\\metadata_editable.py', reloading
[ 2023-07-30 11:43:42,425 ] 224 werkzeug - INFO -  * Detected change in 'd:\\IMP Folder\\1 On Goning Project\\Campus Placement Prediction\\ProjectOnging\\venv\\Lib\\site-packages\\pip\\_internal\\operations\\build\\metadata_legacy.py', reloading
[ 2023-07-30 11:43:42,440 ] 224 werkzeug - INFO -  * Detected change in 'd:\\IMP Folder\\1 On Goning Project\\Campus Placement Prediction\\ProjectOnging\\venv\\Lib\\site-packages\\pip\\_internal\\operations\\build\\wheel.py', reloading
[ 2023-07-30 11:43:42,440 ] 224 werkzeug - INFO -  * Detected change in 'd:\\IMP Folder\\1 On Goning Project\\Campus Placement Prediction\\ProjectOnging\\venv\\Lib\\site-packages\\pip\\_internal\\operations\\build\\wheel_editable.py', reloading
[ 2023-07-30 11:43:42,456 ] 224 werkzeug - INFO -  * Detected change in 'd:\\IMP Folder\\1 On Goning Project\\Campus Placement Prediction\\ProjectOnging\\venv\\Lib\\site-packages\\pip\\_internal\\operations\\build\\wheel_legacy.py', reloading
[ 2023-07-30 11:43:42,472 ] 224 werkzeug - INFO -  * Detected change in 'd:\\IMP Folder\\1 On Goning Project\\Campus Placement Prediction\\ProjectOnging\\venv\\Lib\\site-packages\\pip\\_internal\\operations\\install\\__init__.py', reloading
[ 2023-07-30 11:43:42,472 ] 224 werkzeug - INFO -  * Detected change in 'd:\\IMP Folder\\1 On Goning Project\\Campus Placement Prediction\\ProjectOnging\\venv\\Lib\\site-packages\\pip\\_internal\\operations\\install\\editable_legacy.py', reloading
[ 2023-07-30 11:43:42,487 ] 224 werkzeug - INFO -  * Detected change in 'd:\\IMP Folder\\1 On Goning Project\\Campus Placement Prediction\\ProjectOnging\\venv\\Lib\\site-packages\\pip\\_internal\\operations\\install\\wheel.py', reloading
[ 2023-07-30 11:43:42,519 ] 224 werkzeug - INFO -  * Detected change in 'd:\\IMP Folder\\1 On Goning Project\\Campus Placement Prediction\\ProjectOnging\\venv\\Lib\\site-packages\\pip\\_internal\\req\\__init__.py', reloading
[ 2023-07-30 11:43:42,534 ] 224 werkzeug - INFO -  * Detected change in 'd:\\IMP Folder\\1 On Goning Project\\Campus Placement Prediction\\ProjectOnging\\venv\\Lib\\site-packages\\pip\\_internal\\req\\constructors.py', reloading
[ 2023-07-30 11:43:42,550 ] 224 werkzeug - INFO -  * Detected change in 'd:\\IMP Folder\\1 On Goning Project\\Campus Placement Prediction\\ProjectOnging\\venv\\Lib\\site-packages\\pip\\_internal\\req\\req_file.py', reloading
[ 2023-07-30 11:43:42,565 ] 224 werkzeug - INFO -  * Detected change in 'd:\\IMP Folder\\1 On Goning Project\\Campus Placement Prediction\\ProjectOnging\\venv\\Lib\\site-packages\\pip\\_internal\\req\\req_install.py', reloading
[ 2023-07-30 11:43:42,597 ] 224 werkzeug - INFO -  * Detected change in 'd:\\IMP Folder\\1 On Goning Project\\Campus Placement Prediction\\ProjectOnging\\venv\\Lib\\site-packages\\pip\\_internal\\req\\req_set.py', reloading
[ 2023-07-30 11:43:42,612 ] 224 werkzeug - INFO -  * Detected change in 'd:\\IMP Folder\\1 On Goning Project\\Campus Placement Prediction\\ProjectOnging\\venv\\Lib\\site-packages\\pip\\_internal\\req\\req_uninstall.py', reloading
[ 2023-07-30 11:43:42,628 ] 224 werkzeug - INFO -  * Detected change in 'd:\\IMP Folder\\1 On Goning Project\\Campus Placement Prediction\\ProjectOnging\\venv\\Lib\\site-packages\\pip\\_internal\\resolution\\base.py', reloading
[ 2023-07-30 11:43:42,644 ] 224 werkzeug - INFO -  * Detected change in 'd:\\IMP Folder\\1 On Goning Project\\Campus Placement Prediction\\ProjectOnging\\venv\\Lib\\site-packages\\pip\\_internal\\resolution\\legacy\\resolver.py', reloading
[ 2023-07-30 11:43:42,659 ] 224 werkzeug - INFO -  * Detected change in 'd:\\IMP Folder\\1 On Goning Project\\Campus Placement Prediction\\ProjectOnging\\venv\\Lib\\site-packages\\pip\\_internal\\resolution\\resolvelib\\base.py', reloading
[ 2023-07-30 11:43:42,675 ] 224 werkzeug - INFO -  * Detected change in 'd:\\IMP Folder\\1 On Goning Project\\Campus Placement Prediction\\ProjectOnging\\venv\\Lib\\site-packages\\pip\\_internal\\resolution\\resolvelib\\candidates.py', reloading
[ 2023-07-30 11:43:42,690 ] 224 werkzeug - INFO -  * Detected change in 'd:\\IMP Folder\\1 On Goning Project\\Campus Placement Prediction\\ProjectOnging\\venv\\Lib\\site-packages\\pip\\_internal\\resolution\\resolvelib\\factory.py', reloading
[ 2023-07-30 11:43:42,706 ] 224 werkzeug - INFO -  * Detected change in 'd:\\IMP Folder\\1 On Goning Project\\Campus Placement Prediction\\ProjectOnging\\venv\\Lib\\site-packages\\pip\\_internal\\resolution\\resolvelib\\found_candidates.py', reloading
[ 2023-07-30 11:43:42,722 ] 224 werkzeug - INFO -  * Detected change in 'd:\\IMP Folder\\1 On Goning Project\\Campus Placement Prediction\\ProjectOnging\\venv\\Lib\\site-packages\\pip\\_internal\\resolution\\resolvelib\\provider.py', reloading
[ 2023-07-30 11:43:42,737 ] 224 werkzeug - INFO -  * Detected change in 'd:\\IMP Folder\\1 On Goning Project\\Campus Placement Prediction\\ProjectOnging\\venv\\Lib\\site-packages\\pip\\_internal\\resolution\\resolvelib\\reporter.py', reloading
[ 2023-07-30 11:43:42,753 ] 224 werkzeug - INFO -  * Detected change in 'd:\\IMP Folder\\1 On Goning Project\\Campus Placement Prediction\\ProjectOnging\\venv\\Lib\\site-packages\\pip\\_internal\\resolution\\resolvelib\\requirements.py', reloading
[ 2023-07-30 11:43:42,769 ] 224 werkzeug - INFO -  * Detected change in 'd:\\IMP Folder\\1 On Goning Project\\Campus Placement Prediction\\ProjectOnging\\venv\\Lib\\site-packages\\pip\\_internal\\resolution\\resolvelib\\resolver.py', reloading
[ 2023-07-30 11:43:42,800 ] 224 werkzeug - INFO -  * Detected change in 'd:\\IMP Folder\\1 On Goning Project\\Campus Placement Prediction\\ProjectOnging\\venv\\Lib\\site-packages\\pip\\_internal\\utils\\_jaraco_text.py', reloading
[ 2023-07-30 11:43:42,800 ] 224 werkzeug - INFO -  * Detected change in 'd:\\IMP Folder\\1 On Goning Project\\Campus Placement Prediction\\ProjectOnging\\venv\\Lib\\site-packages\\pip\\_internal\\utils\\_log.py', reloading
[ 2023-07-30 11:43:42,815 ] 224 werkzeug - INFO -  * Detected change in 'd:\\IMP Folder\\1 On Goning Project\\Campus Placement Prediction\\ProjectOnging\\venv\\Lib\\site-packages\\pip\\_internal\\utils\\appdirs.py', reloading
[ 2023-07-30 11:43:42,815 ] 224 werkzeug - INFO -  * Detected change in 'd:\\IMP Folder\\1 On Goning Project\\Campus Placement Prediction\\ProjectOnging\\venv\\Lib\\site-packages\\pip\\_internal\\utils\\compat.py', reloading
[ 2023-07-30 11:43:42,831 ] 224 werkzeug - INFO -  * Detected change in 'd:\\IMP Folder\\1 On Goning Project\\Campus Placement Prediction\\ProjectOnging\\venv\\Lib\\site-packages\\pip\\_internal\\utils\\compatibility_tags.py', reloading
[ 2023-07-30 11:43:42,847 ] 224 werkzeug - INFO -  * Detected change in 'd:\\IMP Folder\\1 On Goning Project\\Campus Placement Prediction\\ProjectOnging\\venv\\Lib\\site-packages\\pip\\_internal\\utils\\datetime.py', reloading
[ 2023-07-30 11:43:42,847 ] 224 werkzeug - INFO -  * Detected change in 'd:\\IMP Folder\\1 On Goning Project\\Campus Placement Prediction\\ProjectOnging\\venv\\Lib\\site-packages\\pip\\_internal\\utils\\deprecation.py', reloading
