[ 2023-07-30 15:20:42,676 ] 224 werkzeug - WARNING -  * Debugger is active!
[ 2023-07-30 15:20:42,676 ] 224 werkzeug - INFO -  * Debugger PIN: 117-428-366
[ 2023-07-30 15:20:42,700 ] 224 werkzeug - INFO -  * Detected change in 'C:\\Users\\papal\\anaconda3\\Lib\\site-packages\\scipy\\linalg\\_special_matrices.py', reloading
[ 2023-07-30 15:20:42,708 ] 224 werkzeug - INFO -  * Detected change in 'C:\\Users\\papal\\anaconda3\\Lib\\site-packages\\scipy\\linalg\\_solvers.py', reloading
[ 2023-07-30 15:20:42,708 ] 224 werkzeug - INFO -  * Detected change in 'C:\\Users\\papal\\anaconda3\\Lib\\site-packages\\scipy\\linalg\\_procrustes.py', reloading
[ 2023-07-30 15:20:42,716 ] 224 werkzeug - INFO -  * Detected change in 'C:\\Users\\papal\\anaconda3\\Lib\\site-packages\\scipy\\linalg\\_sketches.py', reloading
[ 2023-07-30 15:20:42,716 ] 224 werkzeug - INFO -  * Detected change in 'C:\\Users\\papal\\anaconda3\\Lib\\site-packages\\scipy\\linalg\\_decomp_cossin.py', reloading
[ 2023-07-30 15:20:42,716 ] 224 werkzeug - INFO -  * Detected change in 'C:\\Users\\papal\\anaconda3\\Lib\\site-packages\\scipy\\misc\\__init__.py', reloading
[ 2023-07-30 15:20:42,724 ] 224 werkzeug - INFO -  * Detected change in 'C:\\Users\\papal\\anaconda3\\Lib\\site-packages\\scipy\\misc\\_common.py', reloading
[ 2023-07-30 15:20:42,724 ] 224 werkzeug - INFO -  * Detected change in 'C:\\Users\\papal\\anaconda3\\Lib\\site-packages\\scipy\\ndimage\\__init__.py', reloading
[ 2023-07-30 15:20:42,732 ] 224 werkzeug - INFO -  * Detected change in 'C:\\Users\\papal\\anaconda3\\Lib\\site-packages\\scipy\\ndimage\\_filters.py', reloading
[ 2023-07-30 15:20:42,740 ] 224 werkzeug - INFO -  * Detected change in 'C:\\Users\\papal\\anaconda3\\Lib\\site-packages\\scipy\\ndimage\\_fourier.py', reloading
[ 2023-07-30 15:20:42,740 ] 224 werkzeug - INFO -  * Detected change in 'C:\\Users\\papal\\anaconda3\\Lib\\site-packages\\scipy\\ndimage\\_interpolation.py', reloading
[ 2023-07-30 15:20:42,748 ] 224 werkzeug - INFO -  * Detected change in 'C:\\Users\\papal\\anaconda3\\Lib\\site-packages\\scipy\\ndimage\\_measurements.py', reloading
[ 2023-07-30 15:20:42,764 ] 224 werkzeug - INFO -  * Detected change in 'C:\\Users\\papal\\anaconda3\\Lib\\site-packages\\scipy\\ndimage\\_morphology.py', reloading
[ 2023-07-30 15:20:42,772 ] 224 werkzeug - INFO -  * Detected change in 'C:\\Users\\papal\\anaconda3\\Lib\\site-packages\\scipy\\odr\\__init__.py', reloading
[ 2023-07-30 15:20:42,781 ] 224 werkzeug - INFO -  * Detected change in 'C:\\Users\\papal\\anaconda3\\Lib\\site-packages\\scipy\\odr\\_odrpack.py', reloading
[ 2023-07-30 15:20:42,788 ] 224 werkzeug - INFO -  * Detected change in 'C:\\Users\\papal\\anaconda3\\Lib\\site-packages\\scipy\\odr\\_models.py', reloading
[ 2023-07-30 15:20:42,788 ] 224 werkzeug - INFO -  * Detected change in 'C:\\Users\\papal\\anaconda3\\Lib\\site-packages\\scipy\\optimize\\__init__.py', reloading
[ 2023-07-30 15:20:42,805 ] 224 werkzeug - INFO -  * Detected change in 'C:\\Users\\papal\\anaconda3\\Lib\\site-packages\\scipy\\optimize\\_optimize.py', reloading
[ 2023-07-30 15:20:42,821 ] 224 werkzeug - INFO -  * Detected change in 'C:\\Users\\papal\\anaconda3\\Lib\\site-packages\\scipy\\optimize\\_minimize.py', reloading
[ 2023-07-30 15:20:42,829 ] 224 werkzeug - INFO -  * Detected change in 'C:\\Users\\papal\\anaconda3\\Lib\\site-packages\\scipy\\optimize\\_root.py', reloading
[ 2023-07-30 15:20:42,836 ] 224 werkzeug - INFO -  * Detected change in 'C:\\Users\\papal\\anaconda3\\Lib\\site-packages\\scipy\\optimize\\_root_scalar.py', reloading
[ 2023-07-30 15:20:42,853 ] 224 werkzeug - INFO -  * Detected change in 'C:\\Users\\papal\\anaconda3\\Lib\\site-packages\\scipy\\optimize\\_minpack_py.py', reloading
[ 2023-07-30 15:20:42,873 ] 224 werkzeug - INFO -  * Detected change in 'C:\\Users\\papal\\anaconda3\\Lib\\site-packages\\scipy\\optimize\\_zeros_py.py', reloading
[ 2023-07-30 15:20:42,881 ] 224 werkzeug - INFO -  * Detected change in 'C:\\Users\\papal\\anaconda3\\Lib\\site-packages\\scipy\\optimize\\_nonlin.py', reloading
[ 2023-07-30 15:20:42,892 ] 224 werkzeug - INFO -  * Detected change in 'C:\\Users\\papal\\anaconda3\\Lib\\site-packages\\scipy\\setup.py', reloading
[ 2023-07-30 15:20:42,892 ] 224 werkzeug - INFO -  * Detected change in 'C:\\Users\\papal\\anaconda3\\Lib\\site-packages\\scipy\\signal\\__init__.py', reloading
[ 2023-07-30 15:20:42,908 ] 224 werkzeug - INFO -  * Detected change in 'C:\\Users\\papal\\anaconda3\\Lib\\site-packages\\scipy\\signal\\_waveforms.py', reloading
[ 2023-07-30 15:20:42,908 ] 224 werkzeug - INFO -  * Detected change in 'C:\\Users\\papal\\anaconda3\\Lib\\site-packages\\scipy\\signal\\_bsplines.py', reloading
[ 2023-07-30 15:20:42,914 ] 224 werkzeug - INFO -  * Detected change in 'C:\\Users\\papal\\anaconda3\\Lib\\site-packages\\scipy\\signal\\_filter_design.py', reloading
[ 2023-07-30 15:20:42,935 ] 224 werkzeug - INFO -  * Detected change in 'C:\\Users\\papal\\anaconda3\\Lib\\site-packages\\scipy\\signal\\_fir_filter_design.py', reloading
[ 2023-07-30 15:20:42,947 ] 224 werkzeug - INFO -  * Detected change in 'C:\\Users\\papal\\anaconda3\\Lib\\site-packages\\scipy\\signal\\_ltisys.py', reloading
[ 2023-07-30 15:20:42,957 ] 224 werkzeug - INFO -  * Detected change in 'C:\\Users\\papal\\anaconda3\\Lib\\site-packages\\scipy\\signal\\_lti_conversion.py', reloading
[ 2023-07-30 15:20:42,965 ] 224 werkzeug - INFO -  * Detected change in 'C:\\Users\\papal\\anaconda3\\Lib\\site-packages\\scipy\\signal\\_signaltools.py', reloading
[ 2023-07-30 15:20:42,984 ] 224 werkzeug - INFO -  * Detected change in 'C:\\Users\\papal\\anaconda3\\Lib\\site-packages\\scipy\\signal\\_spectral_py.py', reloading
[ 2023-07-30 15:20:42,992 ] 224 werkzeug - INFO -  * Detected change in 'C:\\Users\\papal\\anaconda3\\Lib\\site-packages\\scipy\\signal\\_wavelets.py', reloading
[ 2023-07-30 15:20:43,000 ] 224 werkzeug - INFO -  * Detected change in 'C:\\Users\\papal\\anaconda3\\Lib\\site-packages\\scipy\\signal\\_peak_finding.py', reloading
[ 2023-07-30 15:20:43,022 ] 224 werkzeug - INFO -  * Detected change in 'C:\\Users\\papal\\anaconda3\\Lib\\site-packages\\scipy\\signal\\_czt.py', reloading
[ 2023-07-30 15:20:43,025 ] 224 werkzeug - INFO -  * Detected change in 'C:\\Users\\papal\\anaconda3\\Lib\\site-packages\\scipy\\sparse\\__init__.py', reloading
[ 2023-07-30 15:20:43,033 ] 224 werkzeug - INFO -  * Detected change in 'C:\\Users\\papal\\anaconda3\\Lib\\site-packages\\scipy\\sparse\\_base.py', reloading
[ 2023-07-30 15:20:43,046 ] 224 werkzeug - INFO -  * Detected change in 'C:\\Users\\papal\\anaconda3\\Lib\\site-packages\\scipy\\sparse\\_csr.py', reloading
[ 2023-07-30 15:20:43,050 ] 224 werkzeug - INFO -  * Detected change in 'C:\\Users\\papal\\anaconda3\\Lib\\site-packages\\scipy\\sparse\\_csc.py', reloading
[ 2023-07-30 15:20:43,050 ] 224 werkzeug - INFO -  * Detected change in 'C:\\Users\\papal\\anaconda3\\Lib\\site-packages\\scipy\\sparse\\_lil.py', reloading
[ 2023-07-30 15:20:43,058 ] 224 werkzeug - INFO -  * Detected change in 'C:\\Users\\papal\\anaconda3\\Lib\\site-packages\\scipy\\sparse\\_dok.py', reloading
[ 2023-07-30 15:20:43,060 ] 224 werkzeug - INFO -  * Detected change in 'C:\\Users\\papal\\anaconda3\\Lib\\site-packages\\scipy\\sparse\\_coo.py', reloading
[ 2023-07-30 15:20:43,067 ] 224 werkzeug - INFO -  * Detected change in 'C:\\Users\\papal\\anaconda3\\Lib\\site-packages\\scipy\\sparse\\_dia.py', reloading
[ 2023-07-30 15:20:43,067 ] 224 werkzeug - INFO -  * Detected change in 'C:\\Users\\papal\\anaconda3\\Lib\\site-packages\\scipy\\sparse\\_bsr.py', reloading
[ 2023-07-30 15:20:43,075 ] 224 werkzeug - INFO -  * Detected change in 'C:\\Users\\papal\\anaconda3\\Lib\\site-packages\\scipy\\sparse\\_construct.py', reloading
[ 2023-07-30 15:20:43,083 ] 224 werkzeug - INFO -  * Detected change in 'C:\\Users\\papal\\anaconda3\\Lib\\site-packages\\scipy\\sparse\\_extract.py', reloading
[ 2023-07-30 15:20:43,083 ] 224 werkzeug - INFO -  * Detected change in 'C:\\Users\\papal\\anaconda3\\Lib\\site-packages\\scipy\\sparse\\_matrix_io.py', reloading
[ 2023-07-30 15:20:43,083 ] 224 werkzeug - INFO -  * Detected change in 'C:\\Users\\papal\\anaconda3\\Lib\\site-packages\\scipy\\spatial\\__init__.py', reloading
[ 2023-07-30 15:20:43,097 ] 224 werkzeug - INFO -  * Detected change in 'C:\\Users\\papal\\anaconda3\\Lib\\site-packages\\scipy\\spatial\\_kdtree.py', reloading
[ 2023-07-30 15:20:43,109 ] 224 werkzeug - INFO -  * Detected change in 'C:\\Users\\papal\\anaconda3\\Lib\\site-packages\\scipy\\spatial\\_plotutils.py', reloading
[ 2023-07-30 15:20:43,118 ] 224 werkzeug - INFO -  * Detected change in 'C:\\Users\\papal\\anaconda3\\Lib\\site-packages\\scipy\\special\\__init__.py', reloading
[ 2023-07-30 15:20:43,172 ] 224 werkzeug - INFO -  * Detected change in 'C:\\Users\\papal\\anaconda3\\Lib\\site-packages\\scipy\\special\\_basic.py', reloading
[ 2023-07-30 15:20:43,192 ] 224 werkzeug - INFO -  * Detected change in 'C:\\Users\\papal\\anaconda3\\Lib\\site-packages\\scipy\\stats\\__init__.py', reloading
[ 2023-07-30 15:20:43,199 ] 224 werkzeug - INFO -  * Detected change in 'C:\\Users\\papal\\anaconda3\\Lib\\site-packages\\scipy\\stats\\_stats_py.py', reloading
[ 2023-07-30 15:20:43,247 ] 224 werkzeug - INFO -  * Detected change in 'C:\\Users\\papal\\anaconda3\\Lib\\site-packages\\scipy\\stats\\distributions.py', reloading
[ 2023-07-30 15:20:43,251 ] 224 werkzeug - INFO -  * Detected change in 'C:\\Users\\papal\\anaconda3\\Lib\\site-packages\\scipy\\stats\\_continuous_distns.py', reloading
[ 2023-07-30 15:20:43,291 ] 224 werkzeug - INFO -  * Detected change in 'C:\\Users\\papal\\anaconda3\\Lib\\site-packages\\scipy\\stats\\_discrete_distns.py', reloading
[ 2023-07-30 15:20:43,308 ] 224 werkzeug - INFO -  * Detected change in 'C:\\Users\\papal\\anaconda3\\Lib\\site-packages\\scipy\\stats\\_morestats.py', reloading
[ 2023-07-30 15:20:43,324 ] 224 werkzeug - INFO -  * Detected change in 'C:\\Users\\papal\\anaconda3\\Lib\\site-packages\\scipy\\stats\\_binned_statistic.py', reloading
[ 2023-07-30 15:20:43,324 ] 224 werkzeug - INFO -  * Detected change in 'C:\\Users\\papal\\anaconda3\\Lib\\site-packages\\scipy\\stats\\_multivariate.py', reloading
[ 2023-07-30 15:20:43,351 ] 224 werkzeug - INFO -  * Detected change in 'C:\\Users\\papal\\anaconda3\\Lib\\site-packages\\scipy\\stats\\_entropy.py', reloading
[ 2023-07-30 15:20:43,358 ] 224 werkzeug - INFO -  * Detected change in 'C:\\Users\\papal\\anaconda3\\Lib\\site-packages\\scipy\\stats\\_hypotests.py', reloading
[ 2023-07-30 15:20:43,372 ] 224 werkzeug - INFO -  * Detected change in 'C:\\Users\\papal\\anaconda3\\Lib\\site-packages\\scipy\\version.py', reloading
[ 2023-07-30 15:20:43,372 ] 224 werkzeug - INFO -  * Detected change in 'C:\\Users\\papal\\anaconda3\\Lib\\site-packages\\scipy\\__config__.py', reloading
[ 2023-07-30 15:20:43,372 ] 224 werkzeug - INFO -  * Detected change in 'C:\\Users\\papal\\anaconda3\\Lib\\site-packages\\scipy\\__init__.py', reloading
[ 2023-07-30 15:20:43,395 ] 224 werkzeug - INFO -  * Detected change in 'C:\\Users\\papal\\anaconda3\\Lib\\site-packages\\scrapy\\__init__.py', reloading
[ 2023-07-30 15:20:43,436 ] 224 werkzeug - INFO -  * Detected change in 'C:\\Users\\papal\\anaconda3\\Lib\\site-packages\\scrapy\\http\\__init__.py', reloading
[ 2023-07-30 15:20:43,449 ] 224 werkzeug - INFO -  * Detected change in 'C:\\Users\\papal\\anaconda3\\Lib\\site-packages\\scrapy\\http\\request\\form.py', reloading
[ 2023-07-30 15:20:43,462 ] 224 werkzeug - INFO -  * Detected change in 'C:\\Users\\papal\\anaconda3\\Lib\\site-packages\\scrapy\\http\\request\\__init__.py', reloading
[ 2023-07-30 15:20:43,474 ] 224 werkzeug - INFO -  * Detected change in 'C:\\Users\\papal\\anaconda3\\Lib\\site-packages\\scrapy\\item.py', reloading
[ 2023-07-30 15:20:43,483 ] 224 werkzeug - INFO -  * Detected change in 'C:\\Users\\papal\\anaconda3\\Lib\\site-packages\\scrapy\\selector\\__init__.py', reloading
[ 2023-07-30 15:20:43,483 ] 224 werkzeug - INFO -  * Detected change in 'C:\\Users\\papal\\anaconda3\\Lib\\site-packages\\scrapy\\selector\\unified.py', reloading
[ 2023-07-30 15:20:43,490 ] 224 werkzeug - INFO -  * Detected change in 'C:\\Users\\papal\\anaconda3\\Lib\\site-packages\\scrapy\\spiders\\__init__.py', reloading
[ 2023-07-30 15:20:43,490 ] 224 werkzeug - INFO -  * Detected change in 'C:\\Users\\papal\\anaconda3\\Lib\\site-packages\\seaborn\\__init__.py', reloading
[ 2023-07-30 15:20:43,500 ] 224 werkzeug - INFO -  * Detected change in 'C:\\Users\\papal\\anaconda3\\Lib\\site-packages\\service_identity\\__init__.py', reloading
[ 2023-07-30 15:20:43,500 ] 224 werkzeug - INFO -  * Detected change in 'C:\\Users\\papal\\anaconda3\\Lib\\site-packages\\service_identity\\exceptions.py', reloading
[ 2023-07-30 15:20:43,508 ] 224 werkzeug - INFO -  * Detected change in 'C:\\Users\\papal\\anaconda3\\Lib\\site-packages\\sipbuild\\__init__.py', reloading
[ 2023-07-30 15:20:43,508 ] 224 werkzeug - INFO -  * Detected change in 'C:\\Users\\papal\\anaconda3\\Lib\\site-packages\\sklearnex\\__init__.py', reloading
[ 2023-07-30 15:20:43,524 ] 224 werkzeug - INFO -  * Detected change in 'C:\\Users\\papal\\anaconda3\\Lib\\site-packages\\sklearnex\\dispatcher.py', reloading
[ 2023-07-30 15:20:43,524 ] 224 werkzeug - INFO -  * Detected change in 'C:\\Users\\papal\\anaconda3\\Lib\\site-packages\\sklearnex\\_config.py', reloading
[ 2023-07-30 15:20:43,567 ] 224 werkzeug - INFO -  * Detected change in 'C:\\Users\\papal\\anaconda3\\Lib\\site-packages\\smart_open\\__init__.py', reloading
[ 2023-07-30 15:20:43,572 ] 224 werkzeug - INFO -  * Detected change in 'C:\\Users\\papal\\anaconda3\\Lib\\site-packages\\smart_open\\smart_open_lib.py', reloading
[ 2023-07-30 15:20:43,572 ] 224 werkzeug - INFO -  * Detected change in 'C:\\Users\\papal\\anaconda3\\Lib\\site-packages\\smart_open\\compression.py', reloading
[ 2023-07-30 15:20:43,580 ] 224 werkzeug - INFO -  * Detected change in 'C:\\Users\\papal\\anaconda3\\Lib\\site-packages\\snappy\\__init__.py', reloading
[ 2023-07-30 15:20:43,580 ] 224 werkzeug - INFO -  * Detected change in 'C:\\Users\\papal\\anaconda3\\Lib\\site-packages\\sniffio\\__init__.py', reloading
[ 2023-07-30 15:20:43,580 ] 224 werkzeug - INFO -  * Detected change in 'C:\\Users\\papal\\anaconda3\\Lib\\site-packages\\sniffio\\_impl.py', reloading
[ 2023-07-30 15:20:43,580 ] 224 werkzeug - INFO -  * Detected change in 'C:\\Users\\papal\\anaconda3\\Lib\\site-packages\\snowballstemmer\\__init__.py', reloading
[ 2023-07-30 15:20:43,587 ] 224 werkzeug - INFO -  * Detected change in 'C:\\Users\\papal\\anaconda3\\Lib\\site-packages\\sortedcontainers\\__init__.py', reloading
[ 2023-07-30 15:20:43,587 ] 224 werkzeug - INFO -  * Detected change in 'C:\\Users\\papal\\anaconda3\\Lib\\site-packages\\sortedcontainers\\sortedlist.py', reloading
[ 2023-07-30 15:20:43,605 ] 224 werkzeug - INFO -  * Detected change in 'C:\\Users\\papal\\anaconda3\\Lib\\site-packages\\sortedcontainers\\sortedset.py', reloading
[ 2023-07-30 15:20:43,605 ] 224 werkzeug - INFO -  * Detected change in 'C:\\Users\\papal\\anaconda3\\Lib\\site-packages\\sortedcontainers\\sorteddict.py', reloading
[ 2023-07-30 15:20:43,613 ] 224 werkzeug - INFO -  * Detected change in 'C:\\Users\\papal\\anaconda3\\Lib\\site-packages\\soupsieve\\__init__.py', reloading
[ 2023-07-30 15:20:43,621 ] 224 werkzeug - INFO -  * Detected change in 'C:\\Users\\papal\\anaconda3\\Lib\\site-packages\\soupsieve\\util.py', reloading
[ 2023-07-30 15:20:43,621 ] 224 werkzeug - INFO -  * Detected change in 'C:\\Users\\papal\\anaconda3\\Lib\\site-packages\\sphinx\\__init__.py', reloading
[ 2023-07-30 15:20:43,629 ] 224 werkzeug - INFO -  * Detected change in 'C:\\Users\\papal\\anaconda3\\Lib\\site-packages\\spyder\\__init__.py', reloading
[ 2023-07-30 15:20:43,629 ] 224 werkzeug - INFO -  * Detected change in 'C:\\Users\\papal\\anaconda3\\Lib\\site-packages\\spyder_kernels\\__init__.py', reloading
[ 2023-07-30 15:20:43,629 ] 224 werkzeug - INFO -  * Detected change in 'C:\\Users\\papal\\anaconda3\\Lib\\site-packages\\sqlalchemy\\__init__.py', reloading
[ 2023-07-30 15:20:43,645 ] 224 werkzeug - INFO -  * Detected change in 'C:\\Users\\papal\\anaconda3\\Lib\\site-packages\\stack_data\\__init__.py', reloading
[ 2023-07-30 15:20:43,645 ] 224 werkzeug - INFO -  * Detected change in 'C:\\Users\\papal\\anaconda3\\Lib\\site-packages\\statsmodels\\__init__.py', reloading
[ 2023-07-30 15:20:43,645 ] 224 werkzeug - INFO -  * Detected change in 'C:\\Users\\papal\\anaconda3\\Lib\\site-packages\\statsmodels\\_version.py', reloading
[ 2023-07-30 15:20:43,653 ] 224 werkzeug - INFO -  * Detected change in 'C:\\Users\\papal\\anaconda3\\Lib\\site-packages\\sympy\\__init__.py', reloading
