[ 2023-07-30 00:49:08,547 ] 224 werkzeug - WARNING -  * Debugger is active!
[ 2023-07-30 00:49:08,547 ] 224 werkzeug - INFO -  * Debugger PIN: 117-428-366
[ 2023-07-30 00:52:30,811 ] 224 werkzeug - INFO -  * Detected change in 'C:\\Users\\papal\\anaconda3\\Lib\\concurrent\\__init__.py', reloading
[ 2023-07-30 00:52:30,811 ] 224 werkzeug - INFO -  * Detected change in 'C:\\Users\\papal\\anaconda3\\Lib\\distutils\\__init__.py', reloading
[ 2023-07-30 00:52:30,811 ] 224 werkzeug - INFO -  * Detected change in 'C:\\Users\\papal\\anaconda3\\Lib\\idlelib\\__init__.py', reloading
[ 2023-07-30 00:52:30,827 ] 224 werkzeug - INFO -  * Detected change in 'C:\\Users\\papal\\anaconda3\\Lib\\lib2to3\\__init__.py', reloading
[ 2023-07-30 00:52:30,827 ] 224 werkzeug - INFO -  * Detected change in 'C:\\Users\\papal\\anaconda3\\Lib\\test\\__init__.py', reloading
[ 2023-07-30 00:52:30,827 ] 224 werkzeug - INFO -  * Detected change in 'C:\\Users\\papal\\anaconda3\\Lib\\turtledemo\\__init__.py', reloading
[ 2023-07-30 00:52:30,827 ] 224 werkzeug - INFO -  * Detected change in 'C:\\Users\\papal\\anaconda3\\Lib\\wsgiref\\__init__.py', reloading
[ 2023-07-30 00:52:30,827 ] 224 werkzeug - INFO -  * Detected change in 'C:\\Users\\papal\\anaconda3\\Lib\\xml\\__init__.py', reloading
[ 2023-07-30 00:52:30,993 ] 224 werkzeug - INFO -  * Detected change in 'C:\\Users\\papal\\anaconda3\\Lib\\xmlrpc\\__init__.py', reloading
[ 2023-07-30 00:52:30,993 ] 224 werkzeug - INFO -  * Detected change in 'C:\\Users\\papal\\anaconda3\\Lib\\__phello__\\__init__.py', reloading
[ 2023-07-30 00:52:30,993 ] 224 werkzeug - INFO -  * Detected change in 'C:\\Users\\papal\\anaconda3\\Lib\\site-packages\\adodbapi\\__init__.py', reloading
[ 2023-07-30 00:52:30,993 ] 224 werkzeug - INFO -  * Detected change in 'C:\\Users\\papal\\anaconda3\\Lib\\site-packages\\aiobotocore\\__init__.py', reloading
[ 2023-07-30 00:52:30,993 ] 224 werkzeug - INFO -  * Detected change in 'C:\\Users\\papal\\anaconda3\\Lib\\site-packages\\aiohttp\\__init__.py', reloading
[ 2023-07-30 00:52:31,024 ] 224 werkzeug - INFO -  * Detected change in 'C:\\Users\\papal\\anaconda3\\Lib\\site-packages\\aiohttp\\client.py', reloading
[ 2023-07-30 00:52:31,055 ] 224 werkzeug - INFO -  * Detected change in 'C:\\Users\\papal\\anaconda3\\Lib\\site-packages\\aiohttp\\connector.py', reloading
[ 2023-07-30 00:52:31,087 ] 224 werkzeug - INFO -  * Detected change in 'C:\\Users\\papal\\anaconda3\\Lib\\site-packages\\aiohttp\\client_exceptions.py', reloading
[ 2023-07-30 00:52:31,087 ] 224 werkzeug - INFO -  * Detected change in 'C:\\Users\\papal\\anaconda3\\Lib\\site-packages\\aiohttp\\client_reqrep.py', reloading
[ 2023-07-30 00:52:31,110 ] 224 werkzeug - INFO -  * Detected change in 'C:\\Users\\papal\\anaconda3\\Lib\\site-packages\\aiohttp\\client_ws.py', reloading
[ 2023-07-30 00:52:31,118 ] 224 werkzeug - INFO -  * Detected change in 'C:\\Users\\papal\\anaconda3\\Lib\\site-packages\\aiohttp\\cookiejar.py', reloading
[ 2023-07-30 00:52:31,126 ] 224 werkzeug - INFO -  * Detected change in 'C:\\Users\\papal\\anaconda3\\Lib\\site-packages\\aiohttp\\formdata.py', reloading
[ 2023-07-30 00:52:31,134 ] 224 werkzeug - INFO -  * Detected change in 'C:\\Users\\papal\\anaconda3\\Lib\\site-packages\\aiohttp\\helpers.py', reloading
[ 2023-07-30 00:52:31,150 ] 224 werkzeug - INFO -  * Detected change in 'C:\\Users\\papal\\anaconda3\\Lib\\site-packages\\aiohttp\\http.py', reloading
[ 2023-07-30 00:52:31,150 ] 224 werkzeug - INFO -  * Detected change in 'C:\\Users\\papal\\anaconda3\\Lib\\site-packages\\aiohttp\\http_writer.py', reloading
[ 2023-07-30 00:52:31,165 ] 224 werkzeug - INFO -  * Detected change in 'C:\\Users\\papal\\anaconda3\\Lib\\site-packages\\aiohttp\\http_websocket.py', reloading
[ 2023-07-30 00:52:31,165 ] 224 werkzeug - INFO -  * Detected change in 'C:\\Users\\papal\\anaconda3\\Lib\\site-packages\\aiohttp\\multipart.py', reloading
[ 2023-07-30 00:52:31,182 ] 224 werkzeug - INFO -  * Detected change in 'C:\\Users\\papal\\anaconda3\\Lib\\site-packages\\aiohttp\\payload.py', reloading
[ 2023-07-30 00:52:31,189 ] 224 werkzeug - INFO -  * Detected change in 'C:\\Users\\papal\\anaconda3\\Lib\\site-packages\\aiohttp\\payload_streamer.py', reloading
[ 2023-07-30 00:52:31,189 ] 224 werkzeug - INFO -  * Detected change in 'C:\\Users\\papal\\anaconda3\\Lib\\site-packages\\aiohttp\\resolver.py', reloading
[ 2023-07-30 00:52:31,197 ] 224 werkzeug - INFO -  * Detected change in 'C:\\Users\\papal\\anaconda3\\Lib\\site-packages\\aiohttp\\streams.py', reloading
[ 2023-07-30 00:52:31,200 ] 224 werkzeug - INFO -  * Detected change in 'C:\\Users\\papal\\anaconda3\\Lib\\site-packages\\aiohttp\\tracing.py', reloading
[ 2023-07-30 00:52:31,200 ] 224 werkzeug - INFO -  * Detected change in 'C:\\Users\\papal\\anaconda3\\Lib\\site-packages\\aioitertools\\__init__.py', reloading
[ 2023-07-30 00:52:31,213 ] 224 werkzeug - INFO -  * Detected change in 'C:\\Users\\papal\\anaconda3\\Lib\\site-packages\\aiosqlite\\__init__.py', reloading
[ 2023-07-30 00:52:31,229 ] 224 werkzeug - INFO -  * Detected change in 'C:\\Users\\papal\\anaconda3\\Lib\\site-packages\\aiosqlite\\core.py', reloading
[ 2023-07-30 00:52:31,229 ] 224 werkzeug - INFO -  * Detected change in 'C:\\Users\\papal\\anaconda3\\Lib\\site-packages\\aiosqlite\\cursor.py', reloading
[ 2023-07-30 00:52:31,244 ] 224 werkzeug - INFO -  * Detected change in 'C:\\Users\\papal\\anaconda3\\Lib\\site-packages\\alabaster\\__init__.py', reloading
[ 2023-07-30 00:52:31,244 ] 224 werkzeug - INFO -  * Detected change in 'C:\\Users\\papal\\anaconda3\\Lib\\site-packages\\anaconda_catalogs\\__init__.py', reloading
[ 2023-07-30 00:52:31,260 ] 224 werkzeug - INFO -  * Detected change in 'C:\\Users\\papal\\anaconda3\\Lib\\site-packages\\anaconda_catalogs\\catalog.py', reloading
[ 2023-07-30 00:52:31,268 ] 224 werkzeug - INFO -  * Detected change in 'C:\\Users\\papal\\anaconda3\\Lib\\site-packages\\anaconda_navigator\\__init__.py', reloading
[ 2023-07-30 00:52:31,268 ] 224 werkzeug - INFO -  * Detected change in 'C:\\Users\\papal\\anaconda3\\Lib\\site-packages\\anaconda_project\\__init__.py', reloading
[ 2023-07-30 00:52:31,268 ] 224 werkzeug - INFO -  * Detected change in 'C:\\Users\\papal\\anaconda3\\Lib\\site-packages\\anyio\\__init__.py', reloading
[ 2023-07-30 00:52:31,276 ] 224 werkzeug - INFO -  * Detected change in 'C:\\Users\\papal\\anaconda3\\Lib\\site-packages\\anyio\\_core\\_compat.py', reloading
[ 2023-07-30 00:52:31,284 ] 224 werkzeug - INFO -  * Detected change in 'C:\\Users\\papal\\anaconda3\\Lib\\site-packages\\anyio\\_core\\_eventloop.py', reloading
[ 2023-07-30 00:52:31,292 ] 224 werkzeug - INFO -  * Detected change in 'C:\\Users\\papal\\anaconda3\\Lib\\site-packages\\anyio\\_core\\_exceptions.py', reloading
[ 2023-07-30 00:52:31,292 ] 224 werkzeug - INFO -  * Detected change in 'C:\\Users\\papal\\anaconda3\\Lib\\site-packages\\anyio\\_core\\_fileio.py', reloading
[ 2023-07-30 00:52:31,300 ] 224 werkzeug - INFO -  * Detected change in 'C:\\Users\\papal\\anaconda3\\Lib\\site-packages\\anyio\\_core\\_resources.py', reloading
[ 2023-07-30 00:52:31,300 ] 224 werkzeug - INFO -  * Detected change in 'C:\\Users\\papal\\anaconda3\\Lib\\site-packages\\anyio\\_core\\_signals.py', reloading
[ 2023-07-30 00:52:31,300 ] 224 werkzeug - INFO -  * Detected change in 'C:\\Users\\papal\\anaconda3\\Lib\\site-packages\\anyio\\_core\\_sockets.py', reloading
[ 2023-07-30 00:52:31,308 ] 224 werkzeug - INFO -  * Detected change in 'C:\\Users\\papal\\anaconda3\\Lib\\site-packages\\anyio\\_core\\_streams.py', reloading
[ 2023-07-30 00:52:31,316 ] 224 werkzeug - INFO -  * Detected change in 'C:\\Users\\papal\\anaconda3\\Lib\\site-packages\\anyio\\_core\\_subprocesses.py', reloading
[ 2023-07-30 00:52:31,316 ] 224 werkzeug - INFO -  * Detected change in 'C:\\Users\\papal\\anaconda3\\Lib\\site-packages\\anyio\\_core\\_synchronization.py', reloading
[ 2023-07-30 00:52:31,324 ] 224 werkzeug - INFO -  * Detected change in 'C:\\Users\\papal\\anaconda3\\Lib\\site-packages\\anyio\\_core\\_tasks.py', reloading
[ 2023-07-30 00:52:31,324 ] 224 werkzeug - INFO -  * Detected change in 'C:\\Users\\papal\\anaconda3\\Lib\\site-packages\\anyio\\_core\\_testing.py', reloading
[ 2023-07-30 00:52:31,324 ] 224 werkzeug - INFO -  * Detected change in 'C:\\Users\\papal\\anaconda3\\Lib\\site-packages\\anyio\\_core\\_typedattr.py', reloading
[ 2023-07-30 00:52:31,332 ] 224 werkzeug - INFO -  * Detected change in 'C:\\Users\\papal\\anaconda3\\Lib\\site-packages\\anyio\\to_thread.py', reloading
[ 2023-07-30 00:52:31,332 ] 224 werkzeug - INFO -  * Detected change in 'C:\\Users\\papal\\anaconda3\\Lib\\site-packages\\anyio\\from_thread.py', reloading
[ 2023-07-30 00:52:31,340 ] 224 werkzeug - INFO -  * Detected change in 'C:\\Users\\papal\\anaconda3\\Lib\\site-packages\\argon2\\__init__.py', reloading
[ 2023-07-30 00:52:31,348 ] 224 werkzeug - INFO -  * Detected change in 'C:\\Users\\papal\\anaconda3\\Lib\\site-packages\\argon2\\_legacy.py', reloading
[ 2023-07-30 00:52:31,348 ] 224 werkzeug - INFO -  * Detected change in 'C:\\Users\\papal\\anaconda3\\Lib\\site-packages\\argon2\\_password_hasher.py', reloading
[ 2023-07-30 00:52:31,356 ] 224 werkzeug - INFO -  * Detected change in 'C:\\Users\\papal\\anaconda3\\Lib\\site-packages\\argon2\\_utils.py', reloading
[ 2023-07-30 00:52:31,356 ] 224 werkzeug - INFO -  * Detected change in 'C:\\Users\\papal\\anaconda3\\Lib\\site-packages\\argon2\\low_level.py', reloading
[ 2023-07-30 00:52:31,364 ] 224 werkzeug - INFO -  * Detected change in 'C:\\Users\\papal\\anaconda3\\Lib\\site-packages\\arrow\\__init__.py', reloading
[ 2023-07-30 00:52:31,364 ] 224 werkzeug - INFO -  * Detected change in 'C:\\Users\\papal\\anaconda3\\Lib\\site-packages\\arrow\\_version.py', reloading
[ 2023-07-30 00:52:31,364 ] 224 werkzeug - INFO -  * Detected change in 'C:\\Users\\papal\\anaconda3\\Lib\\site-packages\\arrow\\api.py', reloading
[ 2023-07-30 00:52:31,380 ] 224 werkzeug - INFO -  * Detected change in 'C:\\Users\\papal\\anaconda3\\Lib\\site-packages\\arrow\\arrow.py', reloading
[ 2023-07-30 00:52:31,396 ] 224 werkzeug - INFO -  * Detected change in 'C:\\Users\\papal\\anaconda3\\Lib\\site-packages\\arrow\\factory.py', reloading
[ 2023-07-30 00:52:31,396 ] 224 werkzeug - INFO -  * Detected change in 'C:\\Users\\papal\\anaconda3\\Lib\\site-packages\\arrow\\formatter.py', reloading
[ 2023-07-30 00:52:31,396 ] 224 werkzeug - INFO -  * Detected change in 'C:\\Users\\papal\\anaconda3\\Lib\\site-packages\\arrow\\parser.py', reloading
[ 2023-07-30 00:52:31,412 ] 224 werkzeug - INFO -  * Detected change in 'C:\\Users\\papal\\anaconda3\\Lib\\site-packages\\astroid\\__init__.py', reloading
