[ 2023-07-30 01:45:39,117 ] 224 werkzeug - WARNING -  * Debugger is active!
[ 2023-07-30 01:45:39,117 ] 224 werkzeug - INFO -  * Debugger PIN: 117-428-366
[ 2023-07-30 01:45:47,837 ] 77 root - INFO - Data Frame Gathered
[ 2023-07-30 01:45:47,888 ] 224 werkzeug - INFO - 127.0.0.1 - - [30/Jul/2023 01:45:47] "POST / HTTP/1.1" 200 -
[ 2023-07-30 01:47:44,493 ] 224 werkzeug - INFO -  * Detected change in 'd:\\IMP Folder\\1 On Goning Project\\Campus Placement Prediction\\ProjectOnging\\venv\\Lib\\re\\_casefix.py', reloading
[ 2023-07-30 01:47:44,493 ] 224 werkzeug - INFO -  * Detected change in 'd:\\IMP Folder\\1 On Goning Project\\Campus Placement Prediction\\ProjectOnging\\venv\\Lib\\re\\__init__.py', reloading
[ 2023-07-30 01:47:44,493 ] 224 werkzeug - INFO -  * Detected change in 'd:\\IMP Folder\\1 On Goning Project\\Campus Placement Prediction\\ProjectOnging\\venv\\Lib\\re\\_compiler.py', reloading
[ 2023-07-30 01:47:44,493 ] 224 werkzeug - INFO -  * Detected change in 'd:\\IMP Folder\\1 On Goning Project\\Campus Placement Prediction\\ProjectOnging\\venv\\Lib\\re\\_parser.py', reloading
[ 2023-07-30 01:47:44,493 ] 224 werkzeug - INFO -  * Detected change in 'd:\\IMP Folder\\1 On Goning Project\\Campus Placement Prediction\\ProjectOnging\\venv\\Lib\\dbm\\gnu.py', reloading
[ 2023-07-30 01:47:44,493 ] 224 werkzeug - INFO -  * Detected change in 'd:\\IMP Folder\\1 On Goning Project\\Campus Placement Prediction\\ProjectOnging\\venv\\Lib\\dbm\\ndbm.py', reloading
[ 2023-07-30 01:47:44,493 ] 224 werkzeug - INFO -  * Detected change in 'd:\\IMP Folder\\1 On Goning Project\\Campus Placement Prediction\\ProjectOnging\\venv\\Lib\\re\\_constants.py', reloading
[ 2023-07-30 01:47:44,493 ] 224 werkzeug - INFO -  * Detected change in 'd:\\IMP Folder\\1 On Goning Project\\Campus Placement Prediction\\ProjectOnging\\venv\\Lib\\xml\\dom\\domreg.py', reloading
[ 2023-07-30 01:47:44,493 ] 224 werkzeug - INFO -  * Detected change in 'd:\\IMP Folder\\1 On Goning Project\\Campus Placement Prediction\\ProjectOnging\\venv\\Lib\\dbm\\__init__.py', reloading
[ 2023-07-30 01:47:44,493 ] 224 werkzeug - INFO -  * Detected change in 'd:\\IMP Folder\\1 On Goning Project\\Campus Placement Prediction\\ProjectOnging\\venv\\Lib\\dbm\\dumb.py', reloading
[ 2023-07-30 01:47:44,493 ] 224 werkzeug - INFO -  * Detected change in 'd:\\IMP Folder\\1 On Goning Project\\Campus Placement Prediction\\ProjectOnging\\venv\\Lib\\xml\\dom\\minidom.py', reloading
[ 2023-07-30 01:47:44,508 ] 224 werkzeug - INFO -  * Detected change in 'd:\\IMP Folder\\1 On Goning Project\\Campus Placement Prediction\\ProjectOnging\\venv\\Lib\\xml\\dom\\NodeFilter.py', reloading
[ 2023-07-30 01:47:44,508 ] 224 werkzeug - INFO -  * Detected change in 'd:\\IMP Folder\\1 On Goning Project\\Campus Placement Prediction\\ProjectOnging\\venv\\Lib\\xml\\dom\\pulldom.py', reloading
[ 2023-07-30 01:47:44,508 ] 224 werkzeug - INFO -  * Detected change in 'd:\\IMP Folder\\1 On Goning Project\\Campus Placement Prediction\\ProjectOnging\\venv\\Lib\\xml\\dom\\minicompat.py', reloading
[ 2023-07-30 01:47:44,508 ] 224 werkzeug - INFO -  * Detected change in 'd:\\IMP Folder\\1 On Goning Project\\Campus Placement Prediction\\ProjectOnging\\venv\\Lib\\xml\\dom\\xmlbuilder.py', reloading
[ 2023-07-30 01:47:44,508 ] 224 werkzeug - INFO -  * Detected change in 'd:\\IMP Folder\\1 On Goning Project\\Campus Placement Prediction\\ProjectOnging\\venv\\Lib\\xml\\dom\\__init__.py', reloading
[ 2023-07-30 01:47:44,508 ] 224 werkzeug - INFO -  * Detected change in 'd:\\IMP Folder\\1 On Goning Project\\Campus Placement Prediction\\ProjectOnging\\venv\\Lib\\xml\\sax\\handler.py', reloading
[ 2023-07-30 01:47:44,508 ] 224 werkzeug - INFO -  * Detected change in 'd:\\IMP Folder\\1 On Goning Project\\Campus Placement Prediction\\ProjectOnging\\venv\\Lib\\xml\\sax\\__init__.py', reloading
[ 2023-07-30 01:47:44,508 ] 224 werkzeug - INFO -  * Detected change in 'd:\\IMP Folder\\1 On Goning Project\\Campus Placement Prediction\\ProjectOnging\\venv\\Lib\\xml\\dom\\expatbuilder.py', reloading
[ 2023-07-30 01:47:44,524 ] 224 werkzeug - INFO -  * Detected change in 'd:\\IMP Folder\\1 On Goning Project\\Campus Placement Prediction\\ProjectOnging\\venv\\Lib\\xml\\sax\\saxutils.py', reloading
[ 2023-07-30 01:47:44,524 ] 224 werkzeug - INFO -  * Detected change in 'd:\\IMP Folder\\1 On Goning Project\\Campus Placement Prediction\\ProjectOnging\\venv\\Lib\\xml\\sax\\_exceptions.py', reloading
[ 2023-07-30 01:47:44,524 ] 224 werkzeug - INFO -  * Detected change in 'd:\\IMP Folder\\1 On Goning Project\\Campus Placement Prediction\\ProjectOnging\\venv\\Lib\\xml\\sax\\expatreader.py', reloading
[ 2023-07-30 01:47:44,524 ] 224 werkzeug - INFO -  * Detected change in 'd:\\IMP Folder\\1 On Goning Project\\Campus Placement Prediction\\ProjectOnging\\venv\\Lib\\xml\\etree\\__init__.py', reloading
[ 2023-07-30 01:47:44,524 ] 224 werkzeug - INFO -  * Detected change in 'd:\\IMP Folder\\1 On Goning Project\\Campus Placement Prediction\\ProjectOnging\\venv\\Lib\\xml\\etree\\cElementTree.py', reloading
[ 2023-07-30 01:47:44,524 ] 224 werkzeug - INFO -  * Detected change in 'd:\\IMP Folder\\1 On Goning Project\\Campus Placement Prediction\\ProjectOnging\\venv\\Lib\\xml\\sax\\xmlreader.py', reloading
[ 2023-07-30 01:47:44,524 ] 224 werkzeug - INFO -  * Detected change in 'd:\\IMP Folder\\1 On Goning Project\\Campus Placement Prediction\\ProjectOnging\\venv\\Lib\\xml\\etree\\ElementPath.py', reloading
[ 2023-07-30 01:47:44,524 ] 224 werkzeug - INFO -  * Detected change in 'd:\\IMP Folder\\1 On Goning Project\\Campus Placement Prediction\\ProjectOnging\\venv\\Lib\\xml\\parsers\\expat.py', reloading
[ 2023-07-30 01:47:44,524 ] 224 werkzeug - INFO -  * Detected change in 'd:\\IMP Folder\\1 On Goning Project\\Campus Placement Prediction\\ProjectOnging\\venv\\Lib\\xml\\parsers\\__init__.py', reloading
[ 2023-07-30 01:47:44,524 ] 224 werkzeug - INFO -  * Detected change in 'd:\\IMP Folder\\1 On Goning Project\\Campus Placement Prediction\\ProjectOnging\\venv\\Lib\\xml\\etree\\ElementTree.py', reloading
[ 2023-07-30 01:47:44,524 ] 224 werkzeug - INFO -  * Detected change in 'd:\\IMP Folder\\1 On Goning Project\\Campus Placement Prediction\\ProjectOnging\\venv\\Lib\\xml\\__init__.py', reloading
[ 2023-07-30 01:47:44,524 ] 224 werkzeug - INFO -  * Detected change in 'd:\\IMP Folder\\1 On Goning Project\\Campus Placement Prediction\\ProjectOnging\\venv\\Lib\\xml\\etree\\ElementInclude.py', reloading
[ 2023-07-30 01:47:44,540 ] 224 werkzeug - INFO -  * Detected change in 'd:\\IMP Folder\\1 On Goning Project\\Campus Placement Prediction\\ProjectOnging\\venv\\Lib\\html\\parser.py', reloading
[ 2023-07-30 01:47:44,540 ] 224 werkzeug - INFO -  * Detected change in 'd:\\IMP Folder\\1 On Goning Project\\Campus Placement Prediction\\ProjectOnging\\venv\\Lib\\html\\__init__.py', reloading
[ 2023-07-30 01:47:44,540 ] 224 werkzeug - INFO -  * Detected change in 'd:\\IMP Folder\\1 On Goning Project\\Campus Placement Prediction\\ProjectOnging\\venv\\Lib\\html\\entities.py', reloading
[ 2023-07-30 01:47:44,540 ] 224 werkzeug - INFO -  * Detected change in 'd:\\IMP Folder\\1 On Goning Project\\Campus Placement Prediction\\ProjectOnging\\venv\\Lib\\http\\client.py', reloading
[ 2023-07-30 01:47:44,540 ] 224 werkzeug - INFO -  * Detected change in 'd:\\IMP Folder\\1 On Goning Project\\Campus Placement Prediction\\ProjectOnging\\venv\\Lib\\http\\server.py', reloading
[ 2023-07-30 01:47:44,540 ] 224 werkzeug - INFO -  * Detected change in 'd:\\IMP Folder\\1 On Goning Project\\Campus Placement Prediction\\ProjectOnging\\venv\\Lib\\http\\__init__.py', reloading
[ 2023-07-30 01:47:44,540 ] 224 werkzeug - INFO -  * Detected change in 'd:\\IMP Folder\\1 On Goning Project\\Campus Placement Prediction\\ProjectOnging\\venv\\Lib\\http\\cookiejar.py', reloading
[ 2023-07-30 01:47:44,540 ] 224 werkzeug - INFO -  * Detected change in 'd:\\IMP Folder\\1 On Goning Project\\Campus Placement Prediction\\ProjectOnging\\venv\\Lib\\json\\decoder.py', reloading
[ 2023-07-30 01:47:44,540 ] 224 werkzeug - INFO -  * Detected change in 'd:\\IMP Folder\\1 On Goning Project\\Campus Placement Prediction\\ProjectOnging\\venv\\Lib\\http\\cookies.py', reloading
[ 2023-07-30 01:47:44,540 ] 224 werkzeug - INFO -  * Detected change in 'd:\\IMP Folder\\1 On Goning Project\\Campus Placement Prediction\\ProjectOnging\\venv\\Lib\\json\\tool.py', reloading
[ 2023-07-30 01:47:44,540 ] 224 werkzeug - INFO -  * Detected change in 'd:\\IMP Folder\\1 On Goning Project\\Campus Placement Prediction\\ProjectOnging\\venv\\Lib\\json\\encoder.py', reloading
[ 2023-07-30 01:47:44,556 ] 224 werkzeug - INFO -  * Detected change in 'd:\\IMP Folder\\1 On Goning Project\\Campus Placement Prediction\\ProjectOnging\\venv\\Lib\\json\\scanner.py', reloading
[ 2023-07-30 01:47:44,556 ] 224 werkzeug - INFO -  * Detected change in 'd:\\IMP Folder\\1 On Goning Project\\Campus Placement Prediction\\ProjectOnging\\venv\\Lib\\json\\__init__.py', reloading
[ 2023-07-30 01:47:44,556 ] 224 werkzeug - INFO -  * Detected change in 'd:\\IMP Folder\\1 On Goning Project\\Campus Placement Prediction\\ProjectOnging\\venv\\Lib\\test\\support\\hashlib_helper.py', reloading
[ 2023-07-30 01:47:44,556 ] 224 werkzeug - INFO -  * Detected change in 'd:\\IMP Folder\\1 On Goning Project\\Campus Placement Prediction\\ProjectOnging\\venv\\Lib\\test\\support\\__init__.py', reloading
[ 2023-07-30 01:47:44,556 ] 224 werkzeug - INFO -  * Detected change in 'd:\\IMP Folder\\1 On Goning Project\\Campus Placement Prediction\\ProjectOnging\\venv\\Lib\\test\\support\\import_helper.py', reloading
[ 2023-07-30 01:47:44,556 ] 224 werkzeug - INFO -  * Detected change in 'd:\\IMP Folder\\1 On Goning Project\\Campus Placement Prediction\\ProjectOnging\\venv\\Lib\\test\\support\\interpreters.py', reloading
[ 2023-07-30 01:47:44,556 ] 224 werkzeug - INFO -  * Detected change in 'd:\\IMP Folder\\1 On Goning Project\\Campus Placement Prediction\\ProjectOnging\\venv\\Lib\\test\\support\\os_helper.py', reloading
[ 2023-07-30 01:47:44,556 ] 224 werkzeug - INFO -  * Detected change in 'd:\\IMP Folder\\1 On Goning Project\\Campus Placement Prediction\\ProjectOnging\\venv\\Lib\\test\\support\\testresult.py', reloading
[ 2023-07-30 01:47:44,556 ] 224 werkzeug - INFO -  * Detected change in 'd:\\IMP Folder\\1 On Goning Project\\Campus Placement Prediction\\ProjectOnging\\venv\\Lib\\test\\support\\script_helper.py', reloading
[ 2023-07-30 01:47:44,571 ] 224 werkzeug - INFO -  * Detected change in 'd:\\IMP Folder\\1 On Goning Project\\Campus Placement Prediction\\ProjectOnging\\venv\\Lib\\test\\support\\logging_helper.py', reloading
[ 2023-07-30 01:47:44,571 ] 224 werkzeug - INFO -  * Detected change in 'd:\\IMP Folder\\1 On Goning Project\\Campus Placement Prediction\\ProjectOnging\\venv\\Lib\\test\\support\\socket_helper.py', reloading
[ 2023-07-30 01:47:44,571 ] 224 werkzeug - INFO -  * Detected change in 'd:\\IMP Folder\\1 On Goning Project\\Campus Placement Prediction\\ProjectOnging\\venv\\Lib\\test\\support\\bytecode_helper.py', reloading
[ 2023-07-30 01:47:44,571 ] 224 werkzeug - INFO -  * Detected change in 'd:\\IMP Folder\\1 On Goning Project\\Campus Placement Prediction\\ProjectOnging\\venv\\Lib\\test\\__init__.py', reloading
[ 2023-07-30 01:47:44,571 ] 224 werkzeug - INFO -  * Detected change in 'd:\\IMP Folder\\1 On Goning Project\\Campus Placement Prediction\\ProjectOnging\\venv\\Lib\\test\\support\\warnings_helper.py', reloading
[ 2023-07-30 01:47:44,571 ] 224 werkzeug - INFO -  * Detected change in 'd:\\IMP Folder\\1 On Goning Project\\Campus Placement Prediction\\ProjectOnging\\venv\\Lib\\test\\support\\threading_helper.py', reloading
[ 2023-07-30 01:47:44,587 ] 224 werkzeug - INFO -  * Detected change in 'd:\\IMP Folder\\1 On Goning Project\\Campus Placement Prediction\\ProjectOnging\\venv\\Lib\\venv\\__main__.py', reloading
[ 2023-07-30 01:47:44,587 ] 224 werkzeug - INFO -  * Detected change in 'd:\\IMP Folder\\1 On Goning Project\\Campus Placement Prediction\\ProjectOnging\\venv\\Lib\\email\\mime\\text.py', reloading
[ 2023-07-30 01:47:44,587 ] 224 werkzeug - INFO -  * Detected change in 'd:\\IMP Folder\\1 On Goning Project\\Campus Placement Prediction\\ProjectOnging\\venv\\Lib\\venv\\__init__.py', reloading
[ 2023-07-30 01:47:44,587 ] 224 werkzeug - INFO -  * Detected change in 'd:\\IMP Folder\\1 On Goning Project\\Campus Placement Prediction\\ProjectOnging\\venv\\Lib\\email\\mime\\base.py', reloading
[ 2023-07-30 01:47:44,587 ] 224 werkzeug - INFO -  * Detected change in 'd:\\IMP Folder\\1 On Goning Project\\Campus Placement Prediction\\ProjectOnging\\venv\\Lib\\email\\mime\\audio.py', reloading
[ 2023-07-30 01:47:44,602 ] 224 werkzeug - INFO -  * Detected change in 'd:\\IMP Folder\\1 On Goning Project\\Campus Placement Prediction\\ProjectOnging\\venv\\Lib\\email\\mime\\nonmultipart.py', reloading
[ 2023-07-30 01:47:44,602 ] 224 werkzeug - INFO -  * Detected change in 'd:\\IMP Folder\\1 On Goning Project\\Campus Placement Prediction\\ProjectOnging\\venv\\Lib\\email\\mime\\message.py', reloading
[ 2023-07-30 01:47:44,602 ] 224 werkzeug - INFO -  * Detected change in 'd:\\IMP Folder\\1 On Goning Project\\Campus Placement Prediction\\ProjectOnging\\venv\\Lib\\email\\mime\\application.py', reloading
[ 2023-07-30 01:47:44,602 ] 224 werkzeug - INFO -  * Detected change in 'd:\\IMP Folder\\1 On Goning Project\\Campus Placement Prediction\\ProjectOnging\\venv\\Lib\\email\\mime\\multipart.py', reloading
[ 2023-07-30 01:47:44,602 ] 224 werkzeug - INFO -  * Detected change in 'd:\\IMP Folder\\1 On Goning Project\\Campus Placement Prediction\\ProjectOnging\\venv\\Lib\\email\\mime\\image.py', reloading
[ 2023-07-30 01:47:44,602 ] 224 werkzeug - INFO -  * Detected change in 'd:\\IMP Folder\\1 On Goning Project\\Campus Placement Prediction\\ProjectOnging\\venv\\Lib\\email\\utils.py', reloading
[ 2023-07-30 01:47:44,602 ] 224 werkzeug - INFO -  * Detected change in 'd:\\IMP Folder\\1 On Goning Project\\Campus Placement Prediction\\ProjectOnging\\venv\\Lib\\email\\parser.py', reloading
[ 2023-07-30 01:47:44,618 ] 224 werkzeug - INFO -  * Detected change in 'd:\\IMP Folder\\1 On Goning Project\\Campus Placement Prediction\\ProjectOnging\\venv\\Lib\\email\\errors.py', reloading
[ 2023-07-30 01:47:44,618 ] 224 werkzeug - INFO -  * Detected change in 'd:\\IMP Folder\\1 On Goning Project\\Campus Placement Prediction\\ProjectOnging\\venv\\Lib\\email\\header.py', reloading
[ 2023-07-30 01:47:44,618 ] 224 werkzeug - INFO -  * Detected change in 'd:\\IMP Folder\\1 On Goning Project\\Campus Placement Prediction\\ProjectOnging\\venv\\Lib\\email\\policy.py', reloading
[ 2023-07-30 01:47:44,618 ] 224 werkzeug - INFO -  * Detected change in 'd:\\IMP Folder\\1 On Goning Project\\Campus Placement Prediction\\ProjectOnging\\venv\\Lib\\email\\encoders.py', reloading
[ 2023-07-30 01:47:44,618 ] 224 werkzeug - INFO -  * Detected change in 'd:\\IMP Folder\\1 On Goning Project\\Campus Placement Prediction\\ProjectOnging\\venv\\Lib\\email\\generator.py', reloading
[ 2023-07-30 01:47:44,618 ] 224 werkzeug - INFO -  * Detected change in 'd:\\IMP Folder\\1 On Goning Project\\Campus Placement Prediction\\ProjectOnging\\venv\\Lib\\email\\_parseaddr.py', reloading
[ 2023-07-30 01:47:44,618 ] 224 werkzeug - INFO -  * Detected change in 'd:\\IMP Folder\\1 On Goning Project\\Campus Placement Prediction\\ProjectOnging\\venv\\Lib\\email\\__init__.py', reloading
[ 2023-07-30 01:47:44,618 ] 224 werkzeug - INFO -  * Detected change in 'd:\\IMP Folder\\1 On Goning Project\\Campus Placement Prediction\\ProjectOnging\\venv\\Lib\\email\\iterators.py', reloading
[ 2023-07-30 01:47:44,618 ] 224 werkzeug - INFO -  * Detected change in 'd:\\IMP Folder\\1 On Goning Project\\Campus Placement Prediction\\ProjectOnging\\venv\\Lib\\email\\charset.py', reloading
[ 2023-07-30 01:47:44,618 ] 224 werkzeug - INFO -  * Detected change in 'd:\\IMP Folder\\1 On Goning Project\\Campus Placement Prediction\\ProjectOnging\\venv\\Lib\\email\\message.py', reloading
[ 2023-07-30 01:47:44,634 ] 224 werkzeug - INFO -  * Detected change in 'd:\\IMP Folder\\1 On Goning Project\\Campus Placement Prediction\\ProjectOnging\\venv\\Lib\\email\\base64mime.py', reloading
[ 2023-07-30 01:47:44,634 ] 224 werkzeug - INFO -  * Detected change in 'd:\\IMP Folder\\1 On Goning Project\\Campus Placement Prediction\\ProjectOnging\\venv\\Lib\\email\\_policybase.py', reloading
[ 2023-07-30 01:47:44,634 ] 224 werkzeug - INFO -  * Detected change in 'd:\\IMP Folder\\1 On Goning Project\\Campus Placement Prediction\\ProjectOnging\\venv\\Lib\\email\\feedparser.py', reloading
[ 2023-07-30 01:47:44,634 ] 224 werkzeug - INFO -  * Detected change in 'd:\\IMP Folder\\1 On Goning Project\\Campus Placement Prediction\\ProjectOnging\\venv\\Lib\\email\\quoprimime.py', reloading
[ 2023-07-30 01:47:44,634 ] 224 werkzeug - INFO -  * Detected change in 'd:\\IMP Folder\\1 On Goning Project\\Campus Placement Prediction\\ProjectOnging\\venv\\Lib\\email\\contentmanager.py', reloading
[ 2023-07-30 01:47:44,634 ] 224 werkzeug - INFO -  * Detected change in 'd:\\IMP Folder\\1 On Goning Project\\Campus Placement Prediction\\ProjectOnging\\venv\\Lib\\io.py', reloading
[ 2023-07-30 01:47:44,634 ] 224 werkzeug - INFO -  * Detected change in 'd:\\IMP Folder\\1 On Goning Project\\Campus Placement Prediction\\ProjectOnging\\venv\\Lib\\email\\headerregistry.py', reloading
[ 2023-07-30 01:47:44,649 ] 224 werkzeug - INFO -  * Detected change in 'd:\\IMP Folder\\1 On Goning Project\\Campus Placement Prediction\\ProjectOnging\\venv\\Lib\\email\\_header_value_parser.py', reloading
[ 2023-07-30 01:47:44,656 ] 224 werkzeug - INFO -  * Detected change in 'd:\\IMP Folder\\1 On Goning Project\\Campus Placement Prediction\\ProjectOnging\\venv\\Lib\\os.py', reloading
[ 2023-07-30 01:47:44,656 ] 224 werkzeug - INFO -  * Detected change in 'd:\\IMP Folder\\1 On Goning Project\\Campus Placement Prediction\\ProjectOnging\\venv\\Lib\\abc.py', reloading
[ 2023-07-30 01:47:44,656 ] 224 werkzeug - INFO -  * Detected change in 'd:\\IMP Folder\\1 On Goning Project\\Campus Placement Prediction\\ProjectOnging\\venv\\Lib\\email\\_encoded_words.py', reloading
[ 2023-07-30 01:47:44,656 ] 224 werkzeug - INFO -  * Detected change in 'd:\\IMP Folder\\1 On Goning Project\\Campus Placement Prediction\\ProjectOnging\\venv\\Lib\\uu.py', reloading
[ 2023-07-30 01:47:44,656 ] 224 werkzeug - INFO -  * Detected change in 'd:\\IMP Folder\\1 On Goning Project\\Campus Placement Prediction\\ProjectOnging\\venv\\Lib\\bz2.py', reloading
[ 2023-07-30 01:47:44,665 ] 224 werkzeug - INFO -  * Detected change in 'd:\\IMP Folder\\1 On Goning Project\\Campus Placement Prediction\\ProjectOnging\\venv\\Lib\\ast.py', reloading
[ 2023-07-30 01:47:44,665 ] 224 werkzeug - INFO -  * Detected change in 'd:\\IMP Folder\\1 On Goning Project\\Campus Placement Prediction\\ProjectOnging\\venv\\Lib\\cgi.py', reloading
[ 2023-07-30 01:47:44,665 ] 224 werkzeug - INFO -  * Detected change in 'd:\\IMP Folder\\1 On Goning Project\\Campus Placement Prediction\\ProjectOnging\\venv\\Lib\\cmd.py', reloading
[ 2023-07-30 01:47:44,665 ] 224 werkzeug - INFO -  * Detected change in 'd:\\IMP Folder\\1 On Goning Project\\Campus Placement Prediction\\ProjectOnging\\venv\\Lib\\bdb.py', reloading
[ 2023-07-30 01:47:44,665 ] 224 werkzeug - INFO -  * Detected change in 'd:\\IMP Folder\\1 On Goning Project\\Campus Placement Prediction\\ProjectOnging\\venv\\Lib\\ctypes\\test\\__main__.py', reloading
[ 2023-07-30 01:47:44,665 ] 224 werkzeug - INFO -  * Detected change in 'd:\\IMP Folder\\1 On Goning Project\\Campus Placement Prediction\\ProjectOnging\\venv\\Lib\\ctypes\\test\\__init__.py', reloading
[ 2023-07-30 01:47:44,665 ] 224 werkzeug - INFO -  * Detected change in 'd:\\IMP Folder\\1 On Goning Project\\Campus Placement Prediction\\ProjectOnging\\venv\\Lib\\ctypes\\test\\test_anon.py', reloading
[ 2023-07-30 01:47:44,665 ] 224 werkzeug - INFO -  * Detected change in 'd:\\IMP Folder\\1 On Goning Project\\Campus Placement Prediction\\ProjectOnging\\venv\\Lib\\ctypes\\test\\test_find.py', reloading
[ 2023-07-30 01:47:44,665 ] 224 werkzeug - INFO -  * Detected change in 'd:\\IMP Folder\\1 On Goning Project\\Campus Placement Prediction\\ProjectOnging\\venv\\Lib\\ctypes\\test\\test_cast.py', reloading
[ 2023-07-30 01:47:44,665 ] 224 werkzeug - INFO -  * Detected change in 'd:\\IMP Folder\\1 On Goning Project\\Campus Placement Prediction\\ProjectOnging\\venv\\Lib\\csv.py', reloading
[ 2023-07-30 01:47:44,665 ] 224 werkzeug - INFO -  * Detected change in 'd:\\IMP Folder\\1 On Goning Project\\Campus Placement Prediction\\ProjectOnging\\venv\\Lib\\ctypes\\test\\test_init.py', reloading
[ 2023-07-30 01:47:44,681 ] 224 werkzeug - INFO -  * Detected change in 'd:\\IMP Folder\\1 On Goning Project\\Campus Placement Prediction\\ProjectOnging\\venv\\Lib\\ctypes\\test\\test_sizes.py', reloading
[ 2023-07-30 01:47:44,681 ] 224 werkzeug - INFO -  * Detected change in 'd:\\IMP Folder\\1 On Goning Project\\Campus Placement Prediction\\ProjectOnging\\venv\\Lib\\ctypes\\test\\test_repr.py', reloading
[ 2023-07-30 01:47:44,681 ] 224 werkzeug - INFO -  * Detected change in 'd:\\IMP Folder\\1 On Goning Project\\Campus Placement Prediction\\ProjectOnging\\venv\\Lib\\ctypes\\test\\test_libc.py', reloading
[ 2023-07-30 01:47:44,681 ] 224 werkzeug - INFO -  * Detected change in 'd:\\IMP Folder\\1 On Goning Project\\Campus Placement Prediction\\ProjectOnging\\venv\\Lib\\ctypes\\test\\test_errno.py', reloading
[ 2023-07-30 01:47:44,681 ] 224 werkzeug - INFO -  * Detected change in 'd:\\IMP Folder\\1 On Goning Project\\Campus Placement Prediction\\ProjectOnging\\venv\\Lib\\ctypes\\test\\test_cfuncs.py', reloading
[ 2023-07-30 01:47:44,681 ] 224 werkzeug - INFO -  * Detected change in 'd:\\IMP Folder\\1 On Goning Project\\Campus Placement Prediction\\ProjectOnging\\venv\\Lib\\ctypes\\test\\test_bytes.py', reloading
[ 2023-07-30 01:47:44,697 ] 224 werkzeug - INFO -  * Detected change in 'd:\\IMP Folder\\1 On Goning Project\\Campus Placement Prediction\\ProjectOnging\\venv\\Lib\\ctypes\\test\\test_win32.py', reloading
[ 2023-07-30 01:47:44,697 ] 224 werkzeug - INFO -  * Detected change in 'd:\\IMP Folder\\1 On Goning Project\\Campus Placement Prediction\\ProjectOnging\\venv\\Lib\\ctypes\\test\\test_arrays.py', reloading
[ 2023-07-30 01:47:44,697 ] 224 werkzeug - INFO -  * Detected change in 'd:\\IMP Folder\\1 On Goning Project\\Campus Placement Prediction\\ProjectOnging\\venv\\Lib\\ctypes\\test\\test_values.py', reloading
[ 2023-07-30 01:47:44,697 ] 224 werkzeug - INFO -  * Detected change in 'd:\\IMP Folder\\1 On Goning Project\\Campus Placement Prediction\\ProjectOnging\\venv\\Lib\\ctypes\\test\\test_delattr.py', reloading
[ 2023-07-30 01:47:44,697 ] 224 werkzeug - INFO -  * Detected change in 'd:\\IMP Folder\\1 On Goning Project\\Campus Placement Prediction\\ProjectOnging\\venv\\Lib\\ctypes\\test\\test_numbers.py', reloading
[ 2023-07-30 01:47:44,712 ] 224 werkzeug - INFO -  * Detected change in 'd:\\IMP Folder\\1 On Goning Project\\Campus Placement Prediction\\ProjectOnging\\venv\\Lib\\ctypes\\test\\test_buffers.py', reloading
[ 2023-07-30 01:47:44,712 ] 224 werkzeug - INFO -  * Detected change in 'd:\\IMP Folder\\1 On Goning Project\\Campus Placement Prediction\\ProjectOnging\\venv\\Lib\\ctypes\\test\\test_loading.py', reloading
[ 2023-07-30 01:47:44,712 ] 224 werkzeug - INFO -  * Detected change in 'd:\\IMP Folder\\1 On Goning Project\\Campus Placement Prediction\\ProjectOnging\\venv\\Lib\\ctypes\\test\\test_funcptr.py', reloading
[ 2023-07-30 01:47:44,712 ] 224 werkzeug - INFO -  * Detected change in 'd:\\IMP Folder\\1 On Goning Project\\Campus Placement Prediction\\ProjectOnging\\venv\\Lib\\ctypes\\test\\test_objects.py', reloading
[ 2023-07-30 01:47:44,712 ] 224 werkzeug - INFO -  * Detected change in 'd:\\IMP Folder\\1 On Goning Project\\Campus Placement Prediction\\ProjectOnging\\venv\\Lib\\ctypes\\test\\test_slicing.py', reloading
[ 2023-07-30 01:47:44,712 ] 224 werkzeug - INFO -  * Detected change in 'd:\\IMP Folder\\1 On Goning Project\\Campus Placement Prediction\\ProjectOnging\\venv\\Lib\\ctypes\\test\\test_pep3118.py', reloading
[ 2023-07-30 01:47:44,712 ] 224 werkzeug - INFO -  * Detected change in 'd:\\IMP Folder\\1 On Goning Project\\Campus Placement Prediction\\ProjectOnging\\venv\\Lib\\ctypes\\test\\test_strings.py', reloading
[ 2023-07-30 01:47:44,728 ] 224 werkzeug - INFO -  * Detected change in 'd:\\IMP Folder\\1 On Goning Project\\Campus Placement Prediction\\ProjectOnging\\venv\\Lib\\ctypes\\test\\test_keeprefs.py', reloading
[ 2023-07-30 01:47:44,728 ] 224 werkzeug - INFO -  * Detected change in 'd:\\IMP Folder\\1 On Goning Project\\Campus Placement Prediction\\ProjectOnging\\venv\\Lib\\ctypes\\test\\test_byteswap.py', reloading
[ 2023-07-30 01:47:44,730 ] 224 werkzeug - INFO -  * Detected change in 'd:\\IMP Folder\\1 On Goning Project\\Campus Placement Prediction\\ProjectOnging\\venv\\Lib\\ctypes\\test\\test_macholib.py', reloading
