[ 2023-07-30 11:43:37,501 ] 224 werkzeug - WARNING -  * Debugger is active!
[ 2023-07-30 11:43:37,503 ] 224 werkzeug - INFO -  * Debugger PIN: 117-428-366
[ 2023-07-30 11:43:37,530 ] 224 werkzeug - INFO -  * Detected change in 'd:\\IMP Folder\\1 On Goning Project\\Campus Placement Prediction\\ProjectOnging\\venv\\Lib\\idlelib\\idle_test\\test_colorizer.py', reloading
[ 2023-07-30 11:43:37,548 ] 224 werkzeug - INFO -  * Detected change in 'd:\\IMP Folder\\1 On Goning Project\\Campus Placement Prediction\\ProjectOnging\\venv\\Lib\\idlelib\\idle_test\\test_config.py', reloading
[ 2023-07-30 11:43:37,572 ] 224 werkzeug - INFO -  * Detected change in 'd:\\IMP Folder\\1 On Goning Project\\Campus Placement Prediction\\ProjectOnging\\venv\\Lib\\idlelib\\idle_test\\test_config_key.py', reloading
[ 2023-07-30 11:43:37,595 ] 224 werkzeug - INFO -  * Detected change in 'd:\\IMP Folder\\1 On Goning Project\\Campus Placement Prediction\\ProjectOnging\\venv\\Lib\\idlelib\\idle_test\\test_configdialog.py', reloading
[ 2023-07-30 11:43:37,620 ] 224 werkzeug - INFO -  * Detected change in 'd:\\IMP Folder\\1 On Goning Project\\Campus Placement Prediction\\ProjectOnging\\venv\\Lib\\idlelib\\idle_test\\test_debugger.py', reloading
[ 2023-07-30 11:43:37,632 ] 224 werkzeug - INFO -  * Detected change in 'd:\\IMP Folder\\1 On Goning Project\\Campus Placement Prediction\\ProjectOnging\\venv\\Lib\\idlelib\\idle_test\\test_debugger_r.py', reloading
[ 2023-07-30 11:43:37,641 ] 224 werkzeug - INFO -  * Detected change in 'd:\\IMP Folder\\1 On Goning Project\\Campus Placement Prediction\\ProjectOnging\\venv\\Lib\\idlelib\\idle_test\\test_debugobj.py', reloading
[ 2023-07-30 11:43:37,653 ] 224 werkzeug - INFO -  * Detected change in 'd:\\IMP Folder\\1 On Goning Project\\Campus Placement Prediction\\ProjectOnging\\venv\\Lib\\idlelib\\idle_test\\test_debugobj_r.py', reloading
[ 2023-07-30 11:43:37,666 ] 224 werkzeug - INFO -  * Detected change in 'd:\\IMP Folder\\1 On Goning Project\\Campus Placement Prediction\\ProjectOnging\\venv\\Lib\\idlelib\\idle_test\\test_delegator.py', reloading
[ 2023-07-30 11:43:37,682 ] 224 werkzeug - INFO -  * Detected change in 'd:\\IMP Folder\\1 On Goning Project\\Campus Placement Prediction\\ProjectOnging\\venv\\Lib\\idlelib\\idle_test\\test_editmenu.py', reloading
[ 2023-07-30 11:43:37,700 ] 224 werkzeug - INFO -  * Detected change in 'd:\\IMP Folder\\1 On Goning Project\\Campus Placement Prediction\\ProjectOnging\\venv\\Lib\\idlelib\\idle_test\\test_editor.py', reloading
[ 2023-07-30 11:43:37,713 ] 224 werkzeug - INFO -  * Detected change in 'd:\\IMP Folder\\1 On Goning Project\\Campus Placement Prediction\\ProjectOnging\\venv\\Lib\\idlelib\\idle_test\\test_filelist.py', reloading
[ 2023-07-30 11:43:37,728 ] 224 werkzeug - INFO -  * Detected change in 'd:\\IMP Folder\\1 On Goning Project\\Campus Placement Prediction\\ProjectOnging\\venv\\Lib\\idlelib\\idle_test\\test_format.py', reloading
[ 2023-07-30 11:43:37,749 ] 224 werkzeug - INFO -  * Detected change in 'd:\\IMP Folder\\1 On Goning Project\\Campus Placement Prediction\\ProjectOnging\\venv\\Lib\\idlelib\\idle_test\\test_grep.py', reloading
[ 2023-07-30 11:43:37,761 ] 224 werkzeug - INFO -  * Detected change in 'd:\\IMP Folder\\1 On Goning Project\\Campus Placement Prediction\\ProjectOnging\\venv\\Lib\\idlelib\\idle_test\\test_help.py', reloading
[ 2023-07-30 11:43:37,771 ] 224 werkzeug - INFO -  * Detected change in 'd:\\IMP Folder\\1 On Goning Project\\Campus Placement Prediction\\ProjectOnging\\venv\\Lib\\idlelib\\idle_test\\test_help_about.py', reloading
[ 2023-07-30 11:43:37,785 ] 224 werkzeug - INFO -  * Detected change in 'd:\\IMP Folder\\1 On Goning Project\\Campus Placement Prediction\\ProjectOnging\\venv\\Lib\\idlelib\\idle_test\\test_history.py', reloading
[ 2023-07-30 11:43:37,798 ] 224 werkzeug - INFO -  * Detected change in 'd:\\IMP Folder\\1 On Goning Project\\Campus Placement Prediction\\ProjectOnging\\venv\\Lib\\idlelib\\idle_test\\test_hyperparser.py', reloading
[ 2023-07-30 11:43:37,810 ] 224 werkzeug - INFO -  * Detected change in 'd:\\IMP Folder\\1 On Goning Project\\Campus Placement Prediction\\ProjectOnging\\venv\\Lib\\idlelib\\idle_test\\test_iomenu.py', reloading
[ 2023-07-30 11:43:37,821 ] 224 werkzeug - INFO -  * Detected change in 'd:\\IMP Folder\\1 On Goning Project\\Campus Placement Prediction\\ProjectOnging\\venv\\Lib\\idlelib\\idle_test\\test_macosx.py', reloading
[ 2023-07-30 11:43:37,830 ] 224 werkzeug - INFO -  * Detected change in 'd:\\IMP Folder\\1 On Goning Project\\Campus Placement Prediction\\ProjectOnging\\venv\\Lib\\idlelib\\idle_test\\test_mainmenu.py', reloading
[ 2023-07-30 11:43:37,845 ] 224 werkzeug - INFO -  * Detected change in 'd:\\IMP Folder\\1 On Goning Project\\Campus Placement Prediction\\ProjectOnging\\venv\\Lib\\idlelib\\idle_test\\test_multicall.py', reloading
[ 2023-07-30 11:43:37,845 ] 224 werkzeug - INFO -  * Detected change in 'd:\\IMP Folder\\1 On Goning Project\\Campus Placement Prediction\\ProjectOnging\\venv\\Lib\\idlelib\\idle_test\\test_outwin.py', reloading
[ 2023-07-30 11:43:37,861 ] 224 werkzeug - INFO -  * Detected change in 'd:\\IMP Folder\\1 On Goning Project\\Campus Placement Prediction\\ProjectOnging\\venv\\Lib\\idlelib\\idle_test\\test_parenmatch.py', reloading
[ 2023-07-30 11:43:37,877 ] 224 werkzeug - INFO -  * Detected change in 'd:\\IMP Folder\\1 On Goning Project\\Campus Placement Prediction\\ProjectOnging\\venv\\Lib\\idlelib\\idle_test\\test_pathbrowser.py', reloading
[ 2023-07-30 11:43:37,877 ] 224 werkzeug - INFO -  * Detected change in 'd:\\IMP Folder\\1 On Goning Project\\Campus Placement Prediction\\ProjectOnging\\venv\\Lib\\idlelib\\idle_test\\test_percolator.py', reloading
[ 2023-07-30 11:43:37,892 ] 224 werkzeug - INFO -  * Detected change in 'd:\\IMP Folder\\1 On Goning Project\\Campus Placement Prediction\\ProjectOnging\\venv\\Lib\\idlelib\\idle_test\\test_pyparse.py', reloading
[ 2023-07-30 11:43:37,908 ] 224 werkzeug - INFO -  * Detected change in 'd:\\IMP Folder\\1 On Goning Project\\Campus Placement Prediction\\ProjectOnging\\venv\\Lib\\idlelib\\idle_test\\test_pyshell.py', reloading
[ 2023-07-30 11:43:37,923 ] 224 werkzeug - INFO -  * Detected change in 'd:\\IMP Folder\\1 On Goning Project\\Campus Placement Prediction\\ProjectOnging\\venv\\Lib\\idlelib\\idle_test\\test_query.py', reloading
[ 2023-07-30 11:43:37,941 ] 224 werkzeug - INFO -  * Detected change in 'd:\\IMP Folder\\1 On Goning Project\\Campus Placement Prediction\\ProjectOnging\\venv\\Lib\\idlelib\\idle_test\\test_redirector.py', reloading
[ 2023-07-30 11:43:37,950 ] 224 werkzeug - INFO -  * Detected change in 'd:\\IMP Folder\\1 On Goning Project\\Campus Placement Prediction\\ProjectOnging\\venv\\Lib\\idlelib\\idle_test\\test_replace.py', reloading
[ 2023-07-30 11:43:37,966 ] 224 werkzeug - INFO -  * Detected change in 'd:\\IMP Folder\\1 On Goning Project\\Campus Placement Prediction\\ProjectOnging\\venv\\Lib\\idlelib\\idle_test\\test_rpc.py', reloading
[ 2023-07-30 11:43:37,966 ] 224 werkzeug - INFO -  * Detected change in 'd:\\IMP Folder\\1 On Goning Project\\Campus Placement Prediction\\ProjectOnging\\venv\\Lib\\idlelib\\idle_test\\test_run.py', reloading
[ 2023-07-30 11:43:37,981 ] 224 werkzeug - INFO -  * Detected change in 'd:\\IMP Folder\\1 On Goning Project\\Campus Placement Prediction\\ProjectOnging\\venv\\Lib\\idlelib\\idle_test\\test_runscript.py', reloading
[ 2023-07-30 11:43:37,997 ] 224 werkzeug - INFO -  * Detected change in 'd:\\IMP Folder\\1 On Goning Project\\Campus Placement Prediction\\ProjectOnging\\venv\\Lib\\idlelib\\idle_test\\test_scrolledlist.py', reloading
[ 2023-07-30 11:43:37,997 ] 224 werkzeug - INFO -  * Detected change in 'd:\\IMP Folder\\1 On Goning Project\\Campus Placement Prediction\\ProjectOnging\\venv\\Lib\\idlelib\\idle_test\\test_search.py', reloading
[ 2023-07-30 11:43:38,012 ] 224 werkzeug - INFO -  * Detected change in 'd:\\IMP Folder\\1 On Goning Project\\Campus Placement Prediction\\ProjectOnging\\venv\\Lib\\idlelib\\idle_test\\test_searchbase.py', reloading
[ 2023-07-30 11:43:38,012 ] 224 werkzeug - INFO -  * Detected change in 'd:\\IMP Folder\\1 On Goning Project\\Campus Placement Prediction\\ProjectOnging\\venv\\Lib\\idlelib\\idle_test\\test_searchengine.py', reloading
[ 2023-07-30 11:43:38,028 ] 224 werkzeug - INFO -  * Detected change in 'd:\\IMP Folder\\1 On Goning Project\\Campus Placement Prediction\\ProjectOnging\\venv\\Lib\\idlelib\\idle_test\\test_sidebar.py', reloading
[ 2023-07-30 11:43:38,059 ] 224 werkzeug - INFO -  * Detected change in 'd:\\IMP Folder\\1 On Goning Project\\Campus Placement Prediction\\ProjectOnging\\venv\\Lib\\idlelib\\idle_test\\test_squeezer.py', reloading
[ 2023-07-30 11:43:38,075 ] 224 werkzeug - INFO -  * Detected change in 'd:\\IMP Folder\\1 On Goning Project\\Campus Placement Prediction\\ProjectOnging\\venv\\Lib\\idlelib\\idle_test\\test_stackviewer.py', reloading
[ 2023-07-30 11:43:38,075 ] 224 werkzeug - INFO -  * Detected change in 'd:\\IMP Folder\\1 On Goning Project\\Campus Placement Prediction\\ProjectOnging\\venv\\Lib\\idlelib\\idle_test\\test_statusbar.py', reloading
[ 2023-07-30 11:43:38,075 ] 224 werkzeug - INFO -  * Detected change in 'd:\\IMP Folder\\1 On Goning Project\\Campus Placement Prediction\\ProjectOnging\\venv\\Lib\\idlelib\\idle_test\\test_text.py', reloading
[ 2023-07-30 11:43:38,091 ] 224 werkzeug - INFO -  * Detected change in 'd:\\IMP Folder\\1 On Goning Project\\Campus Placement Prediction\\ProjectOnging\\venv\\Lib\\idlelib\\idle_test\\test_textview.py', reloading
[ 2023-07-30 11:43:38,106 ] 224 werkzeug - INFO -  * Detected change in 'd:\\IMP Folder\\1 On Goning Project\\Campus Placement Prediction\\ProjectOnging\\venv\\Lib\\idlelib\\idle_test\\test_tooltip.py', reloading
[ 2023-07-30 11:43:38,122 ] 224 werkzeug - INFO -  * Detected change in 'd:\\IMP Folder\\1 On Goning Project\\Campus Placement Prediction\\ProjectOnging\\venv\\Lib\\idlelib\\idle_test\\test_tree.py', reloading
[ 2023-07-30 11:43:38,122 ] 224 werkzeug - INFO -  * Detected change in 'd:\\IMP Folder\\1 On Goning Project\\Campus Placement Prediction\\ProjectOnging\\venv\\Lib\\idlelib\\idle_test\\test_undo.py', reloading
[ 2023-07-30 11:43:38,137 ] 224 werkzeug - INFO -  * Detected change in 'd:\\IMP Folder\\1 On Goning Project\\Campus Placement Prediction\\ProjectOnging\\venv\\Lib\\idlelib\\idle_test\\test_util.py', reloading
[ 2023-07-30 11:43:38,153 ] 224 werkzeug - INFO -  * Detected change in 'd:\\IMP Folder\\1 On Goning Project\\Campus Placement Prediction\\ProjectOnging\\venv\\Lib\\idlelib\\idle_test\\test_warning.py', reloading
[ 2023-07-30 11:43:38,153 ] 224 werkzeug - INFO -  * Detected change in 'd:\\IMP Folder\\1 On Goning Project\\Campus Placement Prediction\\ProjectOnging\\venv\\Lib\\idlelib\\idle_test\\test_window.py', reloading
[ 2023-07-30 11:43:38,169 ] 224 werkzeug - INFO -  * Detected change in 'd:\\IMP Folder\\1 On Goning Project\\Campus Placement Prediction\\ProjectOnging\\venv\\Lib\\idlelib\\idle_test\\test_zoomheight.py', reloading
[ 2023-07-30 11:43:38,184 ] 224 werkzeug - INFO -  * Detected change in 'd:\\IMP Folder\\1 On Goning Project\\Campus Placement Prediction\\ProjectOnging\\venv\\Lib\\idlelib\\idle_test\\test_zzdummy.py', reloading
[ 2023-07-30 11:43:38,200 ] 224 werkzeug - INFO -  * Detected change in 'd:\\IMP Folder\\1 On Goning Project\\Campus Placement Prediction\\ProjectOnging\\venv\\Lib\\idlelib\\idle_test\\tkinter_testing_utils.py', reloading
[ 2023-07-30 11:43:38,200 ] 224 werkzeug - INFO -  * Detected change in 'd:\\IMP Folder\\1 On Goning Project\\Campus Placement Prediction\\ProjectOnging\\venv\\Lib\\importlib\\__init__.py', reloading
[ 2023-07-30 11:43:38,216 ] 224 werkzeug - INFO -  * Detected change in 'd:\\IMP Folder\\1 On Goning Project\\Campus Placement Prediction\\ProjectOnging\\venv\\Lib\\importlib\\_abc.py', reloading
[ 2023-07-30 11:43:38,231 ] 224 werkzeug - INFO -  * Detected change in 'd:\\IMP Folder\\1 On Goning Project\\Campus Placement Prediction\\ProjectOnging\\venv\\Lib\\importlib\\_bootstrap.py', reloading
[ 2023-07-30 11:43:38,263 ] 224 werkzeug - INFO -  * Detected change in 'd:\\IMP Folder\\1 On Goning Project\\Campus Placement Prediction\\ProjectOnging\\venv\\Lib\\importlib\\_bootstrap_external.py', reloading
[ 2023-07-30 11:43:38,294 ] 224 werkzeug - INFO -  * Detected change in 'd:\\IMP Folder\\1 On Goning Project\\Campus Placement Prediction\\ProjectOnging\\venv\\Lib\\importlib\\abc.py', reloading
[ 2023-07-30 11:43:38,309 ] 224 werkzeug - INFO -  * Detected change in 'd:\\IMP Folder\\1 On Goning Project\\Campus Placement Prediction\\ProjectOnging\\venv\\Lib\\importlib\\machinery.py', reloading
[ 2023-07-30 11:43:38,309 ] 224 werkzeug - INFO -  * Detected change in 'd:\\IMP Folder\\1 On Goning Project\\Campus Placement Prediction\\ProjectOnging\\venv\\Lib\\importlib\\readers.py', reloading
[ 2023-07-30 11:43:38,325 ] 224 werkzeug - INFO -  * Detected change in 'd:\\IMP Folder\\1 On Goning Project\\Campus Placement Prediction\\ProjectOnging\\venv\\Lib\\importlib\\simple.py', reloading
[ 2023-07-30 11:43:38,325 ] 224 werkzeug - INFO -  * Detected change in 'd:\\IMP Folder\\1 On Goning Project\\Campus Placement Prediction\\ProjectOnging\\venv\\Lib\\importlib\\util.py', reloading
[ 2023-07-30 11:43:38,341 ] 224 werkzeug - INFO -  * Detected change in 'd:\\IMP Folder\\1 On Goning Project\\Campus Placement Prediction\\ProjectOnging\\venv\\Lib\\importlib\\metadata\\__init__.py', reloading
[ 2023-07-30 11:43:38,372 ] 224 werkzeug - INFO -  * Detected change in 'd:\\IMP Folder\\1 On Goning Project\\Campus Placement Prediction\\ProjectOnging\\venv\\Lib\\importlib\\metadata\\_adapters.py', reloading
[ 2023-07-30 11:43:38,387 ] 224 werkzeug - INFO -  * Detected change in 'd:\\IMP Folder\\1 On Goning Project\\Campus Placement Prediction\\ProjectOnging\\venv\\Lib\\importlib\\metadata\\_collections.py', reloading
[ 2023-07-30 11:43:38,413 ] 224 werkzeug - INFO -  * Detected change in 'd:\\IMP Folder\\1 On Goning Project\\Campus Placement Prediction\\ProjectOnging\\venv\\Lib\\importlib\\metadata\\_functools.py', reloading
[ 2023-07-30 11:43:38,434 ] 224 werkzeug - INFO -  * Detected change in 'd:\\IMP Folder\\1 On Goning Project\\Campus Placement Prediction\\ProjectOnging\\venv\\Lib\\importlib\\metadata\\_itertools.py', reloading
[ 2023-07-30 11:43:38,448 ] 224 werkzeug - INFO -  * Detected change in 'd:\\IMP Folder\\1 On Goning Project\\Campus Placement Prediction\\ProjectOnging\\venv\\Lib\\importlib\\metadata\\_meta.py', reloading
[ 2023-07-30 11:43:38,448 ] 224 werkzeug - INFO -  * Detected change in 'd:\\IMP Folder\\1 On Goning Project\\Campus Placement Prediction\\ProjectOnging\\venv\\Lib\\importlib\\metadata\\_text.py', reloading
[ 2023-07-30 11:43:38,476 ] 224 werkzeug - INFO -  * Detected change in 'd:\\IMP Folder\\1 On Goning Project\\Campus Placement Prediction\\ProjectOnging\\venv\\Lib\\importlib\\resources\\__init__.py', reloading
[ 2023-07-30 11:43:38,490 ] 224 werkzeug - INFO -  * Detected change in 'd:\\IMP Folder\\1 On Goning Project\\Campus Placement Prediction\\ProjectOnging\\venv\\Lib\\importlib\\resources\\_adapters.py', reloading
[ 2023-07-30 11:43:38,504 ] 224 werkzeug - INFO -  * Detected change in 'd:\\IMP Folder\\1 On Goning Project\\Campus Placement Prediction\\ProjectOnging\\venv\\Lib\\importlib\\resources\\_common.py', reloading
[ 2023-07-30 11:43:38,504 ] 224 werkzeug - INFO -  * Detected change in 'd:\\IMP Folder\\1 On Goning Project\\Campus Placement Prediction\\ProjectOnging\\venv\\Lib\\importlib\\resources\\_itertools.py', reloading
