[ 2023-07-30 11:43:49,521 ] 224 werkzeug - WARNING -  * Debugger is active!
[ 2023-07-30 11:43:49,537 ] 224 werkzeug - INFO -  * Debugger PIN: 117-428-366
[ 2023-07-30 11:43:49,552 ] 224 werkzeug - INFO -  * Detected change in 'd:\\IMP Folder\\1 On Goning Project\\Campus Placement Prediction\\ProjectOnging\\venv\\Lib\\site-packages\\pkg_resources\\_vendor\\packaging\\__init__.py', reloading
[ 2023-07-30 11:43:49,568 ] 224 werkzeug - INFO -  * Detected change in 'd:\\IMP Folder\\1 On Goning Project\\Campus Placement Prediction\\ProjectOnging\\venv\\Lib\\site-packages\\pkg_resources\\_vendor\\packaging\\_elffile.py', reloading
[ 2023-07-30 11:43:49,584 ] 224 werkzeug - INFO -  * Detected change in 'd:\\IMP Folder\\1 On Goning Project\\Campus Placement Prediction\\ProjectOnging\\venv\\Lib\\site-packages\\pkg_resources\\_vendor\\packaging\\_manylinux.py', reloading
[ 2023-07-30 11:43:49,584 ] 224 werkzeug - INFO -  * Detected change in 'd:\\IMP Folder\\1 On Goning Project\\Campus Placement Prediction\\ProjectOnging\\venv\\Lib\\site-packages\\pkg_resources\\_vendor\\packaging\\_musllinux.py', reloading
[ 2023-07-30 11:43:49,615 ] 224 werkzeug - INFO -  * Detected change in 'd:\\IMP Folder\\1 On Goning Project\\Campus Placement Prediction\\ProjectOnging\\venv\\Lib\\site-packages\\pkg_resources\\_vendor\\packaging\\_parser.py', reloading
[ 2023-07-30 11:43:49,615 ] 224 werkzeug - INFO -  * Detected change in 'd:\\IMP Folder\\1 On Goning Project\\Campus Placement Prediction\\ProjectOnging\\venv\\Lib\\site-packages\\pkg_resources\\_vendor\\packaging\\_structures.py', reloading
[ 2023-07-30 11:43:49,631 ] 224 werkzeug - INFO -  * Detected change in 'd:\\IMP Folder\\1 On Goning Project\\Campus Placement Prediction\\ProjectOnging\\venv\\Lib\\site-packages\\pkg_resources\\_vendor\\packaging\\_tokenizer.py', reloading
[ 2023-07-30 11:43:49,646 ] 224 werkzeug - INFO -  * Detected change in 'd:\\IMP Folder\\1 On Goning Project\\Campus Placement Prediction\\ProjectOnging\\venv\\Lib\\site-packages\\pkg_resources\\_vendor\\packaging\\markers.py', reloading
[ 2023-07-30 11:43:49,662 ] 224 werkzeug - INFO -  * Detected change in 'd:\\IMP Folder\\1 On Goning Project\\Campus Placement Prediction\\ProjectOnging\\venv\\Lib\\site-packages\\pkg_resources\\_vendor\\packaging\\metadata.py', reloading
[ 2023-07-30 11:43:49,696 ] 224 werkzeug - INFO -  * Detected change in 'd:\\IMP Folder\\1 On Goning Project\\Campus Placement Prediction\\ProjectOnging\\venv\\Lib\\site-packages\\pkg_resources\\_vendor\\packaging\\requirements.py', reloading
[ 2023-07-30 11:43:49,701 ] 224 werkzeug - INFO -  * Detected change in 'd:\\IMP Folder\\1 On Goning Project\\Campus Placement Prediction\\ProjectOnging\\venv\\Lib\\site-packages\\pkg_resources\\_vendor\\packaging\\specifiers.py', reloading
[ 2023-07-30 11:43:49,732 ] 224 werkzeug - INFO -  * Detected change in 'd:\\IMP Folder\\1 On Goning Project\\Campus Placement Prediction\\ProjectOnging\\venv\\Lib\\site-packages\\pkg_resources\\_vendor\\packaging\\tags.py', reloading
[ 2023-07-30 11:43:49,748 ] 224 werkzeug - INFO -  * Detected change in 'd:\\IMP Folder\\1 On Goning Project\\Campus Placement Prediction\\ProjectOnging\\venv\\Lib\\site-packages\\pkg_resources\\_vendor\\packaging\\utils.py', reloading
[ 2023-07-30 11:43:49,756 ] 224 werkzeug - INFO -  * Detected change in 'd:\\IMP Folder\\1 On Goning Project\\Campus Placement Prediction\\ProjectOnging\\venv\\Lib\\site-packages\\pkg_resources\\_vendor\\packaging\\version.py', reloading
[ 2023-07-30 11:43:49,772 ] 224 werkzeug - INFO -  * Detected change in 'd:\\IMP Folder\\1 On Goning Project\\Campus Placement Prediction\\ProjectOnging\\venv\\Lib\\site-packages\\pkg_resources\\_vendor\\platformdirs\\__init__.py', reloading
[ 2023-07-30 11:43:49,772 ] 224 werkzeug - INFO -  * Detected change in 'd:\\IMP Folder\\1 On Goning Project\\Campus Placement Prediction\\ProjectOnging\\venv\\Lib\\site-packages\\pkg_resources\\_vendor\\platformdirs\\__main__.py', reloading
[ 2023-07-30 11:43:49,788 ] 224 werkzeug - INFO -  * Detected change in 'd:\\IMP Folder\\1 On Goning Project\\Campus Placement Prediction\\ProjectOnging\\venv\\Lib\\site-packages\\pkg_resources\\_vendor\\platformdirs\\android.py', reloading
[ 2023-07-30 11:43:49,803 ] 224 werkzeug - INFO -  * Detected change in 'd:\\IMP Folder\\1 On Goning Project\\Campus Placement Prediction\\ProjectOnging\\venv\\Lib\\site-packages\\pkg_resources\\_vendor\\platformdirs\\api.py', reloading
[ 2023-07-30 11:43:49,803 ] 224 werkzeug - INFO -  * Detected change in 'd:\\IMP Folder\\1 On Goning Project\\Campus Placement Prediction\\ProjectOnging\\venv\\Lib\\site-packages\\pkg_resources\\_vendor\\platformdirs\\macos.py', reloading
[ 2023-07-30 11:43:49,819 ] 224 werkzeug - INFO -  * Detected change in 'd:\\IMP Folder\\1 On Goning Project\\Campus Placement Prediction\\ProjectOnging\\venv\\Lib\\site-packages\\pkg_resources\\_vendor\\platformdirs\\unix.py', reloading
[ 2023-07-30 11:43:49,835 ] 224 werkzeug - INFO -  * Detected change in 'd:\\IMP Folder\\1 On Goning Project\\Campus Placement Prediction\\ProjectOnging\\venv\\Lib\\site-packages\\pkg_resources\\_vendor\\platformdirs\\version.py', reloading
[ 2023-07-30 11:43:49,835 ] 224 werkzeug - INFO -  * Detected change in 'd:\\IMP Folder\\1 On Goning Project\\Campus Placement Prediction\\ProjectOnging\\venv\\Lib\\site-packages\\pkg_resources\\_vendor\\platformdirs\\windows.py', reloading
[ 2023-07-30 11:43:49,850 ] 224 werkzeug - INFO -  * Detected change in 'd:\\IMP Folder\\1 On Goning Project\\Campus Placement Prediction\\ProjectOnging\\venv\\Lib\\site-packages\\pkg_resources\\extern\\__init__.py', reloading
[ 2023-07-30 11:43:49,866 ] 224 werkzeug - INFO -  * Detected change in 'd:\\IMP Folder\\1 On Goning Project\\Campus Placement Prediction\\ProjectOnging\\venv\\Lib\\site-packages\\setuptools\\__init__.py', reloading
[ 2023-07-30 11:43:49,897 ] 224 werkzeug - INFO -  * Detected change in 'd:\\IMP Folder\\1 On Goning Project\\Campus Placement Prediction\\ProjectOnging\\venv\\Lib\\site-packages\\setuptools\\_entry_points.py', reloading
[ 2023-07-30 11:43:49,897 ] 224 werkzeug - INFO -  * Detected change in 'd:\\IMP Folder\\1 On Goning Project\\Campus Placement Prediction\\ProjectOnging\\venv\\Lib\\site-packages\\setuptools\\_imp.py', reloading
[ 2023-07-30 11:43:49,913 ] 224 werkzeug - INFO -  * Detected change in 'd:\\IMP Folder\\1 On Goning Project\\Campus Placement Prediction\\ProjectOnging\\venv\\Lib\\site-packages\\setuptools\\_importlib.py', reloading
[ 2023-07-30 11:43:49,928 ] 224 werkzeug - INFO -  * Detected change in 'd:\\IMP Folder\\1 On Goning Project\\Campus Placement Prediction\\ProjectOnging\\venv\\Lib\\site-packages\\setuptools\\_itertools.py', reloading
[ 2023-07-30 11:43:49,928 ] 224 werkzeug - INFO -  * Detected change in 'd:\\IMP Folder\\1 On Goning Project\\Campus Placement Prediction\\ProjectOnging\\venv\\Lib\\site-packages\\setuptools\\_normalization.py', reloading
[ 2023-07-30 11:43:49,944 ] 224 werkzeug - INFO -  * Detected change in 'd:\\IMP Folder\\1 On Goning Project\\Campus Placement Prediction\\ProjectOnging\\venv\\Lib\\site-packages\\setuptools\\_path.py', reloading
[ 2023-07-30 11:43:49,944 ] 224 werkzeug - INFO -  * Detected change in 'd:\\IMP Folder\\1 On Goning Project\\Campus Placement Prediction\\ProjectOnging\\venv\\Lib\\site-packages\\setuptools\\_reqs.py', reloading
[ 2023-07-30 11:43:49,959 ] 224 werkzeug - INFO -  * Detected change in 'd:\\IMP Folder\\1 On Goning Project\\Campus Placement Prediction\\ProjectOnging\\venv\\Lib\\site-packages\\setuptools\\archive_util.py', reloading
[ 2023-07-30 11:43:49,975 ] 224 werkzeug - INFO -  * Detected change in 'd:\\IMP Folder\\1 On Goning Project\\Campus Placement Prediction\\ProjectOnging\\venv\\Lib\\site-packages\\setuptools\\build_meta.py', reloading
[ 2023-07-30 11:43:49,991 ] 224 werkzeug - INFO -  * Detected change in 'd:\\IMP Folder\\1 On Goning Project\\Campus Placement Prediction\\ProjectOnging\\venv\\Lib\\site-packages\\setuptools\\dep_util.py', reloading
[ 2023-07-30 11:43:49,991 ] 224 werkzeug - INFO -  * Detected change in 'd:\\IMP Folder\\1 On Goning Project\\Campus Placement Prediction\\ProjectOnging\\venv\\Lib\\site-packages\\setuptools\\depends.py', reloading
[ 2023-07-30 11:43:50,020 ] 224 werkzeug - INFO -  * Detected change in 'd:\\IMP Folder\\1 On Goning Project\\Campus Placement Prediction\\ProjectOnging\\venv\\Lib\\site-packages\\setuptools\\discovery.py', reloading
[ 2023-07-30 11:43:50,048 ] 224 werkzeug - INFO -  * Detected change in 'd:\\IMP Folder\\1 On Goning Project\\Campus Placement Prediction\\ProjectOnging\\venv\\Lib\\site-packages\\setuptools\\dist.py', reloading
[ 2023-07-30 11:43:50,090 ] 224 werkzeug - INFO -  * Detected change in 'd:\\IMP Folder\\1 On Goning Project\\Campus Placement Prediction\\ProjectOnging\\venv\\Lib\\site-packages\\setuptools\\errors.py', reloading
[ 2023-07-30 11:43:50,103 ] 224 werkzeug - INFO -  * Detected change in 'd:\\IMP Folder\\1 On Goning Project\\Campus Placement Prediction\\ProjectOnging\\venv\\Lib\\site-packages\\setuptools\\extension.py', reloading
[ 2023-07-30 11:43:50,116 ] 224 werkzeug - INFO -  * Detected change in 'd:\\IMP Folder\\1 On Goning Project\\Campus Placement Prediction\\ProjectOnging\\venv\\Lib\\site-packages\\setuptools\\glob.py', reloading
[ 2023-07-30 11:43:50,132 ] 224 werkzeug - INFO -  * Detected change in 'd:\\IMP Folder\\1 On Goning Project\\Campus Placement Prediction\\ProjectOnging\\venv\\Lib\\site-packages\\setuptools\\installer.py', reloading
[ 2023-07-30 11:43:50,151 ] 224 werkzeug - INFO -  * Detected change in 'd:\\IMP Folder\\1 On Goning Project\\Campus Placement Prediction\\ProjectOnging\\venv\\Lib\\site-packages\\setuptools\\launch.py', reloading
[ 2023-07-30 11:43:50,165 ] 224 werkzeug - INFO -  * Detected change in 'd:\\IMP Folder\\1 On Goning Project\\Campus Placement Prediction\\ProjectOnging\\venv\\Lib\\site-packages\\setuptools\\logging.py', reloading
[ 2023-07-30 11:43:50,187 ] 224 werkzeug - INFO -  * Detected change in 'd:\\IMP Folder\\1 On Goning Project\\Campus Placement Prediction\\ProjectOnging\\venv\\Lib\\site-packages\\setuptools\\monkey.py', reloading
[ 2023-07-30 11:43:50,209 ] 224 werkzeug - INFO -  * Detected change in 'd:\\IMP Folder\\1 On Goning Project\\Campus Placement Prediction\\ProjectOnging\\venv\\Lib\\site-packages\\setuptools\\msvc.py', reloading
[ 2023-07-30 11:43:50,255 ] 224 werkzeug - INFO -  * Detected change in 'd:\\IMP Folder\\1 On Goning Project\\Campus Placement Prediction\\ProjectOnging\\venv\\Lib\\site-packages\\setuptools\\namespaces.py', reloading
[ 2023-07-30 11:43:50,269 ] 224 werkzeug - INFO -  * Detected change in 'd:\\IMP Folder\\1 On Goning Project\\Campus Placement Prediction\\ProjectOnging\\venv\\Lib\\site-packages\\setuptools\\package_index.py', reloading
[ 2023-07-30 11:43:50,285 ] 224 werkzeug - INFO -  * Detected change in 'd:\\IMP Folder\\1 On Goning Project\\Campus Placement Prediction\\ProjectOnging\\venv\\Lib\\site-packages\\setuptools\\py312compat.py', reloading
[ 2023-07-30 11:43:50,301 ] 224 werkzeug - INFO -  * Detected change in 'd:\\IMP Folder\\1 On Goning Project\\Campus Placement Prediction\\ProjectOnging\\venv\\Lib\\site-packages\\setuptools\\sandbox.py', reloading
[ 2023-07-30 11:43:50,316 ] 224 werkzeug - INFO -  * Detected change in 'd:\\IMP Folder\\1 On Goning Project\\Campus Placement Prediction\\ProjectOnging\\venv\\Lib\\site-packages\\setuptools\\unicode_utils.py', reloading
[ 2023-07-30 11:43:50,316 ] 224 werkzeug - INFO -  * Detected change in 'd:\\IMP Folder\\1 On Goning Project\\Campus Placement Prediction\\ProjectOnging\\venv\\Lib\\site-packages\\setuptools\\version.py', reloading
[ 2023-07-30 11:43:50,332 ] 224 werkzeug - INFO -  * Detected change in 'd:\\IMP Folder\\1 On Goning Project\\Campus Placement Prediction\\ProjectOnging\\venv\\Lib\\site-packages\\setuptools\\warnings.py', reloading
[ 2023-07-30 11:43:50,347 ] 224 werkzeug - INFO -  * Detected change in 'd:\\IMP Folder\\1 On Goning Project\\Campus Placement Prediction\\ProjectOnging\\venv\\Lib\\site-packages\\setuptools\\wheel.py', reloading
[ 2023-07-30 11:43:50,363 ] 224 werkzeug - INFO -  * Detected change in 'd:\\IMP Folder\\1 On Goning Project\\Campus Placement Prediction\\ProjectOnging\\venv\\Lib\\site-packages\\setuptools\\windows_support.py', reloading
[ 2023-07-30 11:43:50,363 ] 224 werkzeug - INFO -  * Detected change in 'd:\\IMP Folder\\1 On Goning Project\\Campus Placement Prediction\\ProjectOnging\\venv\\Lib\\site-packages\\setuptools\\_distutils\\__init__.py', reloading
[ 2023-07-30 11:43:50,379 ] 224 werkzeug - INFO -  * Detected change in 'd:\\IMP Folder\\1 On Goning Project\\Campus Placement Prediction\\ProjectOnging\\venv\\Lib\\site-packages\\setuptools\\_distutils\\_collections.py', reloading
[ 2023-07-30 11:43:50,379 ] 224 werkzeug - INFO -  * Detected change in 'd:\\IMP Folder\\1 On Goning Project\\Campus Placement Prediction\\ProjectOnging\\venv\\Lib\\site-packages\\setuptools\\_distutils\\_functools.py', reloading
[ 2023-07-30 11:43:50,394 ] 224 werkzeug - INFO -  * Detected change in 'd:\\IMP Folder\\1 On Goning Project\\Campus Placement Prediction\\ProjectOnging\\venv\\Lib\\site-packages\\setuptools\\_distutils\\_log.py', reloading
[ 2023-07-30 11:43:50,394 ] 224 werkzeug - INFO -  * Detected change in 'd:\\IMP Folder\\1 On Goning Project\\Campus Placement Prediction\\ProjectOnging\\venv\\Lib\\site-packages\\setuptools\\_distutils\\_macos_compat.py', reloading
[ 2023-07-30 11:43:50,429 ] 224 werkzeug - INFO -  * Detected change in 'd:\\IMP Folder\\1 On Goning Project\\Campus Placement Prediction\\ProjectOnging\\venv\\Lib\\site-packages\\setuptools\\_distutils\\_msvccompiler.py', reloading
[ 2023-07-30 11:43:50,443 ] 224 werkzeug - INFO -  * Detected change in 'd:\\IMP Folder\\1 On Goning Project\\Campus Placement Prediction\\ProjectOnging\\venv\\Lib\\site-packages\\setuptools\\_distutils\\archive_util.py', reloading
[ 2023-07-30 11:43:50,443 ] 224 werkzeug - INFO -  * Detected change in 'd:\\IMP Folder\\1 On Goning Project\\Campus Placement Prediction\\ProjectOnging\\venv\\Lib\\site-packages\\setuptools\\_distutils\\bcppcompiler.py', reloading
[ 2023-07-30 11:43:50,458 ] 224 werkzeug - INFO -  * Detected change in 'd:\\IMP Folder\\1 On Goning Project\\Campus Placement Prediction\\ProjectOnging\\venv\\Lib\\site-packages\\setuptools\\_distutils\\ccompiler.py', reloading
[ 2023-07-30 11:43:50,489 ] 224 werkzeug - INFO -  * Detected change in 'd:\\IMP Folder\\1 On Goning Project\\Campus Placement Prediction\\ProjectOnging\\venv\\Lib\\site-packages\\setuptools\\_distutils\\cmd.py', reloading
[ 2023-07-30 11:43:50,508 ] 224 werkzeug - INFO -  * Detected change in 'd:\\IMP Folder\\1 On Goning Project\\Campus Placement Prediction\\ProjectOnging\\venv\\Lib\\site-packages\\setuptools\\_distutils\\config.py', reloading
[ 2023-07-30 11:43:50,523 ] 224 werkzeug - INFO -  * Detected change in 'd:\\IMP Folder\\1 On Goning Project\\Campus Placement Prediction\\ProjectOnging\\venv\\Lib\\site-packages\\setuptools\\_distutils\\core.py', reloading
[ 2023-07-30 11:43:50,529 ] 224 werkzeug - INFO -  * Detected change in 'd:\\IMP Folder\\1 On Goning Project\\Campus Placement Prediction\\ProjectOnging\\venv\\Lib\\site-packages\\setuptools\\_distutils\\cygwinccompiler.py', reloading
[ 2023-07-30 11:43:50,553 ] 224 werkzeug - INFO -  * Detected change in 'd:\\IMP Folder\\1 On Goning Project\\Campus Placement Prediction\\ProjectOnging\\venv\\Lib\\site-packages\\setuptools\\_distutils\\debug.py', reloading
