[ 2023-07-30 15:57:43,735 ] 224 werkzeug - WARNING -  * Debugger is active!
[ 2023-07-30 15:57:43,735 ] 224 werkzeug - INFO -  * Debugger PIN: 117-428-366
[ 2023-07-30 15:57:45,465 ] 224 werkzeug - INFO -  * Detected change in 'C:\\Users\\papal\\anaconda3\\Lib\\site-packages\\gunicorn\\arbiter.py', reloading
[ 2023-07-30 15:57:45,465 ] 224 werkzeug - INFO -  * Detected change in 'C:\\Users\\papal\\anaconda3\\Lib\\site-packages\\gunicorn\\config.py', reloading
[ 2023-07-30 15:57:45,465 ] 224 werkzeug - INFO -  * Detected change in 'C:\\Users\\papal\\anaconda3\\Lib\\site-packages\\gunicorn\\debug.py', reloading
[ 2023-07-30 15:57:45,465 ] 224 werkzeug - INFO -  * Detected change in 'C:\\Users\\papal\\anaconda3\\Lib\\site-packages\\gunicorn\\errors.py', reloading
[ 2023-07-30 15:57:45,465 ] 224 werkzeug - INFO -  * Detected change in 'C:\\Users\\papal\\anaconda3\\Lib\\site-packages\\gunicorn\\glogging.py', reloading
[ 2023-07-30 15:57:45,465 ] 224 werkzeug - INFO -  * Detected change in 'C:\\Users\\papal\\anaconda3\\Lib\\site-packages\\gunicorn\\pidfile.py', reloading
[ 2023-07-30 15:57:45,465 ] 224 werkzeug - INFO -  * Detected change in 'C:\\Users\\papal\\anaconda3\\Lib\\site-packages\\gunicorn\\reloader.py', reloading
[ 2023-07-30 15:57:45,465 ] 224 werkzeug - INFO -  * Detected change in 'C:\\Users\\papal\\anaconda3\\Lib\\site-packages\\gunicorn\\sock.py', reloading
[ 2023-07-30 15:57:45,472 ] 224 werkzeug - INFO -  * Detected change in 'C:\\Users\\papal\\anaconda3\\Lib\\site-packages\\gunicorn\\systemd.py', reloading
[ 2023-07-30 15:57:45,472 ] 224 werkzeug - INFO -  * Detected change in 'C:\\Users\\papal\\anaconda3\\Lib\\site-packages\\gunicorn\\util.py', reloading
[ 2023-07-30 15:57:45,472 ] 224 werkzeug - INFO -  * Detected change in 'C:\\Users\\papal\\anaconda3\\Lib\\site-packages\\gunicorn\\__init__.py', reloading
[ 2023-07-30 15:57:45,472 ] 224 werkzeug - INFO -  * Detected change in 'C:\\Users\\papal\\anaconda3\\Lib\\site-packages\\gunicorn\\__main__.py', reloading
[ 2023-07-30 15:57:45,472 ] 224 werkzeug - INFO -  * Detected change in 'C:\\Users\\papal\\anaconda3\\Lib\\site-packages\\gunicorn\\app\\base.py', reloading
[ 2023-07-30 15:57:45,472 ] 224 werkzeug - INFO -  * Detected change in 'C:\\Users\\papal\\anaconda3\\Lib\\site-packages\\gunicorn\\app\\pasterapp.py', reloading
[ 2023-07-30 15:57:45,472 ] 224 werkzeug - INFO -  * Detected change in 'C:\\Users\\papal\\anaconda3\\Lib\\site-packages\\gunicorn\\app\\wsgiapp.py', reloading
[ 2023-07-30 15:57:45,472 ] 224 werkzeug - INFO -  * Detected change in 'C:\\Users\\papal\\anaconda3\\Lib\\site-packages\\gunicorn\\app\\__init__.py', reloading
[ 2023-07-30 15:57:45,472 ] 224 werkzeug - INFO -  * Detected change in 'C:\\Users\\papal\\anaconda3\\Lib\\site-packages\\gunicorn\\http\\body.py', reloading
[ 2023-07-30 15:57:45,472 ] 224 werkzeug - INFO -  * Detected change in 'C:\\Users\\papal\\anaconda3\\Lib\\site-packages\\gunicorn\\http\\errors.py', reloading
[ 2023-07-30 15:57:45,472 ] 224 werkzeug - INFO -  * Detected change in 'C:\\Users\\papal\\anaconda3\\Lib\\site-packages\\gunicorn\\http\\message.py', reloading
[ 2023-07-30 15:57:45,472 ] 224 werkzeug - INFO -  * Detected change in 'C:\\Users\\papal\\anaconda3\\Lib\\site-packages\\gunicorn\\http\\parser.py', reloading
[ 2023-07-30 15:57:45,472 ] 224 werkzeug - INFO -  * Detected change in 'C:\\Users\\papal\\anaconda3\\Lib\\site-packages\\gunicorn\\http\\unreader.py', reloading
[ 2023-07-30 15:57:45,472 ] 224 werkzeug - INFO -  * Detected change in 'C:\\Users\\papal\\anaconda3\\Lib\\site-packages\\gunicorn\\http\\wsgi.py', reloading
[ 2023-07-30 15:57:45,472 ] 224 werkzeug - INFO -  * Detected change in 'C:\\Users\\papal\\anaconda3\\Lib\\site-packages\\gunicorn\\http\\__init__.py', reloading
[ 2023-07-30 15:57:45,472 ] 224 werkzeug - INFO -  * Detected change in 'C:\\Users\\papal\\anaconda3\\Lib\\site-packages\\gunicorn\\instrument\\statsd.py', reloading
[ 2023-07-30 15:57:45,472 ] 224 werkzeug - INFO -  * Detected change in 'C:\\Users\\papal\\anaconda3\\Lib\\site-packages\\gunicorn\\instrument\\__init__.py', reloading
[ 2023-07-30 15:57:45,483 ] 224 werkzeug - INFO -  * Detected change in 'C:\\Users\\papal\\anaconda3\\Lib\\site-packages\\gunicorn\\workers\\base.py', reloading
[ 2023-07-30 15:57:45,483 ] 224 werkzeug - INFO -  * Detected change in 'C:\\Users\\papal\\anaconda3\\Lib\\site-packages\\gunicorn\\workers\\base_async.py', reloading
[ 2023-07-30 15:57:45,483 ] 224 werkzeug - INFO -  * Detected change in 'C:\\Users\\papal\\anaconda3\\Lib\\site-packages\\gunicorn\\workers\\geventlet.py', reloading
[ 2023-07-30 15:57:45,483 ] 224 werkzeug - INFO -  * Detected change in 'C:\\Users\\papal\\anaconda3\\Lib\\site-packages\\gunicorn\\workers\\ggevent.py', reloading
[ 2023-07-30 15:57:45,483 ] 224 werkzeug - INFO -  * Detected change in 'C:\\Users\\papal\\anaconda3\\Lib\\site-packages\\gunicorn\\workers\\gthread.py', reloading
[ 2023-07-30 15:57:45,483 ] 224 werkzeug - INFO -  * Detected change in 'C:\\Users\\papal\\anaconda3\\Lib\\site-packages\\gunicorn\\workers\\gtornado.py', reloading
[ 2023-07-30 15:57:45,483 ] 224 werkzeug - INFO -  * Detected change in 'C:\\Users\\papal\\anaconda3\\Lib\\site-packages\\gunicorn\\workers\\sync.py', reloading
[ 2023-07-30 15:57:45,483 ] 224 werkzeug - INFO -  * Detected change in 'C:\\Users\\papal\\anaconda3\\Lib\\site-packages\\gunicorn\\workers\\workertmp.py', reloading
[ 2023-07-30 15:57:45,483 ] 224 werkzeug - INFO -  * Detected change in 'C:\\Users\\papal\\anaconda3\\Lib\\site-packages\\gunicorn\\workers\\__init__.py', reloading
[ 2023-07-30 15:57:45,489 ] 224 werkzeug - INFO -  * Detected change in 'C:\\Users\\papal\\anaconda3\\Lib\\site-packages\\gunicorn\\__init__.py', reloading
[ 2023-07-30 15:57:45,489 ] 224 werkzeug - INFO -  * Detected change in 'C:\\Users\\papal\\anaconda3\\Lib\\site-packages\\gunicorn\\__init__.py', reloading
[ 2023-07-30 15:57:45,489 ] 224 werkzeug - INFO -  * Detected change in 'C:\\Users\\papal\\anaconda3\\Lib\\site-packages\\gunicorn\\__main__.py', reloading
[ 2023-07-30 15:57:45,489 ] 224 werkzeug - INFO -  * Detected change in 'C:\\Users\\papal\\anaconda3\\Lib\\site-packages\\gunicorn\\__main__.py', reloading
[ 2023-07-30 15:57:45,489 ] 224 werkzeug - INFO -  * Detected change in 'C:\\Users\\papal\\anaconda3\\Lib\\site-packages\\gunicorn\\arbiter.py', reloading
[ 2023-07-30 15:57:45,489 ] 224 werkzeug - INFO -  * Detected change in 'C:\\Users\\papal\\anaconda3\\Lib\\site-packages\\gunicorn\\arbiter.py', reloading
[ 2023-07-30 15:57:45,489 ] 224 werkzeug - INFO -  * Detected change in 'C:\\Users\\papal\\anaconda3\\Lib\\site-packages\\gunicorn\\config.py', reloading
[ 2023-07-30 15:57:45,489 ] 224 werkzeug - INFO -  * Detected change in 'C:\\Users\\papal\\anaconda3\\Lib\\site-packages\\gunicorn\\config.py', reloading
[ 2023-07-30 15:57:45,489 ] 224 werkzeug - INFO -  * Detected change in 'C:\\Users\\papal\\anaconda3\\Lib\\site-packages\\gunicorn\\debug.py', reloading
[ 2023-07-30 15:57:45,489 ] 224 werkzeug - INFO -  * Detected change in 'C:\\Users\\papal\\anaconda3\\Lib\\site-packages\\gunicorn\\debug.py', reloading
[ 2023-07-30 15:57:45,489 ] 224 werkzeug - INFO -  * Detected change in 'C:\\Users\\papal\\anaconda3\\Lib\\site-packages\\gunicorn\\errors.py', reloading
[ 2023-07-30 15:57:45,497 ] 224 werkzeug - INFO -  * Detected change in 'C:\\Users\\papal\\anaconda3\\Lib\\site-packages\\gunicorn\\errors.py', reloading
[ 2023-07-30 15:57:45,497 ] 224 werkzeug - INFO -  * Detected change in 'C:\\Users\\papal\\anaconda3\\Lib\\site-packages\\gunicorn\\glogging.py', reloading
[ 2023-07-30 15:57:45,497 ] 224 werkzeug - INFO -  * Detected change in 'C:\\Users\\papal\\anaconda3\\Lib\\site-packages\\gunicorn\\glogging.py', reloading
[ 2023-07-30 15:57:45,497 ] 224 werkzeug - INFO -  * Detected change in 'C:\\Users\\papal\\anaconda3\\Lib\\site-packages\\gunicorn\\glogging.py', reloading
[ 2023-07-30 15:57:45,497 ] 224 werkzeug - INFO -  * Detected change in 'C:\\Users\\papal\\anaconda3\\Lib\\site-packages\\gunicorn\\pidfile.py', reloading
[ 2023-07-30 15:57:45,497 ] 224 werkzeug - INFO -  * Detected change in 'C:\\Users\\papal\\anaconda3\\Lib\\site-packages\\gunicorn\\pidfile.py', reloading
[ 2023-07-30 15:57:45,497 ] 224 werkzeug - INFO -  * Detected change in 'C:\\Users\\papal\\anaconda3\\Lib\\site-packages\\gunicorn\\pidfile.py', reloading
[ 2023-07-30 15:57:45,497 ] 224 werkzeug - INFO -  * Detected change in 'C:\\Users\\papal\\anaconda3\\Lib\\site-packages\\gunicorn\\reloader.py', reloading
[ 2023-07-30 15:57:45,497 ] 224 werkzeug - INFO -  * Detected change in 'C:\\Users\\papal\\anaconda3\\Lib\\site-packages\\gunicorn\\reloader.py', reloading
[ 2023-07-30 15:57:45,497 ] 224 werkzeug - INFO -  * Detected change in 'C:\\Users\\papal\\anaconda3\\Lib\\site-packages\\gunicorn\\sock.py', reloading
[ 2023-07-30 15:57:45,497 ] 224 werkzeug - INFO -  * Detected change in 'C:\\Users\\papal\\anaconda3\\Lib\\site-packages\\gunicorn\\sock.py', reloading
[ 2023-07-30 15:57:45,497 ] 224 werkzeug - INFO -  * Detected change in 'C:\\Users\\papal\\anaconda3\\Lib\\site-packages\\gunicorn\\systemd.py', reloading
[ 2023-07-30 15:57:45,497 ] 224 werkzeug - INFO -  * Detected change in 'C:\\Users\\papal\\anaconda3\\Lib\\site-packages\\gunicorn\\systemd.py', reloading
[ 2023-07-30 15:57:45,497 ] 224 werkzeug - INFO -  * Detected change in 'C:\\Users\\papal\\anaconda3\\Lib\\site-packages\\gunicorn\\util.py', reloading
[ 2023-07-30 15:57:45,505 ] 224 werkzeug - INFO -  * Detected change in 'C:\\Users\\papal\\anaconda3\\Lib\\site-packages\\gunicorn\\util.py', reloading
[ 2023-07-30 15:57:45,505 ] 224 werkzeug - INFO -  * Detected change in 'C:\\Users\\papal\\anaconda3\\Lib\\site-packages\\gunicorn\\util.py', reloading
