[ 2023-07-30 01:50:36,262 ] 224 werkzeug - WARNING -  * Debugger is active!
[ 2023-07-30 01:50:36,262 ] 224 werkzeug - INFO -  * Debugger PIN: 117-428-366
[ 2023-07-30 01:52:31,153 ] 224 werkzeug - INFO -  * Detected change in 'C:\\Users\\papal\\anaconda3\\Lib\\concurrent\\__init__.py', reloading
[ 2023-07-30 01:52:31,155 ] 224 werkzeug - INFO -  * Detected change in 'C:\\Users\\papal\\anaconda3\\Lib\\distutils\\__init__.py', reloading
[ 2023-07-30 01:52:31,155 ] 224 werkzeug - INFO -  * Detected change in 'C:\\Users\\papal\\anaconda3\\Lib\\idlelib\\__init__.py', reloading
[ 2023-07-30 01:52:31,156 ] 224 werkzeug - INFO -  * Detected change in 'C:\\Users\\papal\\anaconda3\\Lib\\lib2to3\\__init__.py', reloading
[ 2023-07-30 01:52:31,157 ] 224 werkzeug - INFO -  * Detected change in 'C:\\Users\\papal\\anaconda3\\Lib\\test\\__init__.py', reloading
[ 2023-07-30 01:52:31,157 ] 224 werkzeug - INFO -  * Detected change in 'C:\\Users\\papal\\anaconda3\\Lib\\turtledemo\\__init__.py', reloading
[ 2023-07-30 01:52:31,157 ] 224 werkzeug - INFO -  * Detected change in 'C:\\Users\\papal\\anaconda3\\Lib\\wsgiref\\__init__.py', reloading
[ 2023-07-30 01:52:31,157 ] 224 werkzeug - INFO -  * Detected change in 'C:\\Users\\papal\\anaconda3\\Lib\\xml\\__init__.py', reloading
[ 2023-07-30 01:52:31,309 ] 224 werkzeug - INFO -  * Detected change in 'C:\\Users\\papal\\anaconda3\\Lib\\xmlrpc\\__init__.py', reloading
[ 2023-07-30 01:52:31,309 ] 224 werkzeug - INFO -  * Detected change in 'C:\\Users\\papal\\anaconda3\\Lib\\__phello__\\__init__.py', reloading
[ 2023-07-30 01:52:31,309 ] 224 werkzeug - INFO -  * Detected change in 'C:\\Users\\papal\\anaconda3\\Lib\\site-packages\\adodbapi\\__init__.py', reloading
[ 2023-07-30 01:52:31,309 ] 224 werkzeug - INFO -  * Detected change in 'C:\\Users\\papal\\anaconda3\\Lib\\site-packages\\aiobotocore\\__init__.py', reloading
[ 2023-07-30 01:52:31,309 ] 224 werkzeug - INFO -  * Detected change in 'C:\\Users\\papal\\anaconda3\\Lib\\site-packages\\aiohttp\\__init__.py', reloading
[ 2023-07-30 01:52:31,340 ] 224 werkzeug - INFO -  * Detected change in 'C:\\Users\\papal\\anaconda3\\Lib\\site-packages\\aiohttp\\client.py', reloading
[ 2023-07-30 01:52:31,379 ] 224 werkzeug - INFO -  * Detected change in 'C:\\Users\\papal\\anaconda3\\Lib\\site-packages\\aiohttp\\connector.py', reloading
[ 2023-07-30 01:52:31,403 ] 224 werkzeug - INFO -  * Detected change in 'C:\\Users\\papal\\anaconda3\\Lib\\site-packages\\aiohttp\\client_exceptions.py', reloading
[ 2023-07-30 01:52:31,407 ] 224 werkzeug - INFO -  * Detected change in 'C:\\Users\\papal\\anaconda3\\Lib\\site-packages\\aiohttp\\client_reqrep.py', reloading
[ 2023-07-30 01:52:31,413 ] 224 werkzeug - INFO -  * Detected change in 'C:\\Users\\papal\\anaconda3\\Lib\\site-packages\\aiohttp\\client_ws.py', reloading
[ 2023-07-30 01:52:31,432 ] 224 werkzeug - INFO -  * Detected change in 'C:\\Users\\papal\\anaconda3\\Lib\\site-packages\\aiohttp\\cookiejar.py', reloading
[ 2023-07-30 01:52:31,439 ] 224 werkzeug - INFO -  * Detected change in 'C:\\Users\\papal\\anaconda3\\Lib\\site-packages\\aiohttp\\formdata.py', reloading
[ 2023-07-30 01:52:31,444 ] 224 werkzeug - INFO -  * Detected change in 'C:\\Users\\papal\\anaconda3\\Lib\\site-packages\\aiohttp\\helpers.py', reloading
[ 2023-07-30 01:52:31,468 ] 224 werkzeug - INFO -  * Detected change in 'C:\\Users\\papal\\anaconda3\\Lib\\site-packages\\aiohttp\\http.py', reloading
[ 2023-07-30 01:52:31,481 ] 224 werkzeug - INFO -  * Detected change in 'C:\\Users\\papal\\anaconda3\\Lib\\site-packages\\aiohttp\\http_writer.py', reloading
[ 2023-07-30 01:52:31,494 ] 224 werkzeug - INFO -  * Detected change in 'C:\\Users\\papal\\anaconda3\\Lib\\site-packages\\aiohttp\\http_websocket.py', reloading
[ 2023-07-30 01:52:31,504 ] 224 werkzeug - INFO -  * Detected change in 'C:\\Users\\papal\\anaconda3\\Lib\\site-packages\\aiohttp\\multipart.py', reloading
[ 2023-07-30 01:52:31,510 ] 224 werkzeug - INFO -  * Detected change in 'C:\\Users\\papal\\anaconda3\\Lib\\site-packages\\aiohttp\\payload.py', reloading
[ 2023-07-30 01:52:31,517 ] 224 werkzeug - INFO -  * Detected change in 'C:\\Users\\papal\\anaconda3\\Lib\\site-packages\\aiohttp\\payload_streamer.py', reloading
[ 2023-07-30 01:52:31,518 ] 224 werkzeug - INFO -  * Detected change in 'C:\\Users\\papal\\anaconda3\\Lib\\site-packages\\aiohttp\\resolver.py', reloading
[ 2023-07-30 01:52:31,522 ] 224 werkzeug - INFO -  * Detected change in 'C:\\Users\\papal\\anaconda3\\Lib\\site-packages\\aiohttp\\streams.py', reloading
[ 2023-07-30 01:52:31,528 ] 224 werkzeug - INFO -  * Detected change in 'C:\\Users\\papal\\anaconda3\\Lib\\site-packages\\aiohttp\\tracing.py', reloading
[ 2023-07-30 01:52:31,535 ] 224 werkzeug - INFO -  * Detected change in 'C:\\Users\\papal\\anaconda3\\Lib\\site-packages\\aioitertools\\__init__.py', reloading
[ 2023-07-30 01:52:31,548 ] 224 werkzeug - INFO -  * Detected change in 'C:\\Users\\papal\\anaconda3\\Lib\\site-packages\\aiosqlite\\__init__.py', reloading
[ 2023-07-30 01:52:31,567 ] 224 werkzeug - INFO -  * Detected change in 'C:\\Users\\papal\\anaconda3\\Lib\\site-packages\\aiosqlite\\core.py', reloading
[ 2023-07-30 01:52:31,583 ] 224 werkzeug - INFO -  * Detected change in 'C:\\Users\\papal\\anaconda3\\Lib\\site-packages\\aiosqlite\\cursor.py', reloading
[ 2023-07-30 01:52:31,586 ] 224 werkzeug - INFO -  * Detected change in 'C:\\Users\\papal\\anaconda3\\Lib\\site-packages\\alabaster\\__init__.py', reloading
[ 2023-07-30 01:52:31,587 ] 224 werkzeug - INFO -  * Detected change in 'C:\\Users\\papal\\anaconda3\\Lib\\site-packages\\anaconda_catalogs\\__init__.py', reloading
[ 2023-07-30 01:52:31,602 ] 224 werkzeug - INFO -  * Detected change in 'C:\\Users\\papal\\anaconda3\\Lib\\site-packages\\anaconda_catalogs\\catalog.py', reloading
[ 2023-07-30 01:52:31,611 ] 224 werkzeug - INFO -  * Detected change in 'C:\\Users\\papal\\anaconda3\\Lib\\site-packages\\anaconda_navigator\\__init__.py', reloading
[ 2023-07-30 01:52:31,612 ] 224 werkzeug - INFO -  * Detected change in 'C:\\Users\\papal\\anaconda3\\Lib\\site-packages\\anaconda_project\\__init__.py', reloading
[ 2023-07-30 01:52:31,612 ] 224 werkzeug - INFO -  * Detected change in 'C:\\Users\\papal\\anaconda3\\Lib\\site-packages\\anyio\\__init__.py', reloading
[ 2023-07-30 01:52:31,620 ] 224 werkzeug - INFO -  * Detected change in 'C:\\Users\\papal\\anaconda3\\Lib\\site-packages\\anyio\\_core\\_compat.py', reloading
[ 2023-07-30 01:52:31,623 ] 224 werkzeug - INFO -  * Detected change in 'C:\\Users\\papal\\anaconda3\\Lib\\site-packages\\anyio\\_core\\_eventloop.py', reloading
[ 2023-07-30 01:52:31,629 ] 224 werkzeug - INFO -  * Detected change in 'C:\\Users\\papal\\anaconda3\\Lib\\site-packages\\anyio\\_core\\_exceptions.py', reloading
[ 2023-07-30 01:52:31,630 ] 224 werkzeug - INFO -  * Detected change in 'C:\\Users\\papal\\anaconda3\\Lib\\site-packages\\anyio\\_core\\_fileio.py', reloading
[ 2023-07-30 01:52:31,637 ] 224 werkzeug - INFO -  * Detected change in 'C:\\Users\\papal\\anaconda3\\Lib\\site-packages\\anyio\\_core\\_resources.py', reloading
[ 2023-07-30 01:52:31,638 ] 224 werkzeug - INFO -  * Detected change in 'C:\\Users\\papal\\anaconda3\\Lib\\site-packages\\anyio\\_core\\_signals.py', reloading
[ 2023-07-30 01:52:31,639 ] 224 werkzeug - INFO -  * Detected change in 'C:\\Users\\papal\\anaconda3\\Lib\\site-packages\\anyio\\_core\\_sockets.py', reloading
[ 2023-07-30 01:52:31,647 ] 224 werkzeug - INFO -  * Detected change in 'C:\\Users\\papal\\anaconda3\\Lib\\site-packages\\anyio\\_core\\_streams.py', reloading
[ 2023-07-30 01:52:31,649 ] 224 werkzeug - INFO -  * Detected change in 'C:\\Users\\papal\\anaconda3\\Lib\\site-packages\\anyio\\_core\\_subprocesses.py', reloading
[ 2023-07-30 01:52:31,654 ] 224 werkzeug - INFO -  * Detected change in 'C:\\Users\\papal\\anaconda3\\Lib\\site-packages\\anyio\\_core\\_synchronization.py', reloading
[ 2023-07-30 01:52:31,660 ] 224 werkzeug - INFO -  * Detected change in 'C:\\Users\\papal\\anaconda3\\Lib\\site-packages\\anyio\\_core\\_tasks.py', reloading
[ 2023-07-30 01:52:31,664 ] 224 werkzeug - INFO -  * Detected change in 'C:\\Users\\papal\\anaconda3\\Lib\\site-packages\\anyio\\_core\\_testing.py', reloading
[ 2023-07-30 01:52:31,666 ] 224 werkzeug - INFO -  * Detected change in 'C:\\Users\\papal\\anaconda3\\Lib\\site-packages\\anyio\\_core\\_typedattr.py', reloading
[ 2023-07-30 01:52:31,668 ] 224 werkzeug - INFO -  * Detected change in 'C:\\Users\\papal\\anaconda3\\Lib\\site-packages\\anyio\\to_thread.py', reloading
[ 2023-07-30 01:52:31,670 ] 224 werkzeug - INFO -  * Detected change in 'C:\\Users\\papal\\anaconda3\\Lib\\site-packages\\anyio\\from_thread.py', reloading
[ 2023-07-30 01:52:31,675 ] 224 werkzeug - INFO -  * Detected change in 'C:\\Users\\papal\\anaconda3\\Lib\\site-packages\\argon2\\__init__.py', reloading
[ 2023-07-30 01:52:31,678 ] 224 werkzeug - INFO -  * Detected change in 'C:\\Users\\papal\\anaconda3\\Lib\\site-packages\\argon2\\_legacy.py', reloading
[ 2023-07-30 01:52:31,680 ] 224 werkzeug - INFO -  * Detected change in 'C:\\Users\\papal\\anaconda3\\Lib\\site-packages\\argon2\\_password_hasher.py', reloading
[ 2023-07-30 01:52:31,682 ] 224 werkzeug - INFO -  * Detected change in 'C:\\Users\\papal\\anaconda3\\Lib\\site-packages\\argon2\\_utils.py', reloading
[ 2023-07-30 01:52:31,685 ] 224 werkzeug - INFO -  * Detected change in 'C:\\Users\\papal\\anaconda3\\Lib\\site-packages\\argon2\\low_level.py', reloading
[ 2023-07-30 01:52:31,687 ] 224 werkzeug - INFO -  * Detected change in 'C:\\Users\\papal\\anaconda3\\Lib\\site-packages\\arrow\\__init__.py', reloading
[ 2023-07-30 01:52:31,694 ] 224 werkzeug - INFO -  * Detected change in 'C:\\Users\\papal\\anaconda3\\Lib\\site-packages\\arrow\\_version.py', reloading
[ 2023-07-30 01:52:31,694 ] 224 werkzeug - INFO -  * Detected change in 'C:\\Users\\papal\\anaconda3\\Lib\\site-packages\\arrow\\api.py', reloading
[ 2023-07-30 01:52:31,699 ] 224 werkzeug - INFO -  * Detected change in 'C:\\Users\\papal\\anaconda3\\Lib\\site-packages\\arrow\\arrow.py', reloading
[ 2023-07-30 01:52:31,710 ] 224 werkzeug - INFO -  * Detected change in 'C:\\Users\\papal\\anaconda3\\Lib\\site-packages\\arrow\\factory.py', reloading
[ 2023-07-30 01:52:31,714 ] 224 werkzeug - INFO -  * Detected change in 'C:\\Users\\papal\\anaconda3\\Lib\\site-packages\\arrow\\formatter.py', reloading
[ 2023-07-30 01:52:31,716 ] 224 werkzeug - INFO -  * Detected change in 'C:\\Users\\papal\\anaconda3\\Lib\\site-packages\\arrow\\parser.py', reloading
[ 2023-07-30 01:52:31,720 ] 224 werkzeug - INFO -  * Detected change in 'C:\\Users\\papal\\anaconda3\\Lib\\site-packages\\astroid\\__init__.py', reloading
[ 2023-07-30 01:52:31,737 ] 224 werkzeug - INFO -  * Detected change in 'C:\\Users\\papal\\anaconda3\\Lib\\site-packages\\astropy\\__init__.py', reloading
[ 2023-07-30 01:52:31,738 ] 224 werkzeug - INFO -  * Detected change in 'C:\\Users\\papal\\anaconda3\\Lib\\site-packages\\asttokens\\__init__.py', reloading
[ 2023-07-30 01:52:31,739 ] 224 werkzeug - INFO -  * Detected change in 'C:\\Users\\papal\\anaconda3\\Lib\\site-packages\\async_timeout\\__init__.py', reloading
[ 2023-07-30 01:52:31,740 ] 224 werkzeug - INFO -  * Detected change in 'C:\\Users\\papal\\anaconda3\\Lib\\site-packages\\atomicwrites\\__init__.py', reloading
[ 2023-07-30 01:52:31,751 ] 224 werkzeug - INFO -  * Detected change in 'C:\\Users\\papal\\anaconda3\\Lib\\site-packages\\automat\\__init__.py', reloading
[ 2023-07-30 01:52:31,754 ] 224 werkzeug - INFO -  * Detected change in 'C:\\Users\\papal\\anaconda3\\Lib\\site-packages\\automat\\_methodical.py', reloading
[ 2023-07-30 01:52:31,762 ] 224 werkzeug - INFO -  * Detected change in 'C:\\Users\\papal\\anaconda3\\Lib\\site-packages\\automat\\_core.py', reloading
[ 2023-07-30 01:52:31,764 ] 224 werkzeug - INFO -  * Detected change in 'C:\\Users\\papal\\anaconda3\\Lib\\site-packages\\backcall\\__init__.py', reloading
[ 2023-07-30 01:52:31,765 ] 224 werkzeug - INFO -  * Detected change in 'C:\\Users\\papal\\anaconda3\\Lib\\site-packages\\backports\\__init__.py', reloading
[ 2023-07-30 01:52:31,766 ] 224 werkzeug - INFO -  * Detected change in 'C:\\Users\\papal\\anaconda3\\Lib\\site-packages\\bcrypt\\__init__.py', reloading
[ 2023-07-30 01:52:31,770 ] 224 werkzeug - INFO -  * Detected change in 'C:\\Users\\papal\\anaconda3\\Lib\\site-packages\\bcrypt\\__about__.py', reloading
[ 2023-07-30 01:52:31,772 ] 224 werkzeug - INFO -  * Detected change in 'C:\\Users\\papal\\anaconda3\\Lib\\site-packages\\binaryornot\\__init__.py', reloading
