[ 2023-07-30 15:20:46,493 ] 224 werkzeug - WARNING -  * Debugger is active!
[ 2023-07-30 15:20:46,501 ] 224 werkzeug - INFO -  * Debugger PIN: 117-428-366
[ 2023-07-30 15:20:46,525 ] 224 werkzeug - INFO -  * Detected change in 'C:\\Users\\papal\\anaconda3\\Lib\\site-packages\\xarray\\core\\variable.py', reloading
[ 2023-07-30 15:20:46,541 ] 224 werkzeug - INFO -  * Detected change in 'C:\\Users\\papal\\anaconda3\\Lib\\site-packages\\xarray\\util\\print_versions.py', reloading
[ 2023-07-30 15:20:46,550 ] 224 werkzeug - INFO -  * Detected change in 'C:\\Users\\papal\\anaconda3\\Lib\\site-packages\\xlwings\\__init__.py', reloading
[ 2023-07-30 15:20:46,566 ] 224 werkzeug - INFO -  * Detected change in 'C:\\Users\\papal\\anaconda3\\Lib\\site-packages\\xlwings\\main.py', reloading
[ 2023-07-30 15:20:46,626 ] 224 werkzeug - INFO -  * Detected change in 'C:\\Users\\papal\\anaconda3\\Lib\\site-packages\\xyzservices\\__init__.py', reloading
[ 2023-07-30 15:20:46,626 ] 224 werkzeug - INFO -  * Detected change in 'C:\\Users\\papal\\anaconda3\\Lib\\site-packages\\yapf\\__init__.py', reloading
[ 2023-07-30 15:20:46,626 ] 224 werkzeug - INFO -  * Detected change in 'C:\\Users\\papal\\anaconda3\\Lib\\site-packages\\yapftests\\__init__.py', reloading
[ 2023-07-30 15:20:46,635 ] 224 werkzeug - INFO -  * Detected change in 'C:\\Users\\papal\\anaconda3\\Lib\\site-packages\\ypy_websocket\\__init__.py', reloading
[ 2023-07-30 15:20:46,643 ] 224 werkzeug - INFO -  * Detected change in 'C:\\Users\\papal\\anaconda3\\Lib\\site-packages\\zict\\__init__.py', reloading
[ 2023-07-30 15:20:46,650 ] 224 werkzeug - INFO -  * Detected change in 'C:\\Users\\papal\\anaconda3\\Lib\\site-packages\\zipp\\__init__.py', reloading
[ 2023-07-30 15:20:46,667 ] 224 werkzeug - INFO -  * Detected change in 'C:\\Users\\papal\\anaconda3\\Lib\\site-packages\\zmq\\constants.py', reloading
[ 2023-07-30 15:20:46,683 ] 224 werkzeug - INFO -  * Detected change in 'C:\\Users\\papal\\anaconda3\\Lib\\site-packages\\zmq\\error.py', reloading
[ 2023-07-30 15:20:46,683 ] 224 werkzeug - INFO -  * Detected change in 'C:\\Users\\papal\\anaconda3\\Lib\\site-packages\\zmq\\sugar\\context.py', reloading
[ 2023-07-30 15:20:46,699 ] 224 werkzeug - INFO -  * Detected change in 'C:\\Users\\papal\\anaconda3\\Lib\\site-packages\\zmq\\sugar\\frame.py', reloading
[ 2023-07-30 15:20:46,699 ] 224 werkzeug - INFO -  * Detected change in 'C:\\Users\\papal\\anaconda3\\Lib\\site-packages\\zmq\\sugar\\poll.py', reloading
[ 2023-07-30 15:20:46,699 ] 224 werkzeug - INFO -  * Detected change in 'C:\\Users\\papal\\anaconda3\\Lib\\site-packages\\zmq\\sugar\\socket.py', reloading
[ 2023-07-30 15:20:46,715 ] 224 werkzeug - INFO -  * Detected change in 'C:\\Users\\papal\\anaconda3\\Lib\\site-packages\\zmq\\sugar\\tracker.py', reloading
[ 2023-07-30 15:20:46,715 ] 224 werkzeug - INFO -  * Detected change in 'C:\\Users\\papal\\anaconda3\\Lib\\site-packages\\zmq\\sugar\\version.py', reloading
[ 2023-07-30 15:20:46,724 ] 224 werkzeug - INFO -  * Detected change in 'C:\\Users\\papal\\anaconda3\\Lib\\site-packages\\zope\\__init__.py', reloading
[ 2023-07-30 15:20:46,731 ] 224 werkzeug - INFO -  * Detected change in 'C:\\Users\\papal\\anaconda3\\Lib\\site-packages\\pythonwin\\pywin\\__init__.py', reloading
