[ 2023-07-30 11:43:34,303 ] 224 werkzeug - WARNING -  * Debugger is active!
[ 2023-07-30 11:43:34,303 ] 224 werkzeug - INFO -  * Debugger PIN: 117-428-366
[ 2023-07-30 11:43:34,318 ] 224 werkzeug - INFO -  * Detected change in 'C:\\Users\\papal\\anaconda3\\Lib\\site-packages\\sympy\\polys\\numberfields\\utilities.py', reloading
[ 2023-07-30 11:43:34,318 ] 224 werkzeug - INFO -  * Detected change in 'C:\\Users\\papal\\anaconda3\\Lib\\site-packages\\sympy\\polys\\numberfields\\basis.py', reloading
[ 2023-07-30 11:43:34,318 ] 224 werkzeug - INFO -  * Detected change in 'd:\\IMP Folder\\1 On Goning Project\\Campus Placement Prediction\\ProjectOnging\\venv\\Lib\\encodings\\cp775.py', reloading
[ 2023-07-30 11:43:34,318 ] 224 werkzeug - INFO -  * Detected change in 'C:\\Users\\papal\\anaconda3\\Lib\\site-packages\\sympy\\polys\\numberfields\\primes.py', reloading
[ 2023-07-30 11:43:34,334 ] 224 werkzeug - INFO -  * Detected change in 'C:\\Users\\papal\\anaconda3\\Lib\\site-packages\\sympy\\polys\\monomials.py', reloading
[ 2023-07-30 11:43:34,334 ] 224 werkzeug - INFO -  * Detected change in 'C:\\Users\\papal\\anaconda3\\Lib\\site-packages\\sympy\\polys\\orderings.py', reloading
[ 2023-07-30 11:43:34,334 ] 224 werkzeug - INFO -  * Detected change in 'C:\\Users\\papal\\anaconda3\\Lib\\site-packages\\sympy\\polys\\rootoftools.py', reloading
[ 2023-07-30 11:43:34,334 ] 224 werkzeug - INFO -  * Detected change in 'C:\\Users\\papal\\anaconda3\\Lib\\site-packages\\sympy\\polys\\polyroots.py', reloading
[ 2023-07-30 11:43:34,350 ] 224 werkzeug - INFO -  * Detected change in 'C:\\Users\\papal\\anaconda3\\Lib\\site-packages\\sympy\\polys\\domains\\__init__.py', reloading
[ 2023-07-30 11:43:34,350 ] 224 werkzeug - INFO -  * Detected change in 'd:\\IMP Folder\\1 On Goning Project\\Campus Placement Prediction\\ProjectOnging\\venv\\Lib\\encodings\\cp850.py', reloading
[ 2023-07-30 11:43:34,350 ] 224 werkzeug - INFO -  * Detected change in 'C:\\Users\\papal\\anaconda3\\Lib\\site-packages\\sympy\\polys\\domains\\domain.py', reloading
[ 2023-07-30 11:43:34,350 ] 224 werkzeug - INFO -  * Detected change in 'C:\\Users\\papal\\anaconda3\\Lib\\site-packages\\sympy\\polys\\domains\\finitefield.py', reloading
[ 2023-07-30 11:43:34,350 ] 224 werkzeug - INFO -  * Detected change in 'C:\\Users\\papal\\anaconda3\\Lib\\site-packages\\sympy\\polys\\domains\\integerring.py', reloading
[ 2023-07-30 11:43:34,365 ] 224 werkzeug - INFO -  * Detected change in 'C:\\Users\\papal\\anaconda3\\Lib\\site-packages\\sympy\\polys\\domains\\rationalfield.py', reloading
[ 2023-07-30 11:43:34,365 ] 224 werkzeug - INFO -  * Detected change in 'C:\\Users\\papal\\anaconda3\\Lib\\site-packages\\sympy\\polys\\domains\\realfield.py', reloading
[ 2023-07-30 11:43:34,365 ] 224 werkzeug - INFO -  * Detected change in 'C:\\Users\\papal\\anaconda3\\Lib\\site-packages\\sympy\\polys\\domains\\complexfield.py', reloading
[ 2023-07-30 11:43:34,365 ] 224 werkzeug - INFO -  * Detected change in 'd:\\IMP Folder\\1 On Goning Project\\Campus Placement Prediction\\ProjectOnging\\venv\\Lib\\encodings\\cp852.py', reloading
[ 2023-07-30 11:43:34,365 ] 224 werkzeug - INFO -  * Detected change in 'C:\\Users\\papal\\anaconda3\\Lib\\site-packages\\sympy\\polys\\domains\\pythonfinitefield.py', reloading
[ 2023-07-30 11:43:34,381 ] 224 werkzeug - INFO -  * Detected change in 'C:\\Users\\papal\\anaconda3\\Lib\\site-packages\\sympy\\polys\\domains\\gmpyfinitefield.py', reloading
[ 2023-07-30 11:43:34,381 ] 224 werkzeug - INFO -  * Detected change in 'C:\\Users\\papal\\anaconda3\\Lib\\site-packages\\sympy\\polys\\domains\\pythonintegerring.py', reloading
[ 2023-07-30 11:43:34,381 ] 224 werkzeug - INFO -  * Detected change in 'C:\\Users\\papal\\anaconda3\\Lib\\site-packages\\sympy\\polys\\domains\\gmpyintegerring.py', reloading
[ 2023-07-30 11:43:34,381 ] 224 werkzeug - INFO -  * Detected change in 'C:\\Users\\papal\\anaconda3\\Lib\\site-packages\\sympy\\polys\\domains\\pythonrational.py', reloading
[ 2023-07-30 11:43:34,381 ] 224 werkzeug - INFO -  * Detected change in 'C:\\Users\\papal\\anaconda3\\Lib\\site-packages\\sympy\\polys\\domains\\gmpyrationalfield.py', reloading
[ 2023-07-30 11:43:34,381 ] 224 werkzeug - INFO -  * Detected change in 'C:\\Users\\papal\\anaconda3\\Lib\\site-packages\\sympy\\polys\\domains\\algebraicfield.py', reloading
[ 2023-07-30 11:43:34,397 ] 224 werkzeug - INFO -  * Detected change in 'C:\\Users\\papal\\anaconda3\\Lib\\site-packages\\sympy\\polys\\domains\\polynomialring.py', reloading
[ 2023-07-30 11:43:34,397 ] 224 werkzeug - INFO -  * Detected change in 'C:\\Users\\papal\\anaconda3\\Lib\\site-packages\\sympy\\polys\\domains\\fractionfield.py', reloading
[ 2023-07-30 11:43:34,397 ] 224 werkzeug - INFO -  * Detected change in 'd:\\IMP Folder\\1 On Goning Project\\Campus Placement Prediction\\ProjectOnging\\venv\\Lib\\encodings\\cp855.py', reloading
[ 2023-07-30 11:43:34,397 ] 224 werkzeug - INFO -  * Detected change in 'C:\\Users\\papal\\anaconda3\\Lib\\site-packages\\sympy\\polys\\domains\\expressiondomain.py', reloading
[ 2023-07-30 11:43:34,397 ] 224 werkzeug - INFO -  * Detected change in 'C:\\Users\\papal\\anaconda3\\Lib\\site-packages\\sympy\\polys\\domains\\gaussiandomains.py', reloading
[ 2023-07-30 11:43:34,412 ] 224 werkzeug - INFO -  * Detected change in 'C:\\Users\\papal\\anaconda3\\Lib\\site-packages\\sympy\\polys\\domains\\expressionrawdomain.py', reloading
[ 2023-07-30 11:43:34,412 ] 224 werkzeug - INFO -  * Detected change in 'C:\\Users\\papal\\anaconda3\\Lib\\site-packages\\sympy\\polys\\constructor.py', reloading
[ 2023-07-30 11:43:34,412 ] 224 werkzeug - INFO -  * Detected change in 'C:\\Users\\papal\\anaconda3\\Lib\\site-packages\\sympy\\polys\\specialpolys.py', reloading
[ 2023-07-30 11:43:34,412 ] 224 werkzeug - INFO -  * Detected change in 'C:\\Users\\papal\\anaconda3\\Lib\\site-packages\\sympy\\polys\\orthopolys.py', reloading
[ 2023-07-30 11:43:34,412 ] 224 werkzeug - INFO -  * Detected change in 'd:\\IMP Folder\\1 On Goning Project\\Campus Placement Prediction\\ProjectOnging\\venv\\Lib\\encodings\\cp856.py', reloading
[ 2023-07-30 11:43:34,428 ] 224 werkzeug - INFO -  * Detected change in 'C:\\Users\\papal\\anaconda3\\Lib\\site-packages\\sympy\\polys\\partfrac.py', reloading
[ 2023-07-30 11:43:34,428 ] 224 werkzeug - INFO -  * Detected change in 'C:\\Users\\papal\\anaconda3\\Lib\\site-packages\\sympy\\polys\\polyoptions.py', reloading
[ 2023-07-30 11:43:34,428 ] 224 werkzeug - INFO -  * Detected change in 'C:\\Users\\papal\\anaconda3\\Lib\\site-packages\\sympy\\polys\\rings.py', reloading
[ 2023-07-30 11:43:34,446 ] 224 werkzeug - INFO -  * Detected change in 'd:\\IMP Folder\\1 On Goning Project\\Campus Placement Prediction\\ProjectOnging\\venv\\Lib\\encodings\\cp857.py', reloading
[ 2023-07-30 11:43:34,453 ] 224 werkzeug - INFO -  * Detected change in 'C:\\Users\\papal\\anaconda3\\Lib\\site-packages\\sympy\\polys\\fields.py', reloading
[ 2023-07-30 11:43:34,457 ] 224 werkzeug - INFO -  * Detected change in 'C:\\Users\\papal\\anaconda3\\Lib\\site-packages\\sympy\\series\\__init__.py', reloading
[ 2023-07-30 11:43:34,459 ] 224 werkzeug - INFO -  * Detected change in 'C:\\Users\\papal\\anaconda3\\Lib\\site-packages\\sympy\\series\\order.py', reloading
[ 2023-07-30 11:43:34,462 ] 224 werkzeug - INFO -  * Detected change in 'C:\\Users\\papal\\anaconda3\\Lib\\site-packages\\sympy\\series\\limits.py', reloading
[ 2023-07-30 11:43:34,467 ] 224 werkzeug - INFO -  * Detected change in 'd:\\IMP Folder\\1 On Goning Project\\Campus Placement Prediction\\ProjectOnging\\venv\\Lib\\encodings\\cp858.py', reloading
[ 2023-07-30 11:43:34,468 ] 224 werkzeug - INFO -  * Detected change in 'C:\\Users\\papal\\anaconda3\\Lib\\site-packages\\sympy\\series\\gruntz.py', reloading
[ 2023-07-30 11:43:34,472 ] 224 werkzeug - INFO -  * Detected change in 'C:\\Users\\papal\\anaconda3\\Lib\\site-packages\\sympy\\series\\approximants.py', reloading
[ 2023-07-30 11:43:34,474 ] 224 werkzeug - INFO -  * Detected change in 'C:\\Users\\papal\\anaconda3\\Lib\\site-packages\\sympy\\series\\residues.py', reloading
[ 2023-07-30 11:43:34,477 ] 224 werkzeug - INFO -  * Detected change in 'C:\\Users\\papal\\anaconda3\\Lib\\site-packages\\sympy\\series\\sequences.py', reloading
[ 2023-07-30 11:43:34,477 ] 224 werkzeug - INFO -  * Detected change in 'C:\\Users\\papal\\anaconda3\\Lib\\site-packages\\sympy\\series\\fourier.py', reloading
[ 2023-07-30 11:43:34,492 ] 224 werkzeug - INFO -  * Detected change in 'C:\\Users\\papal\\anaconda3\\Lib\\site-packages\\sympy\\series\\formal.py', reloading
[ 2023-07-30 11:43:34,492 ] 224 werkzeug - INFO -  * Detected change in 'd:\\IMP Folder\\1 On Goning Project\\Campus Placement Prediction\\ProjectOnging\\venv\\Lib\\encodings\\cp860.py', reloading
[ 2023-07-30 11:43:34,510 ] 224 werkzeug - INFO -  * Detected change in 'C:\\Users\\papal\\anaconda3\\Lib\\site-packages\\sympy\\series\\limitseq.py', reloading
[ 2023-07-30 11:43:34,514 ] 224 werkzeug - INFO -  * Detected change in 'C:\\Users\\papal\\anaconda3\\Lib\\site-packages\\sympy\\functions\\__init__.py', reloading
[ 2023-07-30 11:43:34,521 ] 224 werkzeug - INFO -  * Detected change in 'd:\\IMP Folder\\1 On Goning Project\\Campus Placement Prediction\\ProjectOnging\\venv\\Lib\\encodings\\cp861.py', reloading
[ 2023-07-30 11:43:34,537 ] 224 werkzeug - INFO -  * Detected change in 'C:\\Users\\papal\\anaconda3\\Lib\\site-packages\\sympy\\functions\\combinatorial\\factorials.py', reloading
[ 2023-07-30 11:43:34,548 ] 224 werkzeug - INFO -  * Detected change in 'C:\\Users\\papal\\anaconda3\\Lib\\site-packages\\sympy\\functions\\combinatorial\\numbers.py', reloading
[ 2023-07-30 11:43:34,563 ] 224 werkzeug - INFO -  * Detected change in 'C:\\Users\\papal\\anaconda3\\Lib\\site-packages\\sympy\\functions\\elementary\\miscellaneous.py', reloading
[ 2023-07-30 11:43:34,563 ] 224 werkzeug - INFO -  * Detected change in 'C:\\Users\\papal\\anaconda3\\Lib\\site-packages\\sympy\\functions\\elementary\\complexes.py', reloading
[ 2023-07-30 11:43:34,578 ] 224 werkzeug - INFO -  * Detected change in 'd:\\IMP Folder\\1 On Goning Project\\Campus Placement Prediction\\ProjectOnging\\venv\\Lib\\encodings\\cp862.py', reloading
[ 2023-07-30 11:43:34,578 ] 224 werkzeug - INFO -  * Detected change in 'C:\\Users\\papal\\anaconda3\\Lib\\site-packages\\sympy\\functions\\elementary\\trigonometric.py', reloading
[ 2023-07-30 11:43:34,594 ] 224 werkzeug - INFO -  * Detected change in 'd:\\IMP Folder\\1 On Goning Project\\Campus Placement Prediction\\ProjectOnging\\venv\\Lib\\encodings\\cp863.py', reloading
[ 2023-07-30 11:43:34,607 ] 224 werkzeug - INFO -  * Detected change in 'C:\\Users\\papal\\anaconda3\\Lib\\site-packages\\sympy\\functions\\elementary\\exponential.py', reloading
[ 2023-07-30 11:43:34,617 ] 224 werkzeug - INFO -  * Detected change in 'C:\\Users\\papal\\anaconda3\\Lib\\site-packages\\sympy\\functions\\elementary\\hyperbolic.py', reloading
[ 2023-07-30 11:43:34,625 ] 224 werkzeug - INFO -  * Detected change in 'C:\\Users\\papal\\anaconda3\\Lib\\site-packages\\sympy\\functions\\elementary\\integers.py', reloading
[ 2023-07-30 11:43:34,625 ] 224 werkzeug - INFO -  * Detected change in 'd:\\IMP Folder\\1 On Goning Project\\Campus Placement Prediction\\ProjectOnging\\venv\\Lib\\encodings\\cp864.py', reloading
[ 2023-07-30 11:43:34,625 ] 224 werkzeug - INFO -  * Detected change in 'C:\\Users\\papal\\anaconda3\\Lib\\site-packages\\sympy\\functions\\elementary\\piecewise.py', reloading
[ 2023-07-30 11:43:34,641 ] 224 werkzeug - INFO -  * Detected change in 'C:\\Users\\papal\\anaconda3\\Lib\\site-packages\\sympy\\functions\\special\\error_functions.py', reloading
[ 2023-07-30 11:43:34,641 ] 224 werkzeug - INFO -  * Detected change in 'C:\\Users\\papal\\anaconda3\\Lib\\site-packages\\sympy\\functions\\special\\gamma_functions.py', reloading
[ 2023-07-30 11:43:34,657 ] 224 werkzeug - INFO -  * Detected change in 'd:\\IMP Folder\\1 On Goning Project\\Campus Placement Prediction\\ProjectOnging\\venv\\Lib\\encodings\\cp865.py', reloading
[ 2023-07-30 11:43:34,657 ] 224 werkzeug - INFO -  * Detected change in 'C:\\Users\\papal\\anaconda3\\Lib\\site-packages\\sympy\\functions\\special\\zeta_functions.py', reloading
[ 2023-07-30 11:43:34,657 ] 224 werkzeug - INFO -  * Detected change in 'C:\\Users\\papal\\anaconda3\\Lib\\site-packages\\sympy\\functions\\special\\tensor_functions.py', reloading
[ 2023-07-30 11:43:34,657 ] 224 werkzeug - INFO -  * Detected change in 'C:\\Users\\papal\\anaconda3\\Lib\\site-packages\\sympy\\functions\\special\\singularity_functions.py', reloading
[ 2023-07-30 11:43:34,657 ] 224 werkzeug - INFO -  * Detected change in 'C:\\Users\\papal\\anaconda3\\Lib\\site-packages\\sympy\\functions\\special\\delta_functions.py', reloading
[ 2023-07-30 11:43:34,672 ] 224 werkzeug - INFO -  * Detected change in 'C:\\Users\\papal\\anaconda3\\Lib\\site-packages\\sympy\\functions\\special\\bsplines.py', reloading
[ 2023-07-30 11:43:34,672 ] 224 werkzeug - INFO -  * Detected change in 'C:\\Users\\papal\\anaconda3\\Lib\\site-packages\\sympy\\functions\\special\\bessel.py', reloading
[ 2023-07-30 11:43:34,672 ] 224 werkzeug - INFO -  * Detected change in 'C:\\Users\\papal\\anaconda3\\Lib\\site-packages\\sympy\\functions\\special\\hyper.py', reloading
[ 2023-07-30 11:43:34,672 ] 224 werkzeug - INFO -  * Detected change in 'd:\\IMP Folder\\1 On Goning Project\\Campus Placement Prediction\\ProjectOnging\\venv\\Lib\\encodings\\cp866.py', reloading
[ 2023-07-30 11:43:34,690 ] 224 werkzeug - INFO -  * Detected change in 'C:\\Users\\papal\\anaconda3\\Lib\\site-packages\\sympy\\functions\\special\\polynomials.py', reloading
[ 2023-07-30 11:43:34,700 ] 224 werkzeug - INFO -  * Detected change in 'C:\\Users\\papal\\anaconda3\\Lib\\site-packages\\sympy\\functions\\special\\spherical_harmonics.py', reloading
[ 2023-07-30 11:43:34,702 ] 224 werkzeug - INFO -  * Detected change in 'C:\\Users\\papal\\anaconda3\\Lib\\site-packages\\sympy\\functions\\special\\elliptic_integrals.py', reloading
[ 2023-07-30 11:43:34,702 ] 224 werkzeug - INFO -  * Detected change in 'C:\\Users\\papal\\anaconda3\\Lib\\site-packages\\sympy\\functions\\special\\beta_functions.py', reloading
[ 2023-07-30 11:43:34,702 ] 224 werkzeug - INFO -  * Detected change in 'C:\\Users\\papal\\anaconda3\\Lib\\site-packages\\sympy\\functions\\special\\mathieu_functions.py', reloading
[ 2023-07-30 11:43:34,702 ] 224 werkzeug - INFO -  * Detected change in 'C:\\Users\\papal\\anaconda3\\Lib\\site-packages\\sympy\\ntheory\\__init__.py', reloading
[ 2023-07-30 11:43:34,702 ] 224 werkzeug - INFO -  * Detected change in 'C:\\Users\\papal\\anaconda3\\Lib\\site-packages\\sympy\\ntheory\\generate.py', reloading
[ 2023-07-30 11:43:34,717 ] 224 werkzeug - INFO -  * Detected change in 'C:\\Users\\papal\\anaconda3\\Lib\\site-packages\\sympy\\ntheory\\primetest.py', reloading
[ 2023-07-30 11:43:34,717 ] 224 werkzeug - INFO -  * Detected change in 'd:\\IMP Folder\\1 On Goning Project\\Campus Placement Prediction\\ProjectOnging\\venv\\Lib\\encodings\\cp869.py', reloading
[ 2023-07-30 11:43:34,717 ] 224 werkzeug - INFO -  * Detected change in 'C:\\Users\\papal\\anaconda3\\Lib\\site-packages\\sympy\\ntheory\\factor_.py', reloading
[ 2023-07-30 11:43:34,733 ] 224 werkzeug - INFO -  * Detected change in 'C:\\Users\\papal\\anaconda3\\Lib\\site-packages\\sympy\\ntheory\\partitions_.py', reloading
[ 2023-07-30 11:43:34,733 ] 224 werkzeug - INFO -  * Detected change in 'd:\\IMP Folder\\1 On Goning Project\\Campus Placement Prediction\\ProjectOnging\\venv\\Lib\\encodings\\cp874.py', reloading
[ 2023-07-30 11:43:34,733 ] 224 werkzeug - INFO -  * Detected change in 'C:\\Users\\papal\\anaconda3\\Lib\\site-packages\\sympy\\ntheory\\residue_ntheory.py', reloading
[ 2023-07-30 11:43:34,733 ] 224 werkzeug - INFO -  * Detected change in 'C:\\Users\\papal\\anaconda3\\Lib\\site-packages\\sympy\\ntheory\\multinomial.py', reloading
[ 2023-07-30 11:43:34,733 ] 224 werkzeug - INFO -  * Detected change in 'C:\\Users\\papal\\anaconda3\\Lib\\site-packages\\sympy\\ntheory\\continued_fraction.py', reloading
[ 2023-07-30 11:43:34,748 ] 224 werkzeug - INFO -  * Detected change in 'C:\\Users\\papal\\anaconda3\\Lib\\site-packages\\sympy\\ntheory\\egyptian_fraction.py', reloading
[ 2023-07-30 11:43:34,748 ] 224 werkzeug - INFO -  * Detected change in 'C:\\Users\\papal\\anaconda3\\Lib\\site-packages\\sympy\\concrete\\__init__.py', reloading
[ 2023-07-30 11:43:34,748 ] 224 werkzeug - INFO -  * Detected change in 'd:\\IMP Folder\\1 On Goning Project\\Campus Placement Prediction\\ProjectOnging\\venv\\Lib\\encodings\\cp875.py', reloading
[ 2023-07-30 11:43:34,748 ] 224 werkzeug - INFO -  * Detected change in 'C:\\Users\\papal\\anaconda3\\Lib\\site-packages\\sympy\\concrete\\products.py', reloading
[ 2023-07-30 11:43:34,748 ] 224 werkzeug - INFO -  * Detected change in 'C:\\Users\\papal\\anaconda3\\Lib\\site-packages\\sympy\\concrete\\summations.py', reloading
[ 2023-07-30 11:43:34,764 ] 224 werkzeug - INFO -  * Detected change in 'd:\\IMP Folder\\1 On Goning Project\\Campus Placement Prediction\\ProjectOnging\\venv\\Lib\\encodings\\cp932.py', reloading
[ 2023-07-30 11:43:34,764 ] 224 werkzeug - INFO -  * Detected change in 'C:\\Users\\papal\\anaconda3\\Lib\\site-packages\\sympy\\discrete\\__init__.py', reloading
[ 2023-07-30 11:43:34,764 ] 224 werkzeug - INFO -  * Detected change in 'C:\\Users\\papal\\anaconda3\\Lib\\site-packages\\sympy\\discrete\\transforms.py', reloading
[ 2023-07-30 11:43:34,764 ] 224 werkzeug - INFO -  * Detected change in 'C:\\Users\\papal\\anaconda3\\Lib\\site-packages\\sympy\\discrete\\convolutions.py', reloading
[ 2023-07-30 11:43:34,764 ] 224 werkzeug - INFO -  * Detected change in 'C:\\Users\\papal\\anaconda3\\Lib\\site-packages\\sympy\\simplify\\__init__.py', reloading
[ 2023-07-30 11:43:34,764 ] 224 werkzeug - INFO -  * Detected change in 'd:\\IMP Folder\\1 On Goning Project\\Campus Placement Prediction\\ProjectOnging\\venv\\Lib\\encodings\\cp949.py', reloading
[ 2023-07-30 11:43:34,764 ] 224 werkzeug - INFO -  * Detected change in 'C:\\Users\\papal\\anaconda3\\Lib\\site-packages\\sympy\\simplify\\simplify.py', reloading
[ 2023-07-30 11:43:34,779 ] 224 werkzeug - INFO -  * Detected change in 'd:\\IMP Folder\\1 On Goning Project\\Campus Placement Prediction\\ProjectOnging\\venv\\Lib\\encodings\\cp950.py', reloading
[ 2023-07-30 11:43:34,794 ] 224 werkzeug - INFO -  * Detected change in 'C:\\Users\\papal\\anaconda3\\Lib\\site-packages\\sympy\\simplify\\fu.py', reloading
[ 2023-07-30 11:43:34,798 ] 224 werkzeug - INFO -  * Detected change in 'd:\\IMP Folder\\1 On Goning Project\\Campus Placement Prediction\\ProjectOnging\\venv\\Lib\\encodings\\euc_jis_2004.py', reloading
[ 2023-07-30 11:43:34,804 ] 224 werkzeug - INFO -  * Detected change in 'C:\\Users\\papal\\anaconda3\\Lib\\site-packages\\sympy\\simplify\\sqrtdenest.py', reloading
[ 2023-07-30 11:43:34,806 ] 224 werkzeug - INFO -  * Detected change in 'C:\\Users\\papal\\anaconda3\\Lib\\site-packages\\sympy\\simplify\\cse_main.py', reloading
[ 2023-07-30 11:43:34,806 ] 224 werkzeug - INFO -  * Detected change in 'd:\\IMP Folder\\1 On Goning Project\\Campus Placement Prediction\\ProjectOnging\\venv\\Lib\\encodings\\euc_jisx0213.py', reloading
[ 2023-07-30 11:43:34,813 ] 224 werkzeug - INFO -  * Detected change in 'C:\\Users\\papal\\anaconda3\\Lib\\site-packages\\sympy\\simplify\\epathtools.py', reloading
[ 2023-07-30 11:43:34,816 ] 224 werkzeug - INFO -  * Detected change in 'C:\\Users\\papal\\anaconda3\\Lib\\site-packages\\sympy\\simplify\\hyperexpand.py', reloading
[ 2023-07-30 11:43:34,818 ] 224 werkzeug - INFO -  * Detected change in 'd:\\IMP Folder\\1 On Goning Project\\Campus Placement Prediction\\ProjectOnging\\venv\\Lib\\encodings\\euc_jp.py', reloading
[ 2023-07-30 11:43:34,826 ] 224 werkzeug - INFO -  * Detected change in 'C:\\Users\\papal\\anaconda3\\Lib\\site-packages\\sympy\\simplify\\radsimp.py', reloading
[ 2023-07-30 11:43:34,826 ] 224 werkzeug - INFO -  * Detected change in 'd:\\IMP Folder\\1 On Goning Project\\Campus Placement Prediction\\ProjectOnging\\venv\\Lib\\encodings\\euc_kr.py', reloading
[ 2023-07-30 11:43:34,826 ] 224 werkzeug - INFO -  * Detected change in 'C:\\Users\\papal\\anaconda3\\Lib\\site-packages\\sympy\\simplify\\trigsimp.py', reloading
[ 2023-07-30 11:43:34,826 ] 224 werkzeug - INFO -  * Detected change in 'd:\\IMP Folder\\1 On Goning Project\\Campus Placement Prediction\\ProjectOnging\\venv\\Lib\\encodings\\gb18030.py', reloading
[ 2023-07-30 11:43:34,826 ] 224 werkzeug - INFO -  * Detected change in 'C:\\Users\\papal\\anaconda3\\Lib\\site-packages\\sympy\\simplify\\powsimp.py', reloading
[ 2023-07-30 11:43:34,842 ] 224 werkzeug - INFO -  * Detected change in 'C:\\Users\\papal\\anaconda3\\Lib\\site-packages\\sympy\\simplify\\combsimp.py', reloading
[ 2023-07-30 11:43:34,847 ] 224 werkzeug - INFO -  * Detected change in 'C:\\Users\\papal\\anaconda3\\Lib\\site-packages\\sympy\\simplify\\gammasimp.py', reloading
[ 2023-07-30 11:43:34,848 ] 224 werkzeug - INFO -  * Detected change in 'd:\\IMP Folder\\1 On Goning Project\\Campus Placement Prediction\\ProjectOnging\\venv\\Lib\\encodings\\gb2312.py', reloading
[ 2023-07-30 11:43:34,850 ] 224 werkzeug - INFO -  * Detected change in 'C:\\Users\\papal\\anaconda3\\Lib\\site-packages\\sympy\\simplify\\ratsimp.py', reloading
[ 2023-07-30 11:43:34,852 ] 224 werkzeug - INFO -  * Detected change in 'C:\\Users\\papal\\anaconda3\\Lib\\site-packages\\sympy\\sets\\__init__.py', reloading
[ 2023-07-30 11:43:34,855 ] 224 werkzeug - INFO -  * Detected change in 'C:\\Users\\papal\\anaconda3\\Lib\\site-packages\\sympy\\sets\\sets.py', reloading
[ 2023-07-30 11:43:34,855 ] 224 werkzeug - INFO -  * Detected change in 'd:\\IMP Folder\\1 On Goning Project\\Campus Placement Prediction\\ProjectOnging\\venv\\Lib\\encodings\\gbk.py', reloading
[ 2023-07-30 11:43:34,855 ] 224 werkzeug - INFO -  * Detected change in 'C:\\Users\\papal\\anaconda3\\Lib\\site-packages\\sympy\\sets\\fancysets.py', reloading
[ 2023-07-30 11:43:34,870 ] 224 werkzeug - INFO -  * Detected change in 'd:\\IMP Folder\\1 On Goning Project\\Campus Placement Prediction\\ProjectOnging\\venv\\Lib\\encodings\\hex_codec.py', reloading
[ 2023-07-30 11:43:34,870 ] 224 werkzeug - INFO -  * Detected change in 'C:\\Users\\papal\\anaconda3\\Lib\\site-packages\\sympy\\sets\\contains.py', reloading
[ 2023-07-30 11:43:34,870 ] 224 werkzeug - INFO -  * Detected change in 'C:\\Users\\papal\\anaconda3\\Lib\\site-packages\\sympy\\sets\\conditionset.py', reloading
[ 2023-07-30 11:43:34,870 ] 224 werkzeug - INFO -  * Detected change in 'C:\\Users\\papal\\anaconda3\\Lib\\site-packages\\sympy\\sets\\ordinals.py', reloading
[ 2023-07-30 11:43:34,870 ] 224 werkzeug - INFO -  * Detected change in 'C:\\Users\\papal\\anaconda3\\Lib\\site-packages\\sympy\\sets\\powerset.py', reloading
[ 2023-07-30 11:43:34,870 ] 224 werkzeug - INFO -  * Detected change in 'C:\\Users\\papal\\anaconda3\\Lib\\site-packages\\sympy\\solvers\\__init__.py', reloading
[ 2023-07-30 11:43:34,886 ] 224 werkzeug - INFO -  * Detected change in 'C:\\Users\\papal\\anaconda3\\Lib\\site-packages\\sympy\\solvers\\solvers.py', reloading
[ 2023-07-30 11:43:34,886 ] 224 werkzeug - INFO -  * Detected change in 'd:\\IMP Folder\\1 On Goning Project\\Campus Placement Prediction\\ProjectOnging\\venv\\Lib\\encodings\\hp_roman8.py', reloading
[ 2023-07-30 11:43:34,886 ] 224 werkzeug - INFO -  * Detected change in 'd:\\IMP Folder\\1 On Goning Project\\Campus Placement Prediction\\ProjectOnging\\venv\\Lib\\encodings\\hz.py', reloading
[ 2023-07-30 11:43:34,906 ] 224 werkzeug - INFO -  * Detected change in 'C:\\Users\\papal\\anaconda3\\Lib\\site-packages\\sympy\\core\\assumptions.py', reloading
[ 2023-07-30 11:43:34,909 ] 224 werkzeug - INFO -  * Detected change in 'd:\\IMP Folder\\1 On Goning Project\\Campus Placement Prediction\\ProjectOnging\\venv\\Lib\\encodings\\idna.py', reloading
[ 2023-07-30 11:43:34,913 ] 224 werkzeug - INFO -  * Detected change in 'C:\\Users\\papal\\anaconda3\\Lib\\site-packages\\sympy\\solvers\\diophantine\\__init__.py', reloading
[ 2023-07-30 11:43:34,914 ] 224 werkzeug - INFO -  * Detected change in 'C:\\Users\\papal\\anaconda3\\Lib\\site-packages\\sympy\\solvers\\diophantine\\diophantine.py', reloading
[ 2023-07-30 11:43:34,917 ] 224 werkzeug - INFO -  * Detected change in 'd:\\IMP Folder\\1 On Goning Project\\Campus Placement Prediction\\ProjectOnging\\venv\\Lib\\encodings\\iso2022_jp.py', reloading
[ 2023-07-30 11:43:34,930 ] 224 werkzeug - INFO -  * Detected change in 'C:\\Users\\papal\\anaconda3\\Lib\\site-packages\\sympy\\solvers\\recurr.py', reloading
[ 2023-07-30 11:43:34,938 ] 224 werkzeug - INFO -  * Detected change in 'C:\\Users\\papal\\anaconda3\\Lib\\site-packages\\sympy\\solvers\\ode\\__init__.py', reloading
[ 2023-07-30 11:43:34,940 ] 224 werkzeug - INFO -  * Detected change in 'C:\\Users\\papal\\anaconda3\\Lib\\site-packages\\sympy\\solvers\\ode\\subscheck.py', reloading
[ 2023-07-30 11:43:34,941 ] 224 werkzeug - INFO -  * Detected change in 'd:\\IMP Folder\\1 On Goning Project\\Campus Placement Prediction\\ProjectOnging\\venv\\Lib\\encodings\\iso2022_jp_1.py', reloading
[ 2023-07-30 11:43:34,944 ] 224 werkzeug - INFO -  * Detected change in 'C:\\Users\\papal\\anaconda3\\Lib\\site-packages\\sympy\\solvers\\ode\\ode.py', reloading
[ 2023-07-30 11:43:34,954 ] 224 werkzeug - INFO -  * Detected change in 'd:\\IMP Folder\\1 On Goning Project\\Campus Placement Prediction\\ProjectOnging\\venv\\Lib\\encodings\\iso2022_jp_2.py', reloading
[ 2023-07-30 11:43:34,959 ] 224 werkzeug - INFO -  * Detected change in 'C:\\Users\\papal\\anaconda3\\Lib\\site-packages\\sympy\\solvers\\polysys.py', reloading
[ 2023-07-30 11:43:34,962 ] 224 werkzeug - INFO -  * Detected change in 'C:\\Users\\papal\\anaconda3\\Lib\\site-packages\\sympy\\solvers\\pde.py', reloading
[ 2023-07-30 11:43:34,967 ] 224 werkzeug - INFO -  * Detected change in 'd:\\IMP Folder\\1 On Goning Project\\Campus Placement Prediction\\ProjectOnging\\venv\\Lib\\encodings\\iso2022_jp_2004.py', reloading
[ 2023-07-30 11:43:34,968 ] 224 werkzeug - INFO -  * Detected change in 'C:\\Users\\papal\\anaconda3\\Lib\\site-packages\\sympy\\solvers\\deutils.py', reloading
[ 2023-07-30 11:43:34,970 ] 224 werkzeug - INFO -  * Detected change in 'C:\\Users\\papal\\anaconda3\\Lib\\site-packages\\sympy\\solvers\\inequalities.py', reloading
[ 2023-07-30 11:43:34,973 ] 224 werkzeug - INFO -  * Detected change in 'C:\\Users\\papal\\anaconda3\\Lib\\site-packages\\sympy\\solvers\\decompogen.py', reloading
[ 2023-07-30 11:43:34,980 ] 224 werkzeug - INFO -  * Detected change in 'C:\\Users\\papal\\anaconda3\\Lib\\site-packages\\sympy\\solvers\\solveset.py', reloading
[ 2023-07-30 11:43:34,981 ] 224 werkzeug - INFO -  * Detected change in 'd:\\IMP Folder\\1 On Goning Project\\Campus Placement Prediction\\ProjectOnging\\venv\\Lib\\encodings\\iso2022_jp_3.py', reloading
[ 2023-07-30 11:43:34,995 ] 224 werkzeug - INFO -  * Detected change in 'd:\\IMP Folder\\1 On Goning Project\\Campus Placement Prediction\\ProjectOnging\\venv\\Lib\\encodings\\iso2022_jp_ext.py', reloading
[ 2023-07-30 11:43:34,995 ] 224 werkzeug - INFO -  * Detected change in 'C:\\Users\\papal\\anaconda3\\Lib\\site-packages\\sympy\\matrices\\__init__.py', reloading
[ 2023-07-30 11:43:34,999 ] 224 werkzeug - INFO -  * Detected change in 'C:\\Users\\papal\\anaconda3\\Lib\\site-packages\\sympy\\matrices\\common.py', reloading
[ 2023-07-30 11:43:35,007 ] 224 werkzeug - INFO -  * Detected change in 'd:\\IMP Folder\\1 On Goning Project\\Campus Placement Prediction\\ProjectOnging\\venv\\Lib\\encodings\\iso2022_kr.py', reloading
[ 2023-07-30 11:43:35,018 ] 224 werkzeug - INFO -  * Detected change in 'C:\\Users\\papal\\anaconda3\\Lib\\site-packages\\sympy\\matrices\\dense.py', reloading
[ 2023-07-30 11:43:35,024 ] 224 werkzeug - INFO -  * Detected change in 'C:\\Users\\papal\\anaconda3\\Lib\\site-packages\\sympy\\matrices\\matrices.py', reloading
[ 2023-07-30 11:43:35,028 ] 224 werkzeug - INFO -  * Detected change in 'd:\\IMP Folder\\1 On Goning Project\\Campus Placement Prediction\\ProjectOnging\\venv\\Lib\\encodings\\iso8859_1.py', reloading
[ 2023-07-30 11:43:35,042 ] 224 werkzeug - INFO -  * Detected change in 'C:\\Users\\papal\\anaconda3\\Lib\\site-packages\\sympy\\matrices\\sparse.py', reloading
[ 2023-07-30 11:43:35,048 ] 224 werkzeug - INFO -  * Detected change in 'C:\\Users\\papal\\anaconda3\\Lib\\site-packages\\sympy\\matrices\\sparsetools.py', reloading
[ 2023-07-30 11:43:35,052 ] 224 werkzeug - INFO -  * Detected change in 'C:\\Users\\papal\\anaconda3\\Lib\\site-packages\\sympy\\matrices\\immutable.py', reloading
[ 2023-07-30 11:43:35,056 ] 224 werkzeug - INFO -  * Detected change in 'd:\\IMP Folder\\1 On Goning Project\\Campus Placement Prediction\\ProjectOnging\\venv\\Lib\\encodings\\iso8859_10.py', reloading
[ 2023-07-30 11:43:35,056 ] 224 werkzeug - INFO -  * Detected change in 'C:\\Users\\papal\\anaconda3\\Lib\\site-packages\\sympy\\matrices\\expressions\\__init__.py', reloading
[ 2023-07-30 11:43:35,056 ] 224 werkzeug - INFO -  * Detected change in 'C:\\Users\\papal\\anaconda3\\Lib\\site-packages\\sympy\\matrices\\expressions\\slice.py', reloading
[ 2023-07-30 11:43:35,056 ] 224 werkzeug - INFO -  * Detected change in 'C:\\Users\\papal\\anaconda3\\Lib\\site-packages\\sympy\\matrices\\expressions\\blockmatrix.py', reloading
[ 2023-07-30 11:43:35,071 ] 224 werkzeug - INFO -  * Detected change in 'd:\\IMP Folder\\1 On Goning Project\\Campus Placement Prediction\\ProjectOnging\\venv\\Lib\\encodings\\iso8859_11.py', reloading
[ 2023-07-30 11:43:35,086 ] 224 werkzeug - INFO -  * Detected change in 'C:\\Users\\papal\\anaconda3\\Lib\\site-packages\\sympy\\matrices\\expressions\\funcmatrix.py', reloading
[ 2023-07-30 11:43:35,086 ] 224 werkzeug - INFO -  * Detected change in 'C:\\Users\\papal\\anaconda3\\Lib\\site-packages\\sympy\\matrices\\expressions\\special.py', reloading
[ 2023-07-30 11:43:35,086 ] 224 werkzeug - INFO -  * Detected change in 'C:\\Users\\papal\\anaconda3\\Lib\\site-packages\\sympy\\matrices\\expressions\\inverse.py', reloading
[ 2023-07-30 11:43:35,086 ] 224 werkzeug - INFO -  * Detected change in 'C:\\Users\\papal\\anaconda3\\Lib\\site-packages\\sympy\\matrices\\expressions\\matadd.py', reloading
[ 2023-07-30 11:43:35,086 ] 224 werkzeug - INFO -  * Detected change in 'd:\\IMP Folder\\1 On Goning Project\\Campus Placement Prediction\\ProjectOnging\\venv\\Lib\\encodings\\iso8859_13.py', reloading
[ 2023-07-30 11:43:35,101 ] 224 werkzeug - INFO -  * Detected change in 'C:\\Users\\papal\\anaconda3\\Lib\\site-packages\\sympy\\matrices\\expressions\\matmul.py', reloading
[ 2023-07-30 11:43:35,106 ] 224 werkzeug - INFO -  * Detected change in 'C:\\Users\\papal\\anaconda3\\Lib\\site-packages\\sympy\\matrices\\expressions\\matpow.py', reloading
[ 2023-07-30 11:43:35,109 ] 224 werkzeug - INFO -  * Detected change in 'C:\\Users\\papal\\anaconda3\\Lib\\site-packages\\sympy\\matrices\\expressions\\matexpr.py', reloading
[ 2023-07-30 11:43:35,114 ] 224 werkzeug - INFO -  * Detected change in 'C:\\Users\\papal\\anaconda3\\Lib\\site-packages\\sympy\\matrices\\expressions\\trace.py', reloading
[ 2023-07-30 11:43:35,116 ] 224 werkzeug - INFO -  * Detected change in 'C:\\Users\\papal\\anaconda3\\Lib\\site-packages\\sympy\\matrices\\expressions\\transpose.py', reloading
[ 2023-07-30 11:43:35,118 ] 224 werkzeug - INFO -  * Detected change in 'C:\\Users\\papal\\anaconda3\\Lib\\site-packages\\sympy\\matrices\\expressions\\adjoint.py', reloading
[ 2023-07-30 11:43:35,120 ] 224 werkzeug - INFO -  * Detected change in 'd:\\IMP Folder\\1 On Goning Project\\Campus Placement Prediction\\ProjectOnging\\venv\\Lib\\encodings\\iso8859_14.py', reloading
[ 2023-07-30 11:43:35,121 ] 224 werkzeug - INFO -  * Detected change in 'C:\\Users\\papal\\anaconda3\\Lib\\site-packages\\sympy\\matrices\\expressions\\hadamard.py', reloading
[ 2023-07-30 11:43:35,125 ] 224 werkzeug - INFO -  * Detected change in 'C:\\Users\\papal\\anaconda3\\Lib\\site-packages\\sympy\\matrices\\expressions\\determinant.py', reloading
[ 2023-07-30 11:43:35,125 ] 224 werkzeug - INFO -  * Detected change in 'C:\\Users\\papal\\anaconda3\\Lib\\site-packages\\sympy\\matrices\\expressions\\diagonal.py', reloading
[ 2023-07-30 11:43:35,125 ] 224 werkzeug - INFO -  * Detected change in 'C:\\Users\\papal\\anaconda3\\Lib\\site-packages\\sympy\\matrices\\expressions\\dotproduct.py', reloading
[ 2023-07-30 11:43:35,125 ] 224 werkzeug - INFO -  * Detected change in 'C:\\Users\\papal\\anaconda3\\Lib\\site-packages\\sympy\\matrices\\expressions\\kronecker.py', reloading
[ 2023-07-30 11:43:35,125 ] 224 werkzeug - INFO -  * Detected change in 'C:\\Users\\papal\\anaconda3\\Lib\\site-packages\\sympy\\matrices\\expressions\\permutation.py', reloading
[ 2023-07-30 11:43:35,125 ] 224 werkzeug - INFO -  * Detected change in 'C:\\Users\\papal\\anaconda3\\Lib\\site-packages\\sympy\\geometry\\__init__.py', reloading
[ 2023-07-30 11:43:35,125 ] 224 werkzeug - INFO -  * Detected change in 'd:\\IMP Folder\\1 On Goning Project\\Campus Placement Prediction\\ProjectOnging\\venv\\Lib\\encodings\\iso8859_15.py', reloading
[ 2023-07-30 11:43:35,140 ] 224 werkzeug - INFO -  * Detected change in 'C:\\Users\\papal\\anaconda3\\Lib\\site-packages\\sympy\\geometry\\point.py', reloading
[ 2023-07-30 11:43:35,140 ] 224 werkzeug - INFO -  * Detected change in 'C:\\Users\\papal\\anaconda3\\Lib\\site-packages\\sympy\\geometry\\line.py', reloading
[ 2023-07-30 11:43:35,140 ] 224 werkzeug - INFO -  * Detected change in 'd:\\IMP Folder\\1 On Goning Project\\Campus Placement Prediction\\ProjectOnging\\venv\\Lib\\encodings\\iso8859_16.py', reloading
[ 2023-07-30 11:43:35,156 ] 224 werkzeug - INFO -  * Detected change in 'C:\\Users\\papal\\anaconda3\\Lib\\site-packages\\sympy\\geometry\\plane.py', reloading
[ 2023-07-30 11:43:35,156 ] 224 werkzeug - INFO -  * Detected change in 'C:\\Users\\papal\\anaconda3\\Lib\\site-packages\\sympy\\geometry\\ellipse.py', reloading
[ 2023-07-30 11:43:35,156 ] 224 werkzeug - INFO -  * Detected change in 'C:\\Users\\papal\\anaconda3\\Lib\\site-packages\\sympy\\geometry\\polygon.py', reloading
[ 2023-07-30 11:43:35,172 ] 224 werkzeug - INFO -  * Detected change in 'd:\\IMP Folder\\1 On Goning Project\\Campus Placement Prediction\\ProjectOnging\\venv\\Lib\\encodings\\iso8859_2.py', reloading
[ 2023-07-30 11:43:35,172 ] 224 werkzeug - INFO -  * Detected change in 'C:\\Users\\papal\\anaconda3\\Lib\\site-packages\\sympy\\geometry\\util.py', reloading
[ 2023-07-30 11:43:35,172 ] 224 werkzeug - INFO -  * Detected change in 'C:\\Users\\papal\\anaconda3\\Lib\\site-packages\\sympy\\geometry\\exceptions.py', reloading
[ 2023-07-30 11:43:35,172 ] 224 werkzeug - INFO -  * Detected change in 'C:\\Users\\papal\\anaconda3\\Lib\\site-packages\\sympy\\geometry\\curve.py', reloading
[ 2023-07-30 11:43:35,172 ] 224 werkzeug - INFO -  * Detected change in 'C:\\Users\\papal\\anaconda3\\Lib\\site-packages\\sympy\\geometry\\parabola.py', reloading
[ 2023-07-30 11:43:35,172 ] 224 werkzeug - INFO -  * Detected change in 'C:\\Users\\papal\\anaconda3\\Lib\\site-packages\\sympy\\utilities\\__init__.py', reloading
[ 2023-07-30 11:43:35,185 ] 224 werkzeug - INFO -  * Detected change in 'C:\\Users\\papal\\anaconda3\\Lib\\site-packages\\sympy\\utilities\\iterables.py', reloading
[ 2023-07-30 11:43:35,188 ] 224 werkzeug - INFO -  * Detected change in 'd:\\IMP Folder\\1 On Goning Project\\Campus Placement Prediction\\ProjectOnging\\venv\\Lib\\encodings\\iso8859_3.py', reloading
[ 2023-07-30 11:43:35,195 ] 224 werkzeug - INFO -  * Detected change in 'C:\\Users\\papal\\anaconda3\\Lib\\site-packages\\sympy\\utilities\\misc.py', reloading
[ 2023-07-30 11:43:35,195 ] 224 werkzeug - INFO -  * Detected change in 'C:\\Users\\papal\\anaconda3\\Lib\\site-packages\\sympy\\utilities\\lambdify.py', reloading
[ 2023-07-30 11:43:35,204 ] 224 werkzeug - INFO -  * Detected change in 'd:\\IMP Folder\\1 On Goning Project\\Campus Placement Prediction\\ProjectOnging\\venv\\Lib\\encodings\\iso8859_4.py', reloading
[ 2023-07-30 11:43:35,208 ] 224 werkzeug - INFO -  * Detected change in 'C:\\Users\\papal\\anaconda3\\Lib\\site-packages\\sympy\\utilities\\source.py', reloading
[ 2023-07-30 11:43:35,210 ] 224 werkzeug - INFO -  * Detected change in 'C:\\Users\\papal\\anaconda3\\Lib\\site-packages\\sympy\\utilities\\decorator.py', reloading
[ 2023-07-30 11:43:35,213 ] 224 werkzeug - INFO -  * Detected change in 'C:\\Users\\papal\\anaconda3\\Lib\\site-packages\\sympy\\utilities\\timeutils.py', reloading
[ 2023-07-30 11:43:35,216 ] 224 werkzeug - INFO -  * Detected change in 'C:\\Users\\papal\\anaconda3\\Lib\\site-packages\\sympy\\integrals\\__init__.py', reloading
[ 2023-07-30 11:43:35,216 ] 224 werkzeug - INFO -  * Detected change in 'C:\\Users\\papal\\anaconda3\\Lib\\site-packages\\sympy\\integrals\\integrals.py', reloading
[ 2023-07-30 11:43:35,216 ] 224 werkzeug - INFO -  * Detected change in 'd:\\IMP Folder\\1 On Goning Project\\Campus Placement Prediction\\ProjectOnging\\venv\\Lib\\encodings\\iso8859_5.py', reloading
[ 2023-07-30 11:43:35,225 ] 224 werkzeug - INFO -  * Detected change in 'C:\\Users\\papal\\anaconda3\\Lib\\site-packages\\sympy\\integrals\\transforms.py', reloading
[ 2023-07-30 11:43:35,240 ] 224 werkzeug - INFO -  * Detected change in 'C:\\Users\\papal\\anaconda3\\Lib\\site-packages\\sympy\\integrals\\singularityfunctions.py', reloading
[ 2023-07-30 11:43:35,241 ] 224 werkzeug - INFO -  * Detected change in 'd:\\IMP Folder\\1 On Goning Project\\Campus Placement Prediction\\ProjectOnging\\venv\\Lib\\encodings\\iso8859_6.py', reloading
[ 2023-07-30 11:43:35,243 ] 224 werkzeug - INFO -  * Detected change in 'C:\\Users\\papal\\anaconda3\\Lib\\site-packages\\sympy\\tensor\\__init__.py', reloading
[ 2023-07-30 11:43:35,246 ] 224 werkzeug - INFO -  * Detected change in 'C:\\Users\\papal\\anaconda3\\Lib\\site-packages\\sympy\\tensor\\indexed.py', reloading
[ 2023-07-30 11:43:35,249 ] 224 werkzeug - INFO -  * Detected change in 'C:\\Users\\papal\\anaconda3\\Lib\\site-packages\\sympy\\tensor\\index_methods.py', reloading
[ 2023-07-30 11:43:35,250 ] 224 werkzeug - INFO -  * Detected change in 'C:\\Users\\papal\\anaconda3\\Lib\\site-packages\\sympy\\tensor\\functions.py', reloading
[ 2023-07-30 11:43:35,250 ] 224 werkzeug - INFO -  * Detected change in 'C:\\Users\\papal\\anaconda3\\Lib\\site-packages\\sympy\\tensor\\array\\__init__.py', reloading
[ 2023-07-30 11:43:35,250 ] 224 werkzeug - INFO -  * Detected change in 'C:\\Users\\papal\\anaconda3\\Lib\\site-packages\\sympy\\tensor\\array\\dense_ndim_array.py', reloading
[ 2023-07-30 11:43:35,250 ] 224 werkzeug - INFO -  * Detected change in 'd:\\IMP Folder\\1 On Goning Project\\Campus Placement Prediction\\ProjectOnging\\venv\\Lib\\encodings\\iso8859_7.py', reloading
[ 2023-07-30 11:43:35,250 ] 224 werkzeug - INFO -  * Detected change in 'C:\\Users\\papal\\anaconda3\\Lib\\site-packages\\sympy\\tensor\\array\\sparse_ndim_array.py', reloading
[ 2023-07-30 11:43:35,250 ] 224 werkzeug - INFO -  * Detected change in 'C:\\Users\\papal\\anaconda3\\Lib\\site-packages\\sympy\\tensor\\array\\ndim_array.py', reloading
[ 2023-07-30 11:43:35,266 ] 224 werkzeug - INFO -  * Detected change in 'C:\\Users\\papal\\anaconda3\\Lib\\site-packages\\sympy\\tensor\\array\\arrayop.py', reloading
[ 2023-07-30 11:43:35,266 ] 224 werkzeug - INFO -  * Detected change in 'C:\\Users\\papal\\anaconda3\\Lib\\site-packages\\sympy\\parsing\\__init__.py', reloading
[ 2023-07-30 11:43:35,266 ] 224 werkzeug - INFO -  * Detected change in 'C:\\Users\\papal\\anaconda3\\Lib\\site-packages\\sympy\\parsing\\sympy_parser.py', reloading
[ 2023-07-30 11:43:35,266 ] 224 werkzeug - INFO -  * Detected change in 'd:\\IMP Folder\\1 On Goning Project\\Campus Placement Prediction\\ProjectOnging\\venv\\Lib\\encodings\\iso8859_8.py', reloading
[ 2023-07-30 11:43:35,266 ] 224 werkzeug - INFO -  * Detected change in 'C:\\Users\\papal\\anaconda3\\Lib\\site-packages\\sympy\\calculus\\__init__.py', reloading
[ 2023-07-30 11:43:35,281 ] 224 werkzeug - INFO -  * Detected change in 'C:\\Users\\papal\\anaconda3\\Lib\\site-packages\\sympy\\calculus\\euler.py', reloading
[ 2023-07-30 11:43:35,281 ] 224 werkzeug - INFO -  * Detected change in 'C:\\Users\\papal\\anaconda3\\Lib\\site-packages\\sympy\\calculus\\singularities.py', reloading
[ 2023-07-30 11:43:35,281 ] 224 werkzeug - INFO -  * Detected change in 'C:\\Users\\papal\\anaconda3\\Lib\\site-packages\\sympy\\calculus\\finite_diff.py', reloading
[ 2023-07-30 11:43:35,281 ] 224 werkzeug - INFO -  * Detected change in 'C:\\Users\\papal\\anaconda3\\Lib\\site-packages\\sympy\\calculus\\util.py', reloading
[ 2023-07-30 11:43:35,281 ] 224 werkzeug - INFO -  * Detected change in 'd:\\IMP Folder\\1 On Goning Project\\Campus Placement Prediction\\ProjectOnging\\venv\\Lib\\encodings\\iso8859_9.py', reloading
[ 2023-07-30 11:43:35,281 ] 224 werkzeug - INFO -  * Detected change in 'C:\\Users\\papal\\anaconda3\\Lib\\site-packages\\sympy\\calculus\\accumulationbounds.py', reloading
[ 2023-07-30 11:43:35,297 ] 224 werkzeug - INFO -  * Detected change in 'C:\\Users\\papal\\anaconda3\\Lib\\site-packages\\sympy\\algebras\\__init__.py', reloading
[ 2023-07-30 11:43:35,297 ] 224 werkzeug - INFO -  * Detected change in 'C:\\Users\\papal\\anaconda3\\Lib\\site-packages\\sympy\\algebras\\quaternion.py', reloading
[ 2023-07-30 11:43:35,297 ] 224 werkzeug - INFO -  * Detected change in 'C:\\Users\\papal\\anaconda3\\Lib\\site-packages\\sympy\\printing\\__init__.py', reloading
[ 2023-07-30 11:43:35,297 ] 224 werkzeug - INFO -  * Detected change in 'C:\\Users\\papal\\anaconda3\\Lib\\site-packages\\sympy\\printing\\pretty\\__init__.py', reloading
[ 2023-07-30 11:43:35,297 ] 224 werkzeug - INFO -  * Detected change in 'd:\\IMP Folder\\1 On Goning Project\\Campus Placement Prediction\\ProjectOnging\\venv\\Lib\\encodings\\johab.py', reloading
[ 2023-07-30 11:43:35,297 ] 224 werkzeug - INFO -  * Detected change in 'C:\\Users\\papal\\anaconda3\\Lib\\site-packages\\sympy\\printing\\pretty\\pretty.py', reloading
[ 2023-07-30 11:43:35,313 ] 224 werkzeug - INFO -  * Detected change in 'd:\\IMP Folder\\1 On Goning Project\\Campus Placement Prediction\\ProjectOnging\\venv\\Lib\\encodings\\koi8_r.py', reloading
