[ 2023-07-30 17:02:37,199 ] 224 werkzeug - WARNING -  * Debugger is active!
[ 2023-07-30 17:02:37,208 ] 224 werkzeug - INFO -  * Debugger PIN: 117-428-366
[ 2023-07-30 17:20:51,536 ] 224 werkzeug - INFO -  * Detected change in 'C:\\Users\\papal\\anaconda3\\Lib\\concurrent\\__init__.py', reloading
[ 2023-07-30 17:20:51,536 ] 224 werkzeug - INFO -  * Detected change in 'C:\\Users\\papal\\anaconda3\\Lib\\distutils\\__init__.py', reloading
[ 2023-07-30 17:20:51,536 ] 224 werkzeug - INFO -  * Detected change in 'C:\\Users\\papal\\anaconda3\\Lib\\idlelib\\__init__.py', reloading
[ 2023-07-30 17:20:51,536 ] 224 werkzeug - INFO -  * Detected change in 'C:\\Users\\papal\\anaconda3\\Lib\\lib2to3\\__init__.py', reloading
[ 2023-07-30 17:20:51,553 ] 224 werkzeug - INFO -  * Detected change in 'C:\\Users\\papal\\anaconda3\\Lib\\test\\__init__.py', reloading
[ 2023-07-30 17:20:51,553 ] 224 werkzeug - INFO -  * Detected change in 'C:\\Users\\papal\\anaconda3\\Lib\\turtledemo\\__init__.py', reloading
[ 2023-07-30 17:20:51,553 ] 224 werkzeug - INFO -  * Detected change in 'C:\\Users\\papal\\anaconda3\\Lib\\wsgiref\\__init__.py', reloading
[ 2023-07-30 17:20:51,553 ] 224 werkzeug - INFO -  * Detected change in 'C:\\Users\\papal\\anaconda3\\Lib\\xml\\__init__.py', reloading
[ 2023-07-30 17:20:51,694 ] 224 werkzeug - INFO -  * Detected change in 'C:\\Users\\papal\\anaconda3\\Lib\\xmlrpc\\__init__.py', reloading
[ 2023-07-30 17:20:51,702 ] 224 werkzeug - INFO -  * Detected change in 'C:\\Users\\papal\\anaconda3\\Lib\\__phello__\\__init__.py', reloading
[ 2023-07-30 17:20:51,702 ] 224 werkzeug - INFO -  * Detected change in 'C:\\Users\\papal\\anaconda3\\Lib\\site-packages\\adodbapi\\__init__.py', reloading
[ 2023-07-30 17:20:51,702 ] 224 werkzeug - INFO -  * Detected change in 'C:\\Users\\papal\\anaconda3\\Lib\\site-packages\\aiobotocore\\__init__.py', reloading
[ 2023-07-30 17:20:51,702 ] 224 werkzeug - INFO -  * Detected change in 'C:\\Users\\papal\\anaconda3\\Lib\\site-packages\\aiohttp\\__init__.py', reloading
[ 2023-07-30 17:20:51,719 ] 224 werkzeug - INFO -  * Detected change in 'C:\\Users\\papal\\anaconda3\\Lib\\site-packages\\aiohttp\\client.py', reloading
[ 2023-07-30 17:20:51,760 ] 224 werkzeug - INFO -  * Detected change in 'C:\\Users\\papal\\anaconda3\\Lib\\site-packages\\aiohttp\\connector.py', reloading
[ 2023-07-30 17:20:51,785 ] 224 werkzeug - INFO -  * Detected change in 'C:\\Users\\papal\\anaconda3\\Lib\\site-packages\\aiohttp\\client_exceptions.py', reloading
[ 2023-07-30 17:20:51,793 ] 224 werkzeug - INFO -  * Detected change in 'C:\\Users\\papal\\anaconda3\\Lib\\site-packages\\aiohttp\\client_reqrep.py', reloading
[ 2023-07-30 17:20:51,810 ] 224 werkzeug - INFO -  * Detected change in 'C:\\Users\\papal\\anaconda3\\Lib\\site-packages\\aiohttp\\client_ws.py', reloading
[ 2023-07-30 17:20:51,818 ] 224 werkzeug - INFO -  * Detected change in 'C:\\Users\\papal\\anaconda3\\Lib\\site-packages\\aiohttp\\cookiejar.py', reloading
[ 2023-07-30 17:20:51,826 ] 224 werkzeug - INFO -  * Detected change in 'C:\\Users\\papal\\anaconda3\\Lib\\site-packages\\aiohttp\\formdata.py', reloading
[ 2023-07-30 17:20:51,826 ] 224 werkzeug - INFO -  * Detected change in 'C:\\Users\\papal\\anaconda3\\Lib\\site-packages\\aiohttp\\helpers.py', reloading
[ 2023-07-30 17:20:51,851 ] 224 werkzeug - INFO -  * Detected change in 'C:\\Users\\papal\\anaconda3\\Lib\\site-packages\\aiohttp\\http.py', reloading
[ 2023-07-30 17:20:51,859 ] 224 werkzeug - INFO -  * Detected change in 'C:\\Users\\papal\\anaconda3\\Lib\\site-packages\\aiohttp\\http_writer.py', reloading
[ 2023-07-30 17:20:51,859 ] 224 werkzeug - INFO -  * Detected change in 'C:\\Users\\papal\\anaconda3\\Lib\\site-packages\\aiohttp\\http_websocket.py', reloading
[ 2023-07-30 17:20:51,868 ] 224 werkzeug - INFO -  * Detected change in 'C:\\Users\\papal\\anaconda3\\Lib\\site-packages\\aiohttp\\multipart.py', reloading
[ 2023-07-30 17:20:51,876 ] 224 werkzeug - INFO -  * Detected change in 'C:\\Users\\papal\\anaconda3\\Lib\\site-packages\\aiohttp\\payload.py', reloading
[ 2023-07-30 17:20:51,884 ] 224 werkzeug - INFO -  * Detected change in 'C:\\Users\\papal\\anaconda3\\Lib\\site-packages\\aiohttp\\payload_streamer.py', reloading
[ 2023-07-30 17:20:51,892 ] 224 werkzeug - INFO -  * Detected change in 'C:\\Users\\papal\\anaconda3\\Lib\\site-packages\\aiohttp\\resolver.py', reloading
[ 2023-07-30 17:20:51,893 ] 224 werkzeug - INFO -  * Detected change in 'C:\\Users\\papal\\anaconda3\\Lib\\site-packages\\aiohttp\\streams.py', reloading
[ 2023-07-30 17:20:51,893 ] 224 werkzeug - INFO -  * Detected change in 'C:\\Users\\papal\\anaconda3\\Lib\\site-packages\\aiohttp\\tracing.py', reloading
[ 2023-07-30 17:20:51,901 ] 224 werkzeug - INFO -  * Detected change in 'C:\\Users\\papal\\anaconda3\\Lib\\site-packages\\aioitertools\\__init__.py', reloading
[ 2023-07-30 17:20:51,909 ] 224 werkzeug - INFO -  * Detected change in 'C:\\Users\\papal\\anaconda3\\Lib\\site-packages\\aiosqlite\\__init__.py', reloading
[ 2023-07-30 17:20:51,925 ] 224 werkzeug - INFO -  * Detected change in 'C:\\Users\\papal\\anaconda3\\Lib\\site-packages\\aiosqlite\\core.py', reloading
[ 2023-07-30 17:20:51,934 ] 224 werkzeug - INFO -  * Detected change in 'C:\\Users\\papal\\anaconda3\\Lib\\site-packages\\aiosqlite\\cursor.py', reloading
[ 2023-07-30 17:20:51,934 ] 224 werkzeug - INFO -  * Detected change in 'C:\\Users\\papal\\anaconda3\\Lib\\site-packages\\alabaster\\__init__.py', reloading
[ 2023-07-30 17:20:51,934 ] 224 werkzeug - INFO -  * Detected change in 'C:\\Users\\papal\\anaconda3\\Lib\\site-packages\\anaconda_catalogs\\__init__.py', reloading
[ 2023-07-30 17:20:51,942 ] 224 werkzeug - INFO -  * Detected change in 'C:\\Users\\papal\\anaconda3\\Lib\\site-packages\\anaconda_catalogs\\catalog.py', reloading
[ 2023-07-30 17:20:51,950 ] 224 werkzeug - INFO -  * Detected change in 'C:\\Users\\papal\\anaconda3\\Lib\\site-packages\\anaconda_navigator\\__init__.py', reloading
[ 2023-07-30 17:20:51,958 ] 224 werkzeug - INFO -  * Detected change in 'C:\\Users\\papal\\anaconda3\\Lib\\site-packages\\anaconda_project\\__init__.py', reloading
[ 2023-07-30 17:20:51,959 ] 224 werkzeug - INFO -  * Detected change in 'C:\\Users\\papal\\anaconda3\\Lib\\site-packages\\anyio\\__init__.py', reloading
[ 2023-07-30 17:20:51,959 ] 224 werkzeug - INFO -  * Detected change in 'C:\\Users\\papal\\anaconda3\\Lib\\site-packages\\anyio\\_core\\_compat.py', reloading
[ 2023-07-30 17:20:51,959 ] 224 werkzeug - INFO -  * Detected change in 'C:\\Users\\papal\\anaconda3\\Lib\\site-packages\\anyio\\_core\\_eventloop.py', reloading
[ 2023-07-30 17:20:51,967 ] 224 werkzeug - INFO -  * Detected change in 'C:\\Users\\papal\\anaconda3\\Lib\\site-packages\\anyio\\_core\\_exceptions.py', reloading
[ 2023-07-30 17:20:51,967 ] 224 werkzeug - INFO -  * Detected change in 'C:\\Users\\papal\\anaconda3\\Lib\\site-packages\\anyio\\_core\\_fileio.py', reloading
[ 2023-07-30 17:20:51,975 ] 224 werkzeug - INFO -  * Detected change in 'C:\\Users\\papal\\anaconda3\\Lib\\site-packages\\anyio\\_core\\_resources.py', reloading
[ 2023-07-30 17:20:51,975 ] 224 werkzeug - INFO -  * Detected change in 'C:\\Users\\papal\\anaconda3\\Lib\\site-packages\\anyio\\_core\\_signals.py', reloading
[ 2023-07-30 17:20:51,975 ] 224 werkzeug - INFO -  * Detected change in 'C:\\Users\\papal\\anaconda3\\Lib\\site-packages\\anyio\\_core\\_sockets.py', reloading
[ 2023-07-30 17:20:51,983 ] 224 werkzeug - INFO -  * Detected change in 'C:\\Users\\papal\\anaconda3\\Lib\\site-packages\\anyio\\_core\\_streams.py', reloading
[ 2023-07-30 17:20:51,983 ] 224 werkzeug - INFO -  * Detected change in 'C:\\Users\\papal\\anaconda3\\Lib\\site-packages\\anyio\\_core\\_subprocesses.py', reloading
[ 2023-07-30 17:20:51,991 ] 224 werkzeug - INFO -  * Detected change in 'C:\\Users\\papal\\anaconda3\\Lib\\site-packages\\anyio\\_core\\_synchronization.py', reloading
[ 2023-07-30 17:20:51,991 ] 224 werkzeug - INFO -  * Detected change in 'C:\\Users\\papal\\anaconda3\\Lib\\site-packages\\anyio\\_core\\_tasks.py', reloading
[ 2023-07-30 17:20:52,000 ] 224 werkzeug - INFO -  * Detected change in 'C:\\Users\\papal\\anaconda3\\Lib\\site-packages\\anyio\\_core\\_testing.py', reloading
[ 2023-07-30 17:20:52,000 ] 224 werkzeug - INFO -  * Detected change in 'C:\\Users\\papal\\anaconda3\\Lib\\site-packages\\anyio\\_core\\_typedattr.py', reloading
[ 2023-07-30 17:20:52,000 ] 224 werkzeug - INFO -  * Detected change in 'C:\\Users\\papal\\anaconda3\\Lib\\site-packages\\anyio\\to_thread.py', reloading
[ 2023-07-30 17:20:52,000 ] 224 werkzeug - INFO -  * Detected change in 'C:\\Users\\papal\\anaconda3\\Lib\\site-packages\\anyio\\from_thread.py', reloading
[ 2023-07-30 17:20:52,008 ] 224 werkzeug - INFO -  * Detected change in 'C:\\Users\\papal\\anaconda3\\Lib\\site-packages\\argon2\\__init__.py', reloading
[ 2023-07-30 17:20:52,008 ] 224 werkzeug - INFO -  * Detected change in 'C:\\Users\\papal\\anaconda3\\Lib\\site-packages\\argon2\\_legacy.py', reloading
[ 2023-07-30 17:20:52,016 ] 224 werkzeug - INFO -  * Detected change in 'C:\\Users\\papal\\anaconda3\\Lib\\site-packages\\argon2\\_password_hasher.py', reloading
[ 2023-07-30 17:20:52,016 ] 224 werkzeug - INFO -  * Detected change in 'C:\\Users\\papal\\anaconda3\\Lib\\site-packages\\argon2\\_utils.py', reloading
[ 2023-07-30 17:20:52,016 ] 224 werkzeug - INFO -  * Detected change in 'C:\\Users\\papal\\anaconda3\\Lib\\site-packages\\argon2\\low_level.py', reloading
[ 2023-07-30 17:20:52,016 ] 224 werkzeug - INFO -  * Detected change in 'C:\\Users\\papal\\anaconda3\\Lib\\site-packages\\arrow\\__init__.py', reloading
[ 2023-07-30 17:20:52,024 ] 224 werkzeug - INFO -  * Detected change in 'C:\\Users\\papal\\anaconda3\\Lib\\site-packages\\arrow\\_version.py', reloading
[ 2023-07-30 17:20:52,024 ] 224 werkzeug - INFO -  * Detected change in 'C:\\Users\\papal\\anaconda3\\Lib\\site-packages\\arrow\\api.py', reloading
[ 2023-07-30 17:20:52,033 ] 224 werkzeug - INFO -  * Detected change in 'C:\\Users\\papal\\anaconda3\\Lib\\site-packages\\arrow\\arrow.py', reloading
[ 2023-07-30 17:20:52,040 ] 224 werkzeug - INFO -  * Detected change in 'C:\\Users\\papal\\anaconda3\\Lib\\site-packages\\arrow\\factory.py', reloading
[ 2023-07-30 17:20:52,049 ] 224 werkzeug - INFO -  * Detected change in 'C:\\Users\\papal\\anaconda3\\Lib\\site-packages\\arrow\\formatter.py', reloading
[ 2023-07-30 17:20:52,049 ] 224 werkzeug - INFO -  * Detected change in 'C:\\Users\\papal\\anaconda3\\Lib\\site-packages\\arrow\\parser.py', reloading
[ 2023-07-30 17:20:52,049 ] 224 werkzeug - INFO -  * Detected change in 'C:\\Users\\papal\\anaconda3\\Lib\\site-packages\\astroid\\__init__.py', reloading
[ 2023-07-30 17:20:52,073 ] 224 werkzeug - INFO -  * Detected change in 'C:\\Users\\papal\\anaconda3\\Lib\\site-packages\\astropy\\__init__.py', reloading
[ 2023-07-30 17:20:52,082 ] 224 werkzeug - INFO -  * Detected change in 'C:\\Users\\papal\\anaconda3\\Lib\\site-packages\\asttokens\\__init__.py', reloading
[ 2023-07-30 17:20:52,082 ] 224 werkzeug - INFO -  * Detected change in 'C:\\Users\\papal\\anaconda3\\Lib\\site-packages\\async_timeout\\__init__.py', reloading
[ 2023-07-30 17:20:52,082 ] 224 werkzeug - INFO -  * Detected change in 'C:\\Users\\papal\\anaconda3\\Lib\\site-packages\\atomicwrites\\__init__.py', reloading
[ 2023-07-30 17:20:52,098 ] 224 werkzeug - INFO -  * Detected change in 'C:\\Users\\papal\\anaconda3\\Lib\\site-packages\\automat\\__init__.py', reloading
[ 2023-07-30 17:20:52,099 ] 224 werkzeug - INFO -  * Detected change in 'C:\\Users\\papal\\anaconda3\\Lib\\site-packages\\automat\\_methodical.py', reloading
[ 2023-07-30 17:20:52,099 ] 224 werkzeug - INFO -  * Detected change in 'C:\\Users\\papal\\anaconda3\\Lib\\site-packages\\automat\\_core.py', reloading
[ 2023-07-30 17:20:52,099 ] 224 werkzeug - INFO -  * Detected change in 'C:\\Users\\papal\\anaconda3\\Lib\\site-packages\\backcall\\__init__.py', reloading
[ 2023-07-30 17:20:52,106 ] 224 werkzeug - INFO -  * Detected change in 'C:\\Users\\papal\\anaconda3\\Lib\\site-packages\\backports\\__init__.py', reloading
[ 2023-07-30 17:20:52,106 ] 224 werkzeug - INFO -  * Detected change in 'C:\\Users\\papal\\anaconda3\\Lib\\site-packages\\bcrypt\\__init__.py', reloading
[ 2023-07-30 17:20:52,106 ] 224 werkzeug - INFO -  * Detected change in 'C:\\Users\\papal\\anaconda3\\Lib\\site-packages\\bcrypt\\__about__.py', reloading
[ 2023-07-30 17:20:52,106 ] 224 werkzeug - INFO -  * Detected change in 'C:\\Users\\papal\\anaconda3\\Lib\\site-packages\\binaryornot\\__init__.py', reloading
[ 2023-07-30 17:20:52,106 ] 224 werkzeug - INFO -  * Detected change in 'C:\\Users\\papal\\anaconda3\\Lib\\site-packages\\binstar_client\\__init__.py', reloading
[ 2023-07-30 17:20:52,106 ] 224 werkzeug - INFO -  * Detected change in 'C:\\Users\\papal\\anaconda3\\Lib\\site-packages\\black\\__init__.py', reloading
[ 2023-07-30 17:20:52,140 ] 224 werkzeug - INFO -  * Detected change in 'C:\\Users\\papal\\anaconda3\\Lib\\site-packages\\blackd\\__init__.py', reloading
[ 2023-07-30 17:20:52,140 ] 224 werkzeug - INFO -  * Detected change in 'C:\\Users\\papal\\anaconda3\\Lib\\site-packages\\blib2to3\\__init__.py', reloading
[ 2023-07-30 17:20:52,140 ] 224 werkzeug - INFO -  * Detected change in 'C:\\Users\\papal\\anaconda3\\Lib\\site-packages\\bokeh\\__init__.py', reloading
[ 2023-07-30 17:20:52,156 ] 224 werkzeug - INFO -  * Detected change in 'C:\\Users\\papal\\anaconda3\\Lib\\site-packages\\boto3\\__init__.py', reloading
[ 2023-07-30 17:20:52,156 ] 224 werkzeug - INFO -  * Detected change in 'C:\\Users\\papal\\anaconda3\\Lib\\site-packages\\botocore\\__init__.py', reloading
[ 2023-07-30 17:20:52,156 ] 224 werkzeug - INFO -  * Detected change in 'C:\\Users\\papal\\anaconda3\\Lib\\site-packages\\bottleneck\\__init__.py', reloading
[ 2023-07-30 17:20:52,156 ] 224 werkzeug - INFO -  * Detected change in 'C:\\Users\\papal\\anaconda3\\Lib\\site-packages\\brotli\\__init__.py', reloading
[ 2023-07-30 17:20:52,156 ] 224 werkzeug - INFO -  * Detected change in 'C:\\Users\\papal\\anaconda3\\Lib\\site-packages\\certifi\\__init__.py', reloading
[ 2023-07-30 17:20:52,156 ] 224 werkzeug - INFO -  * Detected change in 'C:\\Users\\papal\\anaconda3\\Lib\\site-packages\\certifi\\core.py', reloading
[ 2023-07-30 17:20:52,165 ] 224 werkzeug - INFO -  * Detected change in 'C:\\Users\\papal\\anaconda3\\Lib\\site-packages\\chardet\\__init__.py', reloading
[ 2023-07-30 17:20:52,165 ] 224 werkzeug - INFO -  * Detected change in 'C:\\Users\\papal\\anaconda3\\Lib\\site-packages\\chardet\\universaldetector.py', reloading
[ 2023-07-30 17:20:52,165 ] 224 werkzeug - INFO -  * Detected change in 'C:\\Users\\papal\\anaconda3\\Lib\\site-packages\\chardet\\version.py', reloading
[ 2023-07-30 17:20:52,165 ] 224 werkzeug - INFO -  * Detected change in 'C:\\Users\\papal\\anaconda3\\Lib\\site-packages\\charset_normalizer\\__init__.py', reloading
[ 2023-07-30 17:20:52,174 ] 224 werkzeug - INFO -  * Detected change in 'C:\\Users\\papal\\anaconda3\\Lib\\site-packages\\click\\__init__.py', reloading
[ 2023-07-30 17:20:52,174 ] 224 werkzeug - INFO -  * Detected change in 'C:\\Users\\papal\\anaconda3\\Lib\\site-packages\\click\\core.py', reloading
[ 2023-07-30 17:20:52,190 ] 224 werkzeug - INFO -  * Detected change in 'C:\\Users\\papal\\anaconda3\\Lib\\site-packages\\click\\decorators.py', reloading
[ 2023-07-30 17:20:52,198 ] 224 werkzeug - INFO -  * Detected change in 'C:\\Users\\papal\\anaconda3\\Lib\\site-packages\\click\\exceptions.py', reloading
[ 2023-07-30 17:20:52,198 ] 224 werkzeug - INFO -  * Detected change in 'C:\\Users\\papal\\anaconda3\\Lib\\site-packages\\click\\formatting.py', reloading
[ 2023-07-30 17:20:52,206 ] 224 werkzeug - INFO -  * Detected change in 'C:\\Users\\papal\\anaconda3\\Lib\\site-packages\\click\\globals.py', reloading
[ 2023-07-30 17:20:52,206 ] 224 werkzeug - INFO -  * Detected change in 'C:\\Users\\papal\\anaconda3\\Lib\\site-packages\\click\\parser.py', reloading
[ 2023-07-30 17:20:52,206 ] 224 werkzeug - INFO -  * Detected change in 'C:\\Users\\papal\\anaconda3\\Lib\\site-packages\\click\\termui.py', reloading
