[ 2023-07-30 18:49:31,940 ] 224 werkzeug - WARNING -  * Debugger is active!
[ 2023-07-30 18:49:31,940 ] 224 werkzeug - INFO -  * Debugger PIN: 117-428-366
[ 2023-07-30 18:52:12,814 ] 224 werkzeug - INFO -  * Detected change in 'C:\\Users\\papal\\anaconda3\\Lib\\site-packages\\waitress\\adjustments.py', reloading
[ 2023-07-30 18:52:12,814 ] 224 werkzeug - INFO -  * Detected change in 'C:\\Users\\papal\\anaconda3\\Lib\\site-packages\\waitress\\buffers.py', reloading
[ 2023-07-30 18:52:12,814 ] 224 werkzeug - INFO -  * Detected change in 'C:\\Users\\papal\\anaconda3\\Lib\\site-packages\\waitress\\channel.py', reloading
[ 2023-07-30 18:52:12,814 ] 224 werkzeug - INFO -  * Detected change in 'C:\\Users\\papal\\anaconda3\\Lib\\site-packages\\waitress\\compat.py', reloading
[ 2023-07-30 18:52:12,827 ] 224 werkzeug - INFO -  * Detected change in 'C:\\Users\\papal\\anaconda3\\Lib\\site-packages\\waitress\\parser.py', reloading
[ 2023-07-30 18:52:12,827 ] 224 werkzeug - INFO -  * Detected change in 'C:\\Users\\papal\\anaconda3\\Lib\\site-packages\\waitress\\proxy_headers.py', reloading
[ 2023-07-30 18:52:12,827 ] 224 werkzeug - INFO -  * Detected change in 'C:\\Users\\papal\\anaconda3\\Lib\\site-packages\\waitress\\receiver.py', reloading
[ 2023-07-30 18:52:12,827 ] 224 werkzeug - INFO -  * Detected change in 'C:\\Users\\papal\\anaconda3\\Lib\\site-packages\\waitress\\rfc7230.py', reloading
[ 2023-07-30 18:52:12,828 ] 224 werkzeug - INFO -  * Detected change in 'C:\\Users\\papal\\anaconda3\\Lib\\site-packages\\waitress\\runner.py', reloading
[ 2023-07-30 18:52:12,828 ] 224 werkzeug - INFO -  * Detected change in 'C:\\Users\\papal\\anaconda3\\Lib\\site-packages\\waitress\\server.py', reloading
[ 2023-07-30 18:52:12,828 ] 224 werkzeug - INFO -  * Detected change in 'C:\\Users\\papal\\anaconda3\\Lib\\site-packages\\waitress\\task.py', reloading
[ 2023-07-30 18:52:12,828 ] 224 werkzeug - INFO -  * Detected change in 'C:\\Users\\papal\\anaconda3\\Lib\\site-packages\\waitress\\trigger.py', reloading
[ 2023-07-30 18:52:12,828 ] 224 werkzeug - INFO -  * Detected change in 'C:\\Users\\papal\\anaconda3\\Lib\\site-packages\\waitress\\utilities.py', reloading
[ 2023-07-30 18:52:12,828 ] 224 werkzeug - INFO -  * Detected change in 'C:\\Users\\papal\\anaconda3\\Lib\\site-packages\\waitress\\wasyncore.py', reloading
[ 2023-07-30 18:52:12,828 ] 224 werkzeug - INFO -  * Detected change in 'C:\\Users\\papal\\anaconda3\\Lib\\site-packages\\waitress\\__init__.py', reloading
[ 2023-07-30 18:52:12,828 ] 224 werkzeug - INFO -  * Detected change in 'C:\\Users\\papal\\anaconda3\\Lib\\site-packages\\waitress\\__main__.py', reloading
[ 2023-07-30 18:52:12,829 ] 224 werkzeug - INFO -  * Detected change in 'C:\\Users\\papal\\anaconda3\\Lib\\site-packages\\waitress\\__init__.py', reloading
[ 2023-07-30 18:52:12,829 ] 224 werkzeug - INFO -  * Detected change in 'C:\\Users\\papal\\anaconda3\\Lib\\site-packages\\waitress\\__init__.py', reloading
[ 2023-07-30 18:52:12,829 ] 224 werkzeug - INFO -  * Detected change in 'C:\\Users\\papal\\anaconda3\\Lib\\site-packages\\waitress\\__main__.py', reloading
[ 2023-07-30 18:52:12,829 ] 224 werkzeug - INFO -  * Detected change in 'C:\\Users\\papal\\anaconda3\\Lib\\site-packages\\waitress\\__main__.py', reloading
[ 2023-07-30 18:52:12,829 ] 224 werkzeug - INFO -  * Detected change in 'C:\\Users\\papal\\anaconda3\\Lib\\site-packages\\waitress\\adjustments.py', reloading
[ 2023-07-30 18:52:12,829 ] 224 werkzeug - INFO -  * Detected change in 'C:\\Users\\papal\\anaconda3\\Lib\\site-packages\\waitress\\adjustments.py', reloading
[ 2023-07-30 18:52:12,829 ] 224 werkzeug - INFO -  * Detected change in 'C:\\Users\\papal\\anaconda3\\Lib\\site-packages\\waitress\\buffers.py', reloading
[ 2023-07-30 18:52:12,830 ] 224 werkzeug - INFO -  * Detected change in 'C:\\Users\\papal\\anaconda3\\Lib\\site-packages\\waitress\\buffers.py', reloading
[ 2023-07-30 18:52:12,830 ] 224 werkzeug - INFO -  * Detected change in 'C:\\Users\\papal\\anaconda3\\Lib\\site-packages\\waitress\\channel.py', reloading
[ 2023-07-30 18:52:12,830 ] 224 werkzeug - INFO -  * Detected change in 'C:\\Users\\papal\\anaconda3\\Lib\\site-packages\\waitress\\channel.py', reloading
[ 2023-07-30 18:52:12,830 ] 224 werkzeug - INFO -  * Detected change in 'C:\\Users\\papal\\anaconda3\\Lib\\site-packages\\waitress\\compat.py', reloading
[ 2023-07-30 18:52:12,830 ] 224 werkzeug - INFO -  * Detected change in 'C:\\Users\\papal\\anaconda3\\Lib\\site-packages\\waitress\\compat.py', reloading
[ 2023-07-30 18:52:12,830 ] 224 werkzeug - INFO -  * Detected change in 'C:\\Users\\papal\\anaconda3\\Lib\\site-packages\\waitress\\parser.py', reloading
[ 2023-07-30 18:52:12,830 ] 224 werkzeug - INFO -  * Detected change in 'C:\\Users\\papal\\anaconda3\\Lib\\site-packages\\waitress\\parser.py', reloading
[ 2023-07-30 18:52:12,830 ] 224 werkzeug - INFO -  * Detected change in 'C:\\Users\\papal\\anaconda3\\Lib\\site-packages\\waitress\\proxy_headers.py', reloading
[ 2023-07-30 18:52:12,831 ] 224 werkzeug - INFO -  * Detected change in 'C:\\Users\\papal\\anaconda3\\Lib\\site-packages\\waitress\\proxy_headers.py', reloading
[ 2023-07-30 18:52:12,831 ] 224 werkzeug - INFO -  * Detected change in 'C:\\Users\\papal\\anaconda3\\Lib\\site-packages\\waitress\\receiver.py', reloading
[ 2023-07-30 18:52:12,831 ] 224 werkzeug - INFO -  * Detected change in 'C:\\Users\\papal\\anaconda3\\Lib\\site-packages\\waitress\\receiver.py', reloading
[ 2023-07-30 18:52:12,831 ] 224 werkzeug - INFO -  * Detected change in 'C:\\Users\\papal\\anaconda3\\Lib\\site-packages\\waitress\\rfc7230.py', reloading
[ 2023-07-30 18:52:12,831 ] 224 werkzeug - INFO -  * Detected change in 'C:\\Users\\papal\\anaconda3\\Lib\\site-packages\\waitress\\rfc7230.py', reloading
[ 2023-07-30 18:52:12,831 ] 224 werkzeug - INFO -  * Detected change in 'C:\\Users\\papal\\anaconda3\\Lib\\site-packages\\waitress\\runner.py', reloading
[ 2023-07-30 18:52:12,831 ] 224 werkzeug - INFO -  * Detected change in 'C:\\Users\\papal\\anaconda3\\Lib\\site-packages\\waitress\\runner.py', reloading
[ 2023-07-30 18:52:12,831 ] 224 werkzeug - INFO -  * Detected change in 'C:\\Users\\papal\\anaconda3\\Lib\\site-packages\\waitress\\server.py', reloading
[ 2023-07-30 18:52:12,831 ] 224 werkzeug - INFO -  * Detected change in 'C:\\Users\\papal\\anaconda3\\Lib\\site-packages\\waitress\\server.py', reloading
[ 2023-07-30 18:52:12,832 ] 224 werkzeug - INFO -  * Detected change in 'C:\\Users\\papal\\anaconda3\\Lib\\site-packages\\waitress\\task.py', reloading
[ 2023-07-30 18:52:12,832 ] 224 werkzeug - INFO -  * Detected change in 'C:\\Users\\papal\\anaconda3\\Lib\\site-packages\\waitress\\task.py', reloading
[ 2023-07-30 18:52:12,832 ] 224 werkzeug - INFO -  * Detected change in 'C:\\Users\\papal\\anaconda3\\Lib\\site-packages\\waitress\\trigger.py', reloading
[ 2023-07-30 18:52:12,832 ] 224 werkzeug - INFO -  * Detected change in 'C:\\Users\\papal\\anaconda3\\Lib\\site-packages\\waitress\\trigger.py', reloading
[ 2023-07-30 18:52:12,832 ] 224 werkzeug - INFO -  * Detected change in 'C:\\Users\\papal\\anaconda3\\Lib\\site-packages\\waitress\\utilities.py', reloading
[ 2023-07-30 18:52:12,832 ] 224 werkzeug - INFO -  * Detected change in 'C:\\Users\\papal\\anaconda3\\Lib\\site-packages\\waitress\\utilities.py', reloading
[ 2023-07-30 18:52:12,832 ] 224 werkzeug - INFO -  * Detected change in 'C:\\Users\\papal\\anaconda3\\Lib\\site-packages\\waitress\\wasyncore.py', reloading
[ 2023-07-30 18:52:12,832 ] 224 werkzeug - INFO -  * Detected change in 'C:\\Users\\papal\\anaconda3\\Lib\\site-packages\\waitress\\wasyncore.py', reloading
