[ 2023-07-30 12:43:29,792 ] 224 werkzeug - WARNING -  * Debugger is active!
[ 2023-07-30 12:43:29,792 ] 224 werkzeug - INFO -  * Debugger PIN: 117-428-366
[ 2023-07-30 12:43:29,808 ] 224 werkzeug - INFO -  * Detected change in 'C:\\Users\\papal\\anaconda3\\Lib\\site-packages\\numba\\core\\errors.py', reloading
[ 2023-07-30 12:43:29,808 ] 224 werkzeug - INFO -  * Detected change in 'C:\\Users\\papal\\anaconda3\\Lib\\site-packages\\numba\\core\\types\\__init__.py', reloading
[ 2023-07-30 12:43:29,808 ] 224 werkzeug - INFO -  * Detected change in 'C:\\Users\\papal\\anaconda3\\Lib\\site-packages\\numba\\core\\types\\abstract.py', reloading
[ 2023-07-30 12:43:29,808 ] 224 werkzeug - INFO -  * Detected change in 'C:\\Users\\papal\\anaconda3\\Lib\\site-packages\\numba\\core\\types\\containers.py', reloading
[ 2023-07-30 12:43:29,824 ] 224 werkzeug - INFO -  * Detected change in 'C:\\Users\\papal\\anaconda3\\Lib\\site-packages\\numba\\core\\types\\functions.py', reloading
[ 2023-07-30 12:43:29,824 ] 224 werkzeug - INFO -  * Detected change in 'C:\\Users\\papal\\anaconda3\\Lib\\site-packages\\numba\\core\\types\\iterators.py', reloading
[ 2023-07-30 12:43:29,824 ] 224 werkzeug - INFO -  * Detected change in 'C:\\Users\\papal\\anaconda3\\Lib\\site-packages\\numba\\core\\types\\misc.py', reloading
[ 2023-07-30 12:43:29,824 ] 224 werkzeug - INFO -  * Detected change in 'C:\\Users\\papal\\anaconda3\\Lib\\site-packages\\numba\\core\\types\\npytypes.py', reloading
[ 2023-07-30 12:43:29,839 ] 224 werkzeug - INFO -  * Detected change in 'C:\\Users\\papal\\anaconda3\\Lib\\site-packages\\numba\\core\\types\\scalars.py', reloading
[ 2023-07-30 12:43:29,839 ] 224 werkzeug - INFO -  * Detected change in 'C:\\Users\\papal\\anaconda3\\Lib\\site-packages\\numba\\core\\types\\function_type.py', reloading
[ 2023-07-30 12:43:29,839 ] 224 werkzeug - INFO -  * Detected change in 'C:\\Users\\papal\\anaconda3\\Lib\\site-packages\\numbergen\\__init__.py', reloading
[ 2023-07-30 12:43:29,855 ] 224 werkzeug - INFO -  * Detected change in 'C:\\Users\\papal\\anaconda3\\Lib\\site-packages\\numexpr\\__init__.py', reloading
[ 2023-07-30 12:43:29,918 ] 224 werkzeug - INFO -  * Detected change in 'C:\\Users\\papal\\anaconda3\\Lib\\site-packages\\numpy\\_typing\\_extended_precision.py', reloading
[ 2023-07-30 12:43:30,012 ] 224 werkzeug - INFO -  * Detected change in 'C:\\Users\\papal\\anaconda3\\Lib\\site-packages\\numpydoc\\__init__.py', reloading
[ 2023-07-30 12:43:30,012 ] 224 werkzeug - INFO -  * Detected change in 'C:\\Users\\papal\\anaconda3\\Lib\\site-packages\\onedal\\__init__.py', reloading
[ 2023-07-30 12:43:30,028 ] 224 werkzeug - INFO -  * Detected change in 'C:\\Users\\papal\\anaconda3\\Lib\\site-packages\\packaging\\__init__.py', reloading
[ 2023-07-30 12:43:30,028 ] 224 werkzeug - INFO -  * Detected change in 'C:\\Users\\papal\\anaconda3\\Lib\\site-packages\\panel\\__init__.py', reloading
[ 2023-07-30 12:43:30,028 ] 224 werkzeug - INFO -  * Detected change in 'C:\\Users\\papal\\anaconda3\\Lib\\site-packages\\panel\\config.py', reloading
[ 2023-07-30 12:43:30,043 ] 224 werkzeug - INFO -  * Detected change in 'C:\\Users\\papal\\anaconda3\\Lib\\site-packages\\panel\\depends.py', reloading
[ 2023-07-30 12:43:30,043 ] 224 werkzeug - INFO -  * Detected change in 'C:\\Users\\papal\\anaconda3\\Lib\\site-packages\\panel\\io\\__init__.py', reloading
[ 2023-07-30 12:43:30,043 ] 224 werkzeug - INFO -  * Detected change in 'C:\\Users\\papal\\anaconda3\\Lib\\site-packages\\panel\\io\\cache.py', reloading
[ 2023-07-30 12:43:30,059 ] 224 werkzeug - INFO -  * Detected change in 'C:\\Users\\papal\\anaconda3\\Lib\\site-packages\\panel\\io\\notebook.py', reloading
[ 2023-07-30 12:43:30,075 ] 224 werkzeug - INFO -  * Detected change in 'C:\\Users\\papal\\anaconda3\\Lib\\site-packages\\panel\\io\\server.py', reloading
[ 2023-07-30 12:43:30,104 ] 224 werkzeug - INFO -  * Detected change in 'C:\\Users\\papal\\anaconda3\\Lib\\site-packages\\panel\\io\\state.py', reloading
[ 2023-07-30 12:43:30,106 ] 224 werkzeug - INFO -  * Detected change in 'C:\\Users\\papal\\anaconda3\\Lib\\site-packages\\panel\\layout\\__init__.py', reloading
[ 2023-07-30 12:43:30,106 ] 224 werkzeug - INFO -  * Detected change in 'C:\\Users\\papal\\anaconda3\\Lib\\site-packages\\panel\\layout\\accordion.py', reloading
[ 2023-07-30 12:43:30,106 ] 224 werkzeug - INFO -  * Detected change in 'C:\\Users\\papal\\anaconda3\\Lib\\site-packages\\panel\\layout\\card.py', reloading
[ 2023-07-30 12:43:30,106 ] 224 werkzeug - INFO -  * Detected change in 'C:\\Users\\papal\\anaconda3\\Lib\\site-packages\\panel\\layout\\base.py', reloading
[ 2023-07-30 12:43:30,106 ] 224 werkzeug - INFO -  * Detected change in 'C:\\Users\\papal\\anaconda3\\Lib\\site-packages\\panel\\layout\\flex.py', reloading
[ 2023-07-30 12:43:30,106 ] 224 werkzeug - INFO -  * Detected change in 'C:\\Users\\papal\\anaconda3\\Lib\\site-packages\\panel\\layout\\float.py', reloading
[ 2023-07-30 12:43:30,106 ] 224 werkzeug - INFO -  * Detected change in 'C:\\Users\\papal\\anaconda3\\Lib\\site-packages\\panel\\layout\\grid.py', reloading
[ 2023-07-30 12:43:30,122 ] 224 werkzeug - INFO -  * Detected change in 'C:\\Users\\papal\\anaconda3\\Lib\\site-packages\\panel\\layout\\gridstack.py', reloading
[ 2023-07-30 12:43:30,122 ] 224 werkzeug - INFO -  * Detected change in 'C:\\Users\\papal\\anaconda3\\Lib\\site-packages\\panel\\layout\\spacer.py', reloading
[ 2023-07-30 12:43:30,122 ] 224 werkzeug - INFO -  * Detected change in 'C:\\Users\\papal\\anaconda3\\Lib\\site-packages\\panel\\layout\\tabs.py', reloading
[ 2023-07-30 12:43:30,122 ] 224 werkzeug - INFO -  * Detected change in 'C:\\Users\\papal\\anaconda3\\Lib\\site-packages\\panel\\pane\\__init__.py', reloading
[ 2023-07-30 12:43:30,122 ] 224 werkzeug - INFO -  * Detected change in 'C:\\Users\\papal\\anaconda3\\Lib\\site-packages\\panel\\pane\\base.py', reloading
[ 2023-07-30 12:43:30,122 ] 224 werkzeug - INFO -  * Detected change in 'C:\\Users\\papal\\anaconda3\\Lib\\site-packages\\panel\\param.py', reloading
[ 2023-07-30 12:43:30,122 ] 224 werkzeug - INFO -  * Detected change in 'C:\\Users\\papal\\anaconda3\\Lib\\site-packages\\panel\\template\\__init__.py', reloading
[ 2023-07-30 12:43:30,137 ] 224 werkzeug - INFO -  * Detected change in 'C:\\Users\\papal\\anaconda3\\Lib\\site-packages\\panel\\template\\base.py', reloading
[ 2023-07-30 12:43:30,137 ] 224 werkzeug - INFO -  * Detected change in 'C:\\Users\\papal\\anaconda3\\Lib\\site-packages\\panel\\widgets\\__init__.py', reloading
[ 2023-07-30 12:43:30,137 ] 224 werkzeug - INFO -  * Detected change in 'C:\\Users\\papal\\anaconda3\\Lib\\site-packages\\panel\\widgets\\widget.py', reloading
[ 2023-07-30 12:43:30,137 ] 224 werkzeug - INFO -  * Detected change in 'C:\\Users\\papal\\anaconda3\\Lib\\site-packages\\param\\__init__.py', reloading
[ 2023-07-30 12:43:30,137 ] 224 werkzeug - INFO -  * Detected change in 'C:\\Users\\papal\\anaconda3\\Lib\\site-packages\\parsel\\__init__.py', reloading
[ 2023-07-30 12:43:30,137 ] 224 werkzeug - INFO -  * Detected change in 'C:\\Users\\papal\\anaconda3\\Lib\\site-packages\\parso\\__init__.py', reloading
[ 2023-07-30 12:43:30,137 ] 224 werkzeug - INFO -  * Detected change in 'C:\\Users\\papal\\anaconda3\\Lib\\site-packages\\partd\\__init__.py', reloading
[ 2023-07-30 12:43:30,137 ] 224 werkzeug - INFO -  * Detected change in 'C:\\Users\\papal\\anaconda3\\Lib\\site-packages\\past\\__init__.py', reloading
[ 2023-07-30 12:43:30,137 ] 224 werkzeug - INFO -  * Detected change in 'C:\\Users\\papal\\anaconda3\\Lib\\site-packages\\pathspec\\__init__.py', reloading
[ 2023-07-30 12:43:30,137 ] 224 werkzeug - INFO -  * Detected change in 'C:\\Users\\papal\\anaconda3\\Lib\\site-packages\\pathspec\\gitignore.py', reloading
[ 2023-07-30 12:43:30,137 ] 224 werkzeug - INFO -  * Detected change in 'C:\\Users\\papal\\anaconda3\\Lib\\site-packages\\pathspec\\pathspec.py', reloading
[ 2023-07-30 12:43:30,153 ] 224 werkzeug - INFO -  * Detected change in 'C:\\Users\\papal\\anaconda3\\Lib\\site-packages\\pathspec\\pattern.py', reloading
[ 2023-07-30 12:43:30,153 ] 224 werkzeug - INFO -  * Detected change in 'C:\\Users\\papal\\anaconda3\\Lib\\site-packages\\pathspec\\util.py', reloading
[ 2023-07-30 12:43:30,153 ] 224 werkzeug - INFO -  * Detected change in 'C:\\Users\\papal\\anaconda3\\Lib\\site-packages\\pathspec\\_meta.py', reloading
[ 2023-07-30 12:43:30,153 ] 224 werkzeug - INFO -  * Detected change in 'C:\\Users\\papal\\anaconda3\\Lib\\site-packages\\patsy\\__init__.py', reloading
[ 2023-07-30 12:43:30,169 ] 224 werkzeug - INFO -  * Detected change in 'C:\\Users\\papal\\anaconda3\\Lib\\site-packages\\pip\\__init__.py', reloading
[ 2023-07-30 12:43:30,169 ] 224 werkzeug - INFO -  * Detected change in 'C:\\Users\\papal\\anaconda3\\Lib\\site-packages\\platformdirs\\__init__.py', reloading
[ 2023-07-30 12:43:30,169 ] 224 werkzeug - INFO -  * Detected change in 'C:\\Users\\papal\\anaconda3\\Lib\\site-packages\\platformdirs\\api.py', reloading
[ 2023-07-30 12:43:30,169 ] 224 werkzeug - INFO -  * Detected change in 'C:\\Users\\papal\\anaconda3\\Lib\\site-packages\\platformdirs\\version.py', reloading
[ 2023-07-30 12:43:30,184 ] 224 werkzeug - INFO -  * Detected change in 'C:\\Users\\papal\\anaconda3\\Lib\\site-packages\\plotly\\__init__.py', reloading
[ 2023-07-30 12:43:30,184 ] 224 werkzeug - INFO -  * Detected change in 'C:\\Users\\papal\\anaconda3\\Lib\\site-packages\\plotly\\version.py', reloading
[ 2023-07-30 12:43:30,184 ] 224 werkzeug - INFO -  * Detected change in 'C:\\Users\\papal\\anaconda3\\Lib\\site-packages\\pluggy\\__init__.py', reloading
[ 2023-07-30 12:43:30,184 ] 224 werkzeug - INFO -  * Detected change in 'C:\\Users\\papal\\anaconda3\\Lib\\site-packages\\pluggy\\_manager.py', reloading
[ 2023-07-30 12:43:30,200 ] 224 werkzeug - INFO -  * Detected change in 'C:\\Users\\papal\\anaconda3\\Lib\\site-packages\\pluggy\\_callers.py', reloading
[ 2023-07-30 12:43:30,200 ] 224 werkzeug - INFO -  * Detected change in 'C:\\Users\\papal\\anaconda3\\Lib\\site-packages\\pluggy\\_result.py', reloading
[ 2023-07-30 12:43:30,200 ] 224 werkzeug - INFO -  * Detected change in 'C:\\Users\\papal\\anaconda3\\Lib\\site-packages\\pluggy\\_hooks.py', reloading
[ 2023-07-30 12:43:30,200 ] 224 werkzeug - INFO -  * Detected change in 'C:\\Users\\papal\\anaconda3\\Lib\\site-packages\\ply\\__init__.py', reloading
[ 2023-07-30 12:43:30,204 ] 224 werkzeug - INFO -  * Detected change in 'C:\\Users\\papal\\anaconda3\\Lib\\site-packages\\pooch\\__init__.py', reloading
[ 2023-07-30 12:43:30,204 ] 224 werkzeug - INFO -  * Detected change in 'C:\\Users\\papal\\anaconda3\\Lib\\site-packages\\poyo\\__init__.py', reloading
[ 2023-07-30 12:43:30,204 ] 224 werkzeug - INFO -  * Detected change in 'C:\\Users\\papal\\anaconda3\\Lib\\site-packages\\poyo\\exceptions.py', reloading
[ 2023-07-30 12:43:30,204 ] 224 werkzeug - INFO -  * Detected change in 'C:\\Users\\papal\\anaconda3\\Lib\\site-packages\\poyo\\parser.py', reloading
[ 2023-07-30 12:43:30,204 ] 224 werkzeug - INFO -  * Detected change in 'C:\\Users\\papal\\anaconda3\\Lib\\site-packages\\prometheus_client\\__init__.py', reloading
[ 2023-07-30 12:43:30,204 ] 224 werkzeug - INFO -  * Detected change in 'C:\\Users\\papal\\anaconda3\\Lib\\site-packages\\prometheus_client\\exposition.py', reloading
[ 2023-07-30 12:43:30,216 ] 224 werkzeug - INFO -  * Detected change in 'C:\\Users\\papal\\anaconda3\\Lib\\site-packages\\prometheus_client\\asgi.py', reloading
[ 2023-07-30 12:43:30,216 ] 224 werkzeug - INFO -  * Detected change in 'C:\\Users\\papal\\anaconda3\\Lib\\site-packages\\prometheus_client\\gc_collector.py', reloading
[ 2023-07-30 12:43:30,216 ] 224 werkzeug - INFO -  * Detected change in 'C:\\Users\\papal\\anaconda3\\Lib\\site-packages\\prometheus_client\\metrics.py', reloading
[ 2023-07-30 12:43:30,216 ] 224 werkzeug - INFO -  * Detected change in 'C:\\Users\\papal\\anaconda3\\Lib\\site-packages\\prometheus_client\\metrics_core.py', reloading
[ 2023-07-30 12:43:30,216 ] 224 werkzeug - INFO -  * Detected change in 'C:\\Users\\papal\\anaconda3\\Lib\\site-packages\\prometheus_client\\platform_collector.py', reloading
[ 2023-07-30 12:43:30,216 ] 224 werkzeug - INFO -  * Detected change in 'C:\\Users\\papal\\anaconda3\\Lib\\site-packages\\prometheus_client\\process_collector.py', reloading
[ 2023-07-30 12:43:30,216 ] 224 werkzeug - INFO -  * Detected change in 'C:\\Users\\papal\\anaconda3\\Lib\\site-packages\\prometheus_client\\registry.py', reloading
[ 2023-07-30 12:43:30,216 ] 224 werkzeug - INFO -  * Detected change in 'C:\\Users\\papal\\anaconda3\\Lib\\site-packages\\prompt_toolkit\\__init__.py', reloading
[ 2023-07-30 12:43:30,216 ] 224 werkzeug - INFO -  * Detected change in 'C:\\Users\\papal\\anaconda3\\Lib\\site-packages\\prompt_toolkit\\application\\__init__.py', reloading
[ 2023-07-30 12:43:30,216 ] 224 werkzeug - INFO -  * Detected change in 'C:\\Users\\papal\\anaconda3\\Lib\\site-packages\\prompt_toolkit\\application\\application.py', reloading
[ 2023-07-30 12:43:30,252 ] 224 werkzeug - INFO -  * Detected change in 'C:\\Users\\papal\\anaconda3\\Lib\\site-packages\\prompt_toolkit\\formatted_text\\__init__.py', reloading
[ 2023-07-30 12:43:30,252 ] 224 werkzeug - INFO -  * Detected change in 'C:\\Users\\papal\\anaconda3\\Lib\\site-packages\\prompt_toolkit\\formatted_text\\ansi.py', reloading
[ 2023-07-30 12:43:30,252 ] 224 werkzeug - INFO -  * Detected change in 'C:\\Users\\papal\\anaconda3\\Lib\\site-packages\\prompt_toolkit\\formatted_text\\html.py', reloading
[ 2023-07-30 12:43:30,252 ] 224 werkzeug - INFO -  * Detected change in 'C:\\Users\\papal\\anaconda3\\Lib\\site-packages\\prompt_toolkit\\shortcuts\\__init__.py', reloading
[ 2023-07-30 12:43:30,267 ] 224 werkzeug - INFO -  * Detected change in 'C:\\Users\\papal\\anaconda3\\Lib\\site-packages\\prompt_toolkit\\shortcuts\\prompt.py', reloading
[ 2023-07-30 12:43:30,267 ] 224 werkzeug - INFO -  * Detected change in 'C:\\Users\\papal\\anaconda3\\Lib\\site-packages\\prompt_toolkit\\shortcuts\\utils.py', reloading
[ 2023-07-30 12:43:30,283 ] 224 werkzeug - INFO -  * Detected change in 'C:\\Users\\papal\\anaconda3\\Lib\\site-packages\\ptyprocess\\__init__.py', reloading
[ 2023-07-30 12:43:30,283 ] 224 werkzeug - INFO -  * Detected change in 'C:\\Users\\papal\\anaconda3\\Lib\\site-packages\\pure_eval\\__init__.py', reloading
[ 2023-07-30 12:43:30,283 ] 224 werkzeug - INFO -  * Detected change in 'C:\\Users\\papal\\anaconda3\\Lib\\site-packages\\pyarrow\\__init__.py', reloading
[ 2023-07-30 12:43:30,283 ] 224 werkzeug - INFO -  * Detected change in 'C:\\Users\\papal\\anaconda3\\Lib\\site-packages\\pyasn1_modules\\__init__.py', reloading
[ 2023-07-30 12:43:30,283 ] 224 werkzeug - INFO -  * Detected change in 'C:\\Users\\papal\\anaconda3\\Lib\\site-packages\\pycparser\\__init__.py', reloading
[ 2023-07-30 12:43:30,283 ] 224 werkzeug - INFO -  * Detected change in 'C:\\Users\\papal\\anaconda3\\Lib\\site-packages\\pyct\\__init__.py', reloading
[ 2023-07-30 12:43:30,283 ] 224 werkzeug - INFO -  * Detected change in 'C:\\Users\\papal\\anaconda3\\Lib\\site-packages\\pydispatch\\__init__.py', reloading
[ 2023-07-30 12:43:30,283 ] 224 werkzeug - INFO -  * Detected change in 'C:\\Users\\papal\\anaconda3\\Lib\\site-packages\\pydocstyle\\__init__.py', reloading
[ 2023-07-30 12:43:30,283 ] 224 werkzeug - INFO -  * Detected change in 'C:\\Users\\papal\\anaconda3\\Lib\\site-packages\\pylint\\__init__.py', reloading
[ 2023-07-30 12:43:30,283 ] 224 werkzeug - INFO -  * Detected change in 'C:\\Users\\papal\\anaconda3\\Lib\\site-packages\\pylint\\__pkginfo__.py', reloading
[ 2023-07-30 12:43:30,283 ] 224 werkzeug - INFO -  * Detected change in 'C:\\Users\\papal\\anaconda3\\Lib\\site-packages\\pylsp\\__init__.py', reloading
[ 2023-07-30 12:43:30,283 ] 224 werkzeug - INFO -  * Detected change in 'C:\\Users\\papal\\anaconda3\\Lib\\site-packages\\pylsp\\_version.py', reloading
[ 2023-07-30 12:43:30,299 ] 224 werkzeug - INFO -  * Detected change in 'C:\\Users\\papal\\anaconda3\\Lib\\site-packages\\pylsp_jsonrpc\\__init__.py', reloading
[ 2023-07-30 12:43:30,299 ] 224 werkzeug - INFO -  * Detected change in 'C:\\Users\\papal\\anaconda3\\Lib\\site-packages\\pyls_spyder\\__init__.py', reloading
[ 2023-07-30 12:43:30,299 ] 224 werkzeug - INFO -  * Detected change in 'C:\\Users\\papal\\anaconda3\\Lib\\site-packages\\pyparsing\\__init__.py', reloading
[ 2023-07-30 12:43:30,299 ] 224 werkzeug - INFO -  * Detected change in 'C:\\Users\\papal\\anaconda3\\Lib\\site-packages\\pyparsing\\util.py', reloading
[ 2023-07-30 12:43:30,299 ] 224 werkzeug - INFO -  * Detected change in 'C:\\Users\\papal\\anaconda3\\Lib\\site-packages\\pyparsing\\exceptions.py', reloading
[ 2023-07-30 12:43:30,305 ] 224 werkzeug - INFO -  * Detected change in 'C:\\Users\\papal\\anaconda3\\Lib\\site-packages\\pyparsing\\actions.py', reloading
[ 2023-07-30 12:43:30,305 ] 224 werkzeug - INFO -  * Detected change in 'C:\\Users\\papal\\anaconda3\\Lib\\site-packages\\pyparsing\\results.py', reloading
[ 2023-07-30 12:43:30,305 ] 224 werkzeug - INFO -  * Detected change in 'C:\\Users\\papal\\anaconda3\\Lib\\site-packages\\pyparsing\\core.py', reloading
[ 2023-07-30 12:43:30,330 ] 224 werkzeug - INFO -  * Detected change in 'C:\\Users\\papal\\anaconda3\\Lib\\site-packages\\pyparsing\\helpers.py', reloading
[ 2023-07-30 12:43:30,330 ] 224 werkzeug - INFO -  * Detected change in 'C:\\Users\\papal\\anaconda3\\Lib\\site-packages\\pyparsing\\unicode.py', reloading
[ 2023-07-30 12:43:30,393 ] 224 werkzeug - INFO -  * Detected change in 'C:\\Users\\papal\\anaconda3\\Lib\\site-packages\\pyproject_toml\\__init__.py', reloading
[ 2023-07-30 12:43:30,393 ] 224 werkzeug - INFO -  * Detected change in 'C:\\Users\\papal\\anaconda3\\Lib\\site-packages\\PyQt5\\__init__.py', reloading
[ 2023-07-30 12:43:30,409 ] 224 werkzeug - INFO -  * Detected change in 'C:\\Users\\papal\\anaconda3\\Lib\\site-packages\\pytest\\__init__.py', reloading
[ 2023-07-30 12:43:30,425 ] 224 werkzeug - INFO -  * Detected change in 'C:\\Users\\papal\\anaconda3\\Lib\\site-packages\\_pytest\\__init__.py', reloading
[ 2023-07-30 12:43:30,425 ] 224 werkzeug - INFO -  * Detected change in 'C:\\Users\\papal\\anaconda3\\Lib\\site-packages\\_pytest\\_version.py', reloading
[ 2023-07-30 12:43:30,425 ] 224 werkzeug - INFO -  * Detected change in 'C:\\Users\\papal\\anaconda3\\Lib\\site-packages\\_pytest\\_code\\__init__.py', reloading
[ 2023-07-30 12:43:30,425 ] 224 werkzeug - INFO -  * Detected change in 'C:\\Users\\papal\\anaconda3\\Lib\\site-packages\\_pytest\\_code\\code.py', reloading
[ 2023-07-30 12:43:30,440 ] 224 werkzeug - INFO -  * Detected change in 'C:\\Users\\papal\\anaconda3\\Lib\\site-packages\\_pytest\\assertion\\__init__.py', reloading
[ 2023-07-30 12:43:30,440 ] 224 werkzeug - INFO -  * Detected change in 'C:\\Users\\papal\\anaconda3\\Lib\\site-packages\\_pytest\\cacheprovider.py', reloading
[ 2023-07-30 12:43:30,440 ] 224 werkzeug - INFO -  * Detected change in 'C:\\Users\\papal\\anaconda3\\Lib\\site-packages\\_pytest\\capture.py', reloading
[ 2023-07-30 12:43:30,440 ] 224 werkzeug - INFO -  * Detected change in 'C:\\Users\\papal\\anaconda3\\Lib\\site-packages\\_pytest\\config\\__init__.py', reloading
[ 2023-07-30 12:43:30,440 ] 224 werkzeug - INFO -  * Detected change in 'C:\\Users\\papal\\anaconda3\\Lib\\site-packages\\_pytest\\config\\exceptions.py', reloading
[ 2023-07-30 12:43:30,440 ] 224 werkzeug - INFO -  * Detected change in 'C:\\Users\\papal\\anaconda3\\Lib\\site-packages\\_pytest\\config\\argparsing.py', reloading
[ 2023-07-30 12:43:30,456 ] 224 werkzeug - INFO -  * Detected change in 'C:\\Users\\papal\\anaconda3\\Lib\\site-packages\\_pytest\\doctest.py', reloading
[ 2023-07-30 12:43:30,456 ] 224 werkzeug - INFO -  * Detected change in 'C:\\Users\\papal\\anaconda3\\Lib\\site-packages\\_pytest\\fixtures.py', reloading
[ 2023-07-30 12:43:30,456 ] 224 werkzeug - INFO -  * Detected change in 'C:\\Users\\papal\\anaconda3\\Lib\\site-packages\\_pytest\\freeze_support.py', reloading
[ 2023-07-30 12:43:30,456 ] 224 werkzeug - INFO -  * Detected change in 'C:\\Users\\papal\\anaconda3\\Lib\\site-packages\\_pytest\\legacypath.py', reloading
[ 2023-07-30 12:43:30,471 ] 224 werkzeug - INFO -  * Detected change in 'C:\\Users\\papal\\anaconda3\\Lib\\site-packages\\_pytest\\logging.py', reloading
[ 2023-07-30 12:43:30,471 ] 224 werkzeug - INFO -  * Detected change in 'C:\\Users\\papal\\anaconda3\\Lib\\site-packages\\_pytest\\main.py', reloading
[ 2023-07-30 12:43:30,471 ] 224 werkzeug - INFO -  * Detected change in 'C:\\Users\\papal\\anaconda3\\Lib\\site-packages\\_pytest\\mark\\__init__.py', reloading
[ 2023-07-30 12:43:30,471 ] 224 werkzeug - INFO -  * Detected change in 'C:\\Users\\papal\\anaconda3\\Lib\\site-packages\\_pytest\\mark\\structures.py', reloading
[ 2023-07-30 12:43:30,471 ] 224 werkzeug - INFO -  * Detected change in 'C:\\Users\\papal\\anaconda3\\Lib\\site-packages\\_pytest\\monkeypatch.py', reloading
[ 2023-07-30 12:43:30,487 ] 224 werkzeug - INFO -  * Detected change in 'C:\\Users\\papal\\anaconda3\\Lib\\site-packages\\_pytest\\nodes.py', reloading
[ 2023-07-30 12:43:30,487 ] 224 werkzeug - INFO -  * Detected change in 'C:\\Users\\papal\\anaconda3\\Lib\\site-packages\\_pytest\\outcomes.py', reloading
[ 2023-07-30 12:43:30,487 ] 224 werkzeug - INFO -  * Detected change in 'C:\\Users\\papal\\anaconda3\\Lib\\site-packages\\_pytest\\pytester.py', reloading
[ 2023-07-30 12:43:30,487 ] 224 werkzeug - INFO -  * Detected change in 'C:\\Users\\papal\\anaconda3\\Lib\\site-packages\\_pytest\\python.py', reloading
[ 2023-07-30 12:43:30,487 ] 224 werkzeug - INFO -  * Detected change in 'C:\\Users\\papal\\anaconda3\\Lib\\site-packages\\_pytest\\python_api.py', reloading
[ 2023-07-30 12:43:30,505 ] 224 werkzeug - INFO -  * Detected change in 'C:\\Users\\papal\\anaconda3\\Lib\\site-packages\\_pytest\\recwarn.py', reloading
[ 2023-07-30 12:43:30,505 ] 224 werkzeug - INFO -  * Detected change in 'C:\\Users\\papal\\anaconda3\\Lib\\site-packages\\_pytest\\reports.py', reloading
[ 2023-07-30 12:43:30,505 ] 224 werkzeug - INFO -  * Detected change in 'C:\\Users\\papal\\anaconda3\\Lib\\site-packages\\_pytest\\runner.py', reloading
[ 2023-07-30 12:43:30,505 ] 224 werkzeug - INFO -  * Detected change in 'C:\\Users\\papal\\anaconda3\\Lib\\site-packages\\_pytest\\stash.py', reloading
[ 2023-07-30 12:43:30,505 ] 224 werkzeug - INFO -  * Detected change in 'C:\\Users\\papal\\anaconda3\\Lib\\site-packages\\_pytest\\tmpdir.py', reloading
[ 2023-07-30 12:43:30,505 ] 224 werkzeug - INFO -  * Detected change in 'C:\\Users\\papal\\anaconda3\\Lib\\site-packages\\_pytest\\warning_types.py', reloading
[ 2023-07-30 12:43:30,519 ] 224 werkzeug - INFO -  * Detected change in 'C:\\Users\\papal\\anaconda3\\Lib\\site-packages\\pytoolconfig\\__init__.py', reloading
[ 2023-07-30 12:43:30,519 ] 224 werkzeug - INFO -  * Detected change in 'C:\\Users\\papal\\anaconda3\\Lib\\site-packages\\pytoolconfig\\fields.py', reloading
[ 2023-07-30 12:43:30,519 ] 224 werkzeug - INFO -  * Detected change in 'C:\\Users\\papal\\anaconda3\\Lib\\site-packages\\pytoolconfig\\pytoolconfig.py', reloading
[ 2023-07-30 12:43:30,519 ] 224 werkzeug - INFO -  * Detected change in 'C:\\Users\\papal\\anaconda3\\Lib\\site-packages\\pytoolconfig\\types.py', reloading
[ 2023-07-30 12:43:30,534 ] 224 werkzeug - INFO -  * Detected change in 'C:\\Users\\papal\\anaconda3\\Lib\\site-packages\\pyviz_comms\\__init__.py', reloading
[ 2023-07-30 12:43:30,534 ] 224 werkzeug - INFO -  * Detected change in 'C:\\Users\\papal\\anaconda3\\Lib\\site-packages\\pywt\\__init__.py', reloading
[ 2023-07-30 12:43:30,534 ] 224 werkzeug - INFO -  * Detected change in 'C:\\Users\\papal\\anaconda3\\Lib\\site-packages\\pywt\\_functions.py', reloading
[ 2023-07-30 12:43:30,534 ] 224 werkzeug - INFO -  * Detected change in 'C:\\Users\\papal\\anaconda3\\Lib\\site-packages\\pywt\\_multilevel.py', reloading
[ 2023-07-30 12:43:30,534 ] 224 werkzeug - INFO -  * Detected change in 'C:\\Users\\papal\\anaconda3\\Lib\\site-packages\\pywt\\_multidim.py', reloading
[ 2023-07-30 12:43:30,534 ] 224 werkzeug - INFO -  * Detected change in 'C:\\Users\\papal\\anaconda3\\Lib\\site-packages\\pywt\\_thresholding.py', reloading
[ 2023-07-30 12:43:30,550 ] 224 werkzeug - INFO -  * Detected change in 'C:\\Users\\papal\\anaconda3\\Lib\\site-packages\\pywt\\_wavelet_packets.py', reloading
[ 2023-07-30 12:43:30,550 ] 224 werkzeug - INFO -  * Detected change in 'C:\\Users\\papal\\anaconda3\\Lib\\site-packages\\pywt\\_dwt.py', reloading
[ 2023-07-30 12:43:30,550 ] 224 werkzeug - INFO -  * Detected change in 'C:\\Users\\papal\\anaconda3\\Lib\\site-packages\\pywt\\_swt.py', reloading
[ 2023-07-30 12:43:30,550 ] 224 werkzeug - INFO -  * Detected change in 'C:\\Users\\papal\\anaconda3\\Lib\\site-packages\\pywt\\_cwt.py', reloading
[ 2023-07-30 12:43:30,566 ] 224 werkzeug - INFO -  * Detected change in 'C:\\Users\\papal\\anaconda3\\Lib\\site-packages\\pywt\\_mra.py', reloading
[ 2023-07-30 12:43:30,581 ] 224 werkzeug - INFO -  * Detected change in 'C:\\Users\\papal\\anaconda3\\Lib\\site-packages\\qdarkstyle\\__init__.py', reloading
[ 2023-07-30 12:43:30,581 ] 224 werkzeug - INFO -  * Detected change in 'C:\\Users\\papal\\anaconda3\\Lib\\site-packages\\qstylizer\\__init__.py', reloading
[ 2023-07-30 12:43:30,581 ] 224 werkzeug - INFO -  * Detected change in 'C:\\Users\\papal\\anaconda3\\Lib\\site-packages\\qtawesome\\__init__.py', reloading
[ 2023-07-30 12:43:30,581 ] 224 werkzeug - INFO -  * Detected change in 'C:\\Users\\papal\\anaconda3\\Lib\\site-packages\\qtconsole\\__init__.py', reloading
[ 2023-07-30 12:43:30,581 ] 224 werkzeug - INFO -  * Detected change in 'C:\\Users\\papal\\anaconda3\\Lib\\site-packages\\qtpy\\__init__.py', reloading
[ 2023-07-30 12:43:30,581 ] 224 werkzeug - INFO -  * Detected change in 'C:\\Users\\papal\\anaconda3\\Lib\\site-packages\\queuelib\\__init__.py', reloading
[ 2023-07-30 12:43:30,597 ] 224 werkzeug - INFO -  * Detected change in 'C:\\Users\\papal\\anaconda3\\Lib\\site-packages\\repo_cli\\__init__.py', reloading
[ 2023-07-30 12:43:30,597 ] 224 werkzeug - INFO -  * Detected change in 'C:\\Users\\papal\\anaconda3\\Lib\\site-packages\\requests_toolbelt\\__init__.py', reloading
[ 2023-07-30 12:43:30,597 ] 224 werkzeug - INFO -  * Detected change in 'C:\\Users\\papal\\anaconda3\\Lib\\site-packages\\requests_toolbelt\\adapters\\__init__.py', reloading
[ 2023-07-30 12:43:30,597 ] 224 werkzeug - INFO -  * Detected change in 'C:\\Users\\papal\\anaconda3\\Lib\\site-packages\\requests_toolbelt\\adapters\\ssl.py', reloading
[ 2023-07-30 12:43:30,597 ] 224 werkzeug - INFO -  * Detected change in 'C:\\Users\\papal\\anaconda3\\Lib\\site-packages\\requests_toolbelt\\adapters\\source.py', reloading
[ 2023-07-30 12:43:30,605 ] 224 werkzeug - INFO -  * Detected change in 'C:\\Users\\papal\\anaconda3\\Lib\\site-packages\\requests_toolbelt\\auth\\guess.py', reloading
[ 2023-07-30 12:43:30,605 ] 224 werkzeug - INFO -  * Detected change in 'C:\\Users\\papal\\anaconda3\\Lib\\site-packages\\requests_toolbelt\\multipart\\__init__.py', reloading
[ 2023-07-30 12:43:30,605 ] 224 werkzeug - INFO -  * Detected change in 'C:\\Users\\papal\\anaconda3\\Lib\\site-packages\\requests_toolbelt\\multipart\\encoder.py', reloading
[ 2023-07-30 12:43:30,605 ] 224 werkzeug - INFO -  * Detected change in 'C:\\Users\\papal\\anaconda3\\Lib\\site-packages\\requests_toolbelt\\multipart\\decoder.py', reloading
[ 2023-07-30 12:43:30,613 ] 224 werkzeug - INFO -  * Detected change in 'C:\\Users\\papal\\anaconda3\\Lib\\site-packages\\requests_toolbelt\\streaming_iterator.py', reloading
[ 2023-07-30 12:43:30,613 ] 224 werkzeug - INFO -  * Detected change in 'C:\\Users\\papal\\anaconda3\\Lib\\site-packages\\requests_toolbelt\\utils\\user_agent.py', reloading
[ 2023-07-30 12:43:30,613 ] 224 werkzeug - INFO -  * Detected change in 'C:\\Users\\papal\\anaconda3\\Lib\\site-packages\\rope\\__init__.py', reloading
[ 2023-07-30 12:43:30,613 ] 224 werkzeug - INFO -  * Detected change in 'C:\\Users\\papal\\anaconda3\\Lib\\site-packages\\rtree\\__init__.py', reloading
[ 2023-07-30 12:43:30,613 ] 224 werkzeug - INFO -  * Detected change in 'C:\\Users\\papal\\anaconda3\\Lib\\site-packages\\ruamel_yaml\\__init__.py', reloading
[ 2023-07-30 12:43:30,613 ] 224 werkzeug - INFO -  * Detected change in 'C:\\Users\\papal\\anaconda3\\Lib\\site-packages\\s3fs\\__init__.py', reloading
[ 2023-07-30 12:43:30,613 ] 224 werkzeug - INFO -  * Detected change in 'C:\\Users\\papal\\anaconda3\\Lib\\site-packages\\s3transfer\\__init__.py', reloading
[ 2023-07-30 12:43:30,613 ] 224 werkzeug - INFO -  * Detected change in 'C:\\Users\\papal\\anaconda3\\Lib\\site-packages\\sacremoses\\__init__.py', reloading
[ 2023-07-30 12:43:30,613 ] 224 werkzeug - INFO -  * Detected change in 'C:\\Users\\papal\\anaconda3\\Lib\\site-packages\\scipy\\cluster\\__init__.py', reloading
[ 2023-07-30 12:43:30,613 ] 224 werkzeug - INFO -  * Detected change in 'C:\\Users\\papal\\anaconda3\\Lib\\site-packages\\scipy\\conftest.py', reloading
[ 2023-07-30 12:43:30,613 ] 224 werkzeug - INFO -  * Detected change in 'C:\\Users\\papal\\anaconda3\\Lib\\site-packages\\scipy\\constants\\__init__.py', reloading
[ 2023-07-30 12:43:30,613 ] 224 werkzeug - INFO -  * Detected change in 'C:\\Users\\papal\\anaconda3\\Lib\\site-packages\\scipy\\constants\\_codata.py', reloading
[ 2023-07-30 12:43:30,644 ] 224 werkzeug - INFO -  * Detected change in 'C:\\Users\\papal\\anaconda3\\Lib\\site-packages\\scipy\\constants\\_constants.py', reloading
[ 2023-07-30 12:43:30,644 ] 224 werkzeug - INFO -  * Detected change in 'C:\\Users\\papal\\anaconda3\\Lib\\site-packages\\scipy\\datasets\\__init__.py', reloading
[ 2023-07-30 12:43:30,644 ] 224 werkzeug - INFO -  * Detected change in 'C:\\Users\\papal\\anaconda3\\Lib\\site-packages\\scipy\\datasets\\_fetchers.py', reloading
[ 2023-07-30 12:43:30,660 ] 224 werkzeug - INFO -  * Detected change in 'C:\\Users\\papal\\anaconda3\\Lib\\site-packages\\scipy\\datasets\\_download_all.py', reloading
[ 2023-07-30 12:43:30,660 ] 224 werkzeug - INFO -  * Detected change in 'C:\\Users\\papal\\anaconda3\\Lib\\site-packages\\scipy\\datasets\\_utils.py', reloading
[ 2023-07-30 12:43:30,660 ] 224 werkzeug - INFO -  * Detected change in 'C:\\Users\\papal\\anaconda3\\Lib\\site-packages\\scipy\\fft\\__init__.py', reloading
[ 2023-07-30 12:43:30,660 ] 224 werkzeug - INFO -  * Detected change in 'C:\\Users\\papal\\anaconda3\\Lib\\site-packages\\scipy\\fft\\_basic.py', reloading
[ 2023-07-30 12:43:30,660 ] 224 werkzeug - INFO -  * Detected change in 'C:\\Users\\papal\\anaconda3\\Lib\\site-packages\\scipy\\fft\\_realtransforms.py', reloading
[ 2023-07-30 12:43:30,660 ] 224 werkzeug - INFO -  * Detected change in 'C:\\Users\\papal\\anaconda3\\Lib\\site-packages\\scipy\\fft\\_fftlog.py', reloading
[ 2023-07-30 12:43:30,675 ] 224 werkzeug - INFO -  * Detected change in 'C:\\Users\\papal\\anaconda3\\Lib\\site-packages\\scipy\\fft\\_fftlog_multimethods.py', reloading
[ 2023-07-30 12:43:30,675 ] 224 werkzeug - INFO -  * Detected change in 'C:\\Users\\papal\\anaconda3\\Lib\\site-packages\\scipy\\fft\\_helper.py', reloading
[ 2023-07-30 12:43:30,675 ] 224 werkzeug - INFO -  * Detected change in 'C:\\Users\\papal\\anaconda3\\Lib\\site-packages\\scipy\\fft\\_backend.py', reloading
[ 2023-07-30 12:43:30,675 ] 224 werkzeug - INFO -  * Detected change in 'C:\\Users\\papal\\anaconda3\\Lib\\site-packages\\scipy\\fft\\_pocketfft\\helper.py', reloading
[ 2023-07-30 12:43:30,675 ] 224 werkzeug - INFO -  * Detected change in 'C:\\Users\\papal\\anaconda3\\Lib\\site-packages\\scipy\\fftpack\\__init__.py', reloading
[ 2023-07-30 12:43:30,675 ] 224 werkzeug - INFO -  * Detected change in 'C:\\Users\\papal\\anaconda3\\Lib\\site-packages\\scipy\\fftpack\\_basic.py', reloading
[ 2023-07-30 12:43:30,675 ] 224 werkzeug - INFO -  * Detected change in 'C:\\Users\\papal\\anaconda3\\Lib\\site-packages\\scipy\\fftpack\\_pseudo_diffs.py', reloading
[ 2023-07-30 12:43:30,675 ] 224 werkzeug - INFO -  * Detected change in 'C:\\Users\\papal\\anaconda3\\Lib\\site-packages\\scipy\\fftpack\\_helper.py', reloading
[ 2023-07-30 12:43:30,691 ] 224 werkzeug - INFO -  * Detected change in 'C:\\Users\\papal\\anaconda3\\Lib\\site-packages\\scipy\\fftpack\\_realtransforms.py', reloading
[ 2023-07-30 12:43:30,691 ] 224 werkzeug - INFO -  * Detected change in 'C:\\Users\\papal\\anaconda3\\Lib\\site-packages\\scipy\\integrate\\__init__.py', reloading
[ 2023-07-30 12:43:30,691 ] 224 werkzeug - INFO -  * Detected change in 'C:\\Users\\papal\\anaconda3\\Lib\\site-packages\\scipy\\integrate\\_quadrature.py', reloading
[ 2023-07-30 12:43:30,691 ] 224 werkzeug - INFO -  * Detected change in 'C:\\Users\\papal\\anaconda3\\Lib\\site-packages\\scipy\\integrate\\_odepack_py.py', reloading
[ 2023-07-30 12:43:30,706 ] 224 werkzeug - INFO -  * Detected change in 'C:\\Users\\papal\\anaconda3\\Lib\\site-packages\\scipy\\integrate\\_quadpack_py.py', reloading
[ 2023-07-30 12:43:30,707 ] 224 werkzeug - INFO -  * Detected change in 'C:\\Users\\papal\\anaconda3\\Lib\\site-packages\\scipy\\integrate\\_ode.py', reloading
[ 2023-07-30 12:43:30,707 ] 224 werkzeug - INFO -  * Detected change in 'C:\\Users\\papal\\anaconda3\\Lib\\site-packages\\scipy\\interpolate\\__init__.py', reloading
[ 2023-07-30 12:43:30,707 ] 224 werkzeug - INFO -  * Detected change in 'C:\\Users\\papal\\anaconda3\\Lib\\site-packages\\scipy\\interpolate\\_interpolate.py', reloading
[ 2023-07-30 12:43:30,707 ] 224 werkzeug - INFO -  * Detected change in 'C:\\Users\\papal\\anaconda3\\Lib\\site-packages\\scipy\\interpolate\\_fitpack_py.py', reloading
[ 2023-07-30 12:43:30,723 ] 224 werkzeug - INFO -  * Detected change in 'C:\\Users\\papal\\anaconda3\\Lib\\site-packages\\scipy\\interpolate\\_fitpack2.py', reloading
[ 2023-07-30 12:43:30,723 ] 224 werkzeug - INFO -  * Detected change in 'C:\\Users\\papal\\anaconda3\\Lib\\site-packages\\scipy\\interpolate\\_rbfinterp.py', reloading
[ 2023-07-30 12:43:30,723 ] 224 werkzeug - INFO -  * Detected change in 'C:\\Users\\papal\\anaconda3\\Lib\\site-packages\\scipy\\interpolate\\_polyint.py', reloading
[ 2023-07-30 12:43:30,738 ] 224 werkzeug - INFO -  * Detected change in 'C:\\Users\\papal\\anaconda3\\Lib\\site-packages\\scipy\\interpolate\\_cubic.py', reloading
[ 2023-07-30 12:43:30,738 ] 224 werkzeug - INFO -  * Detected change in 'C:\\Users\\papal\\anaconda3\\Lib\\site-packages\\scipy\\interpolate\\_ndgriddata.py', reloading
[ 2023-07-30 12:43:30,738 ] 224 werkzeug - INFO -  * Detected change in 'C:\\Users\\papal\\anaconda3\\Lib\\site-packages\\scipy\\interpolate\\_bsplines.py', reloading
[ 2023-07-30 12:43:30,754 ] 224 werkzeug - INFO -  * Detected change in 'C:\\Users\\papal\\anaconda3\\Lib\\site-packages\\scipy\\interpolate\\_pade.py', reloading
[ 2023-07-30 12:43:30,754 ] 224 werkzeug - INFO -  * Detected change in 'C:\\Users\\papal\\anaconda3\\Lib\\site-packages\\scipy\\interpolate\\_rgi.py', reloading
[ 2023-07-30 12:43:30,754 ] 224 werkzeug - INFO -  * Detected change in 'C:\\Users\\papal\\anaconda3\\Lib\\site-packages\\scipy\\io\\__init__.py', reloading
[ 2023-07-30 12:43:30,770 ] 224 werkzeug - INFO -  * Detected change in 'C:\\Users\\papal\\anaconda3\\Lib\\site-packages\\scipy\\linalg\\__init__.py', reloading
[ 2023-07-30 12:43:30,770 ] 224 werkzeug - INFO -  * Detected change in 'C:\\Users\\papal\\anaconda3\\Lib\\site-packages\\scipy\\linalg\\_misc.py', reloading
[ 2023-07-30 12:43:30,770 ] 224 werkzeug - INFO -  * Detected change in 'C:\\Users\\papal\\anaconda3\\Lib\\site-packages\\scipy\\linalg\\_basic.py', reloading
[ 2023-07-30 12:43:30,785 ] 224 werkzeug - INFO -  * Detected change in 'C:\\Users\\papal\\anaconda3\\Lib\\site-packages\\scipy\\linalg\\_decomp.py', reloading
[ 2023-07-30 12:43:30,785 ] 224 werkzeug - INFO -  * Detected change in 'C:\\Users\\papal\\anaconda3\\Lib\\site-packages\\scipy\\linalg\\_decomp_lu.py', reloading
[ 2023-07-30 12:43:30,785 ] 224 werkzeug - INFO -  * Detected change in 'C:\\Users\\papal\\anaconda3\\Lib\\site-packages\\scipy\\linalg\\_decomp_ldl.py', reloading
[ 2023-07-30 12:43:30,785 ] 224 werkzeug - INFO -  * Detected change in 'C:\\Users\\papal\\anaconda3\\Lib\\site-packages\\scipy\\linalg\\_decomp_cholesky.py', reloading
[ 2023-07-30 12:43:30,785 ] 224 werkzeug - INFO -  * Detected change in 'C:\\Users\\papal\\anaconda3\\Lib\\site-packages\\scipy\\linalg\\_decomp_qr.py', reloading
[ 2023-07-30 12:43:30,801 ] 224 werkzeug - INFO -  * Detected change in 'C:\\Users\\papal\\anaconda3\\Lib\\site-packages\\scipy\\linalg\\_decomp_qz.py', reloading
[ 2023-07-30 12:43:30,801 ] 224 werkzeug - INFO -  * Detected change in 'C:\\Users\\papal\\anaconda3\\Lib\\site-packages\\scipy\\linalg\\_decomp_svd.py', reloading
[ 2023-07-30 12:43:30,801 ] 224 werkzeug - INFO -  * Detected change in 'C:\\Users\\papal\\anaconda3\\Lib\\site-packages\\scipy\\linalg\\_decomp_schur.py', reloading
[ 2023-07-30 12:43:30,801 ] 224 werkzeug - INFO -  * Detected change in 'C:\\Users\\papal\\anaconda3\\Lib\\site-packages\\scipy\\linalg\\_decomp_polar.py', reloading
[ 2023-07-30 12:43:30,801 ] 224 werkzeug - INFO -  * Detected change in 'C:\\Users\\papal\\anaconda3\\Lib\\site-packages\\scipy\\linalg\\_matfuncs.py', reloading
[ 2023-07-30 12:43:30,806 ] 224 werkzeug - INFO -  * Detected change in 'C:\\Users\\papal\\anaconda3\\Lib\\site-packages\\scipy\\linalg\\blas.py', reloading
