[ 2023-07-30 11:43:45,681 ] 224 werkzeug - WARNING -  * Debugger is active!
[ 2023-07-30 11:43:45,683 ] 224 werkzeug - INFO -  * Debugger PIN: 117-428-366
[ 2023-07-30 11:43:45,702 ] 224 werkzeug - INFO -  * Detected change in 'd:\\IMP Folder\\1 On Goning Project\\Campus Placement Prediction\\ProjectOnging\\venv\\Lib\\site-packages\\pip\\_vendor\\pygments\\plugin.py', reloading
[ 2023-07-30 11:43:45,714 ] 224 werkzeug - INFO -  * Detected change in 'd:\\IMP Folder\\1 On Goning Project\\Campus Placement Prediction\\ProjectOnging\\venv\\Lib\\site-packages\\pip\\_vendor\\pygments\\regexopt.py', reloading
[ 2023-07-30 11:43:45,720 ] 224 werkzeug - INFO - 127.0.0.1 - - [30/Jul/2023 11:43:45] "GET / HTTP/1.1" 200 -
[ 2023-07-30 11:43:45,726 ] 224 werkzeug - INFO -  * Detected change in 'd:\\IMP Folder\\1 On Goning Project\\Campus Placement Prediction\\ProjectOnging\\venv\\Lib\\site-packages\\pip\\_vendor\\pygments\\scanner.py', reloading
[ 2023-07-30 11:43:45,741 ] 224 werkzeug - INFO -  * Detected change in 'd:\\IMP Folder\\1 On Goning Project\\Campus Placement Prediction\\ProjectOnging\\venv\\Lib\\site-packages\\pip\\_vendor\\pygments\\sphinxext.py', reloading
[ 2023-07-30 11:43:45,761 ] 224 werkzeug - INFO -  * Detected change in 'd:\\IMP Folder\\1 On Goning Project\\Campus Placement Prediction\\ProjectOnging\\venv\\Lib\\site-packages\\pip\\_vendor\\pygments\\style.py', reloading
[ 2023-07-30 11:43:45,774 ] 224 werkzeug - INFO -  * Detected change in 'd:\\IMP Folder\\1 On Goning Project\\Campus Placement Prediction\\ProjectOnging\\venv\\Lib\\site-packages\\pip\\_vendor\\pygments\\token.py', reloading
[ 2023-07-30 11:43:45,796 ] 224 werkzeug - INFO - 127.0.0.1 - - [30/Jul/2023 11:43:45] "[33mGET /favicon.ico HTTP/1.1[0m" 404 -
[ 2023-07-30 11:43:45,802 ] 224 werkzeug - INFO -  * Detected change in 'd:\\IMP Folder\\1 On Goning Project\\Campus Placement Prediction\\ProjectOnging\\venv\\Lib\\site-packages\\pip\\_vendor\\pygments\\unistring.py', reloading
[ 2023-07-30 11:43:45,826 ] 224 werkzeug - INFO -  * Detected change in 'd:\\IMP Folder\\1 On Goning Project\\Campus Placement Prediction\\ProjectOnging\\venv\\Lib\\site-packages\\pip\\_vendor\\pygments\\util.py', reloading
[ 2023-07-30 11:43:45,842 ] 224 werkzeug - INFO -  * Detected change in 'd:\\IMP Folder\\1 On Goning Project\\Campus Placement Prediction\\ProjectOnging\\venv\\Lib\\site-packages\\pip\\_vendor\\pygments\\filters\\__init__.py', reloading
[ 2023-07-30 11:43:45,865 ] 224 werkzeug - INFO -  * Detected change in 'd:\\IMP Folder\\1 On Goning Project\\Campus Placement Prediction\\ProjectOnging\\venv\\Lib\\site-packages\\pip\\_vendor\\pygments\\formatters\\__init__.py', reloading
[ 2023-07-30 11:43:45,882 ] 224 werkzeug - INFO -  * Detected change in 'd:\\IMP Folder\\1 On Goning Project\\Campus Placement Prediction\\ProjectOnging\\venv\\Lib\\site-packages\\pip\\_vendor\\pygments\\formatters\\_mapping.py', reloading
[ 2023-07-30 11:43:45,891 ] 224 werkzeug - INFO -  * Detected change in 'd:\\IMP Folder\\1 On Goning Project\\Campus Placement Prediction\\ProjectOnging\\venv\\Lib\\site-packages\\pip\\_vendor\\pygments\\formatters\\bbcode.py', reloading
[ 2023-07-30 11:43:45,904 ] 224 werkzeug - INFO -  * Detected change in 'd:\\IMP Folder\\1 On Goning Project\\Campus Placement Prediction\\ProjectOnging\\venv\\Lib\\site-packages\\pip\\_vendor\\pygments\\formatters\\groff.py', reloading
[ 2023-07-30 11:43:45,921 ] 224 werkzeug - INFO -  * Detected change in 'd:\\IMP Folder\\1 On Goning Project\\Campus Placement Prediction\\ProjectOnging\\venv\\Lib\\site-packages\\pip\\_vendor\\pygments\\formatters\\html.py', reloading
[ 2023-07-30 11:43:45,948 ] 224 werkzeug - INFO -  * Detected change in 'd:\\IMP Folder\\1 On Goning Project\\Campus Placement Prediction\\ProjectOnging\\venv\\Lib\\site-packages\\pip\\_vendor\\pygments\\formatters\\img.py', reloading
[ 2023-07-30 11:43:45,970 ] 224 werkzeug - INFO -  * Detected change in 'd:\\IMP Folder\\1 On Goning Project\\Campus Placement Prediction\\ProjectOnging\\venv\\Lib\\site-packages\\pip\\_vendor\\pygments\\formatters\\irc.py', reloading
[ 2023-07-30 11:43:45,985 ] 224 werkzeug - INFO -  * Detected change in 'd:\\IMP Folder\\1 On Goning Project\\Campus Placement Prediction\\ProjectOnging\\venv\\Lib\\site-packages\\pip\\_vendor\\pygments\\formatters\\latex.py', reloading
[ 2023-07-30 11:43:46,007 ] 224 werkzeug - INFO -  * Detected change in 'd:\\IMP Folder\\1 On Goning Project\\Campus Placement Prediction\\ProjectOnging\\venv\\Lib\\site-packages\\pip\\_vendor\\pygments\\formatters\\other.py', reloading
[ 2023-07-30 11:43:46,016 ] 224 werkzeug - INFO -  * Detected change in 'd:\\IMP Folder\\1 On Goning Project\\Campus Placement Prediction\\ProjectOnging\\venv\\Lib\\site-packages\\pip\\_vendor\\pygments\\formatters\\pangomarkup.py', reloading
[ 2023-07-30 11:43:46,036 ] 224 werkzeug - INFO -  * Detected change in 'd:\\IMP Folder\\1 On Goning Project\\Campus Placement Prediction\\ProjectOnging\\venv\\Lib\\site-packages\\pip\\_vendor\\pygments\\formatters\\rtf.py', reloading
[ 2023-07-30 11:43:46,050 ] 224 werkzeug - INFO -  * Detected change in 'd:\\IMP Folder\\1 On Goning Project\\Campus Placement Prediction\\ProjectOnging\\venv\\Lib\\site-packages\\pip\\_vendor\\pygments\\formatters\\svg.py', reloading
[ 2023-07-30 11:43:46,058 ] 224 werkzeug - INFO -  * Detected change in 'd:\\IMP Folder\\1 On Goning Project\\Campus Placement Prediction\\ProjectOnging\\venv\\Lib\\site-packages\\pip\\_vendor\\pygments\\formatters\\terminal.py', reloading
[ 2023-07-30 11:43:46,075 ] 224 werkzeug - INFO -  * Detected change in 'd:\\IMP Folder\\1 On Goning Project\\Campus Placement Prediction\\ProjectOnging\\venv\\Lib\\site-packages\\pip\\_vendor\\pygments\\formatters\\terminal256.py', reloading
[ 2023-07-30 11:43:46,080 ] 224 werkzeug - INFO -  * Detected change in 'd:\\IMP Folder\\1 On Goning Project\\Campus Placement Prediction\\ProjectOnging\\venv\\Lib\\site-packages\\pip\\_vendor\\pygments\\lexers\\__init__.py', reloading
[ 2023-07-30 11:43:46,095 ] 224 werkzeug - INFO -  * Detected change in 'd:\\IMP Folder\\1 On Goning Project\\Campus Placement Prediction\\ProjectOnging\\venv\\Lib\\site-packages\\pip\\_vendor\\pygments\\lexers\\_mapping.py', reloading
[ 2023-07-30 11:43:46,126 ] 224 werkzeug - INFO -  * Detected change in 'd:\\IMP Folder\\1 On Goning Project\\Campus Placement Prediction\\ProjectOnging\\venv\\Lib\\site-packages\\pip\\_vendor\\pygments\\lexers\\python.py', reloading
[ 2023-07-30 11:43:46,157 ] 224 werkzeug - INFO -  * Detected change in 'd:\\IMP Folder\\1 On Goning Project\\Campus Placement Prediction\\ProjectOnging\\venv\\Lib\\site-packages\\pip\\_vendor\\pygments\\styles\\__init__.py', reloading
[ 2023-07-30 11:43:46,157 ] 224 werkzeug - INFO -  * Detected change in 'd:\\IMP Folder\\1 On Goning Project\\Campus Placement Prediction\\ProjectOnging\\venv\\Lib\\site-packages\\pip\\_vendor\\pyparsing\\__init__.py', reloading
[ 2023-07-30 11:43:46,173 ] 224 werkzeug - INFO -  * Detected change in 'd:\\IMP Folder\\1 On Goning Project\\Campus Placement Prediction\\ProjectOnging\\venv\\Lib\\site-packages\\pip\\_vendor\\pyparsing\\util.py', reloading
[ 2023-07-30 11:43:46,188 ] 224 werkzeug - INFO -  * Detected change in 'd:\\IMP Folder\\1 On Goning Project\\Campus Placement Prediction\\ProjectOnging\\venv\\Lib\\site-packages\\pip\\_vendor\\pyparsing\\exceptions.py', reloading
[ 2023-07-30 11:43:46,204 ] 224 werkzeug - INFO -  * Detected change in 'd:\\IMP Folder\\1 On Goning Project\\Campus Placement Prediction\\ProjectOnging\\venv\\Lib\\site-packages\\pip\\_vendor\\pyparsing\\actions.py', reloading
[ 2023-07-30 11:43:46,220 ] 224 werkzeug - INFO -  * Detected change in 'd:\\IMP Folder\\1 On Goning Project\\Campus Placement Prediction\\ProjectOnging\\venv\\Lib\\site-packages\\pip\\_vendor\\pyparsing\\results.py', reloading
[ 2023-07-30 11:43:46,251 ] 224 werkzeug - INFO -  * Detected change in 'd:\\IMP Folder\\1 On Goning Project\\Campus Placement Prediction\\ProjectOnging\\venv\\Lib\\site-packages\\pip\\_vendor\\pyparsing\\core.py', reloading
[ 2023-07-30 11:43:46,313 ] 224 werkzeug - INFO -  * Detected change in 'd:\\IMP Folder\\1 On Goning Project\\Campus Placement Prediction\\ProjectOnging\\venv\\Lib\\site-packages\\pip\\_vendor\\pyparsing\\helpers.py', reloading
[ 2023-07-30 11:43:46,329 ] 224 werkzeug - INFO -  * Detected change in 'd:\\IMP Folder\\1 On Goning Project\\Campus Placement Prediction\\ProjectOnging\\venv\\Lib\\site-packages\\pip\\_vendor\\pyparsing\\common.py', reloading
[ 2023-07-30 11:43:46,360 ] 224 werkzeug - INFO -  * Detected change in 'd:\\IMP Folder\\1 On Goning Project\\Campus Placement Prediction\\ProjectOnging\\venv\\Lib\\site-packages\\pip\\_vendor\\pyparsing\\testing.py', reloading
[ 2023-07-30 11:43:46,376 ] 224 werkzeug - INFO -  * Detected change in 'd:\\IMP Folder\\1 On Goning Project\\Campus Placement Prediction\\ProjectOnging\\venv\\Lib\\site-packages\\pip\\_vendor\\pyparsing\\unicode.py', reloading
[ 2023-07-30 11:43:46,443 ] 224 werkzeug - INFO -  * Detected change in 'd:\\IMP Folder\\1 On Goning Project\\Campus Placement Prediction\\ProjectOnging\\venv\\Lib\\site-packages\\pip\\_vendor\\pyparsing\\diagram\\__init__.py', reloading
[ 2023-07-30 11:43:46,465 ] 224 werkzeug - INFO -  * Detected change in 'd:\\IMP Folder\\1 On Goning Project\\Campus Placement Prediction\\ProjectOnging\\venv\\Lib\\site-packages\\pip\\_vendor\\pyproject_hooks\\__init__.py', reloading
[ 2023-07-30 11:43:46,476 ] 224 werkzeug - INFO -  * Detected change in 'd:\\IMP Folder\\1 On Goning Project\\Campus Placement Prediction\\ProjectOnging\\venv\\Lib\\site-packages\\pip\\_vendor\\pyproject_hooks\\_compat.py', reloading
[ 2023-07-30 11:43:46,495 ] 224 werkzeug - INFO -  * Detected change in 'd:\\IMP Folder\\1 On Goning Project\\Campus Placement Prediction\\ProjectOnging\\venv\\Lib\\site-packages\\pip\\_vendor\\pyproject_hooks\\_impl.py', reloading
[ 2023-07-30 11:43:46,510 ] 224 werkzeug - INFO -  * Detected change in 'd:\\IMP Folder\\1 On Goning Project\\Campus Placement Prediction\\ProjectOnging\\venv\\Lib\\site-packages\\pip\\_vendor\\pyproject_hooks\\_in_process\\__init__.py', reloading
[ 2023-07-30 11:43:46,526 ] 224 werkzeug - INFO -  * Detected change in 'd:\\IMP Folder\\1 On Goning Project\\Campus Placement Prediction\\ProjectOnging\\venv\\Lib\\site-packages\\pip\\_vendor\\pyproject_hooks\\_in_process\\_in_process.py', reloading
[ 2023-07-30 11:43:46,553 ] 224 werkzeug - INFO -  * Detected change in 'd:\\IMP Folder\\1 On Goning Project\\Campus Placement Prediction\\ProjectOnging\\venv\\Lib\\site-packages\\pip\\_vendor\\requests\\__init__.py', reloading
[ 2023-07-30 11:43:46,586 ] 224 werkzeug - INFO -  * Detected change in 'd:\\IMP Folder\\1 On Goning Project\\Campus Placement Prediction\\ProjectOnging\\venv\\Lib\\site-packages\\pip\\_vendor\\requests\\__version__.py', reloading
[ 2023-07-30 11:43:46,602 ] 224 werkzeug - INFO -  * Detected change in 'd:\\IMP Folder\\1 On Goning Project\\Campus Placement Prediction\\ProjectOnging\\venv\\Lib\\site-packages\\pip\\_vendor\\requests\\_internal_utils.py', reloading
[ 2023-07-30 11:43:46,620 ] 224 werkzeug - INFO -  * Detected change in 'd:\\IMP Folder\\1 On Goning Project\\Campus Placement Prediction\\ProjectOnging\\venv\\Lib\\site-packages\\pip\\_vendor\\requests\\adapters.py', reloading
[ 2023-07-30 11:43:46,650 ] 224 werkzeug - INFO -  * Detected change in 'd:\\IMP Folder\\1 On Goning Project\\Campus Placement Prediction\\ProjectOnging\\venv\\Lib\\site-packages\\pip\\_vendor\\requests\\api.py', reloading
[ 2023-07-30 11:43:46,666 ] 224 werkzeug - INFO -  * Detected change in 'd:\\IMP Folder\\1 On Goning Project\\Campus Placement Prediction\\ProjectOnging\\venv\\Lib\\site-packages\\pip\\_vendor\\requests\\auth.py', reloading
[ 2023-07-30 11:43:46,685 ] 224 werkzeug - INFO -  * Detected change in 'd:\\IMP Folder\\1 On Goning Project\\Campus Placement Prediction\\ProjectOnging\\venv\\Lib\\site-packages\\pip\\_vendor\\requests\\certs.py', reloading
[ 2023-07-30 11:43:46,699 ] 224 werkzeug - INFO -  * Detected change in 'd:\\IMP Folder\\1 On Goning Project\\Campus Placement Prediction\\ProjectOnging\\venv\\Lib\\site-packages\\pip\\_vendor\\requests\\compat.py', reloading
