[ 2023-07-30 01:52:49,046 ] 224 werkzeug - WARNING -  * Debugger is active!
[ 2023-07-30 01:52:49,048 ] 224 werkzeug - INFO -  * Debugger PIN: 117-428-366
[ 2023-07-30 01:52:50,762 ] 224 werkzeug - INFO -  * Detected change in 'C:\\Users\\papal\\anaconda3\\Lib\\site-packages\\sympy\\polys\\rationaltools.py', reloading
[ 2023-07-30 01:52:50,763 ] 224 werkzeug - INFO -  * Detected change in 'C:\\Users\\papal\\anaconda3\\Lib\\site-packages\\sympy\\polys\\polyerrors.py', reloading
[ 2023-07-30 01:52:50,764 ] 224 werkzeug - INFO -  * Detected change in 'C:\\Users\\papal\\anaconda3\\Lib\\site-packages\\sympy\\polys\\numberfields\\__init__.py', reloading
[ 2023-07-30 01:52:50,765 ] 224 werkzeug - INFO -  * Detected change in 'C:\\Users\\papal\\anaconda3\\Lib\\site-packages\\sympy\\polys\\numberfields\\minpoly.py', reloading
[ 2023-07-30 01:52:50,776 ] 224 werkzeug - INFO -  * Detected change in 'C:\\Users\\papal\\anaconda3\\Lib\\site-packages\\sympy\\polys\\numberfields\\subfield.py', reloading
[ 2023-07-30 01:52:50,779 ] 224 werkzeug - INFO -  * Detected change in 'C:\\Users\\papal\\anaconda3\\Lib\\site-packages\\sympy\\polys\\numberfields\\utilities.py', reloading
[ 2023-07-30 01:52:50,787 ] 224 werkzeug - INFO -  * Detected change in 'C:\\Users\\papal\\anaconda3\\Lib\\site-packages\\sympy\\polys\\numberfields\\basis.py', reloading
[ 2023-07-30 01:52:50,789 ] 224 werkzeug - INFO -  * Detected change in 'C:\\Users\\papal\\anaconda3\\Lib\\site-packages\\sympy\\polys\\numberfields\\primes.py', reloading
[ 2023-07-30 01:52:50,793 ] 224 werkzeug - INFO -  * Detected change in 'C:\\Users\\papal\\anaconda3\\Lib\\site-packages\\sympy\\polys\\monomials.py', reloading
[ 2023-07-30 01:52:50,796 ] 224 werkzeug - INFO -  * Detected change in 'C:\\Users\\papal\\anaconda3\\Lib\\site-packages\\sympy\\polys\\orderings.py', reloading
[ 2023-07-30 01:52:50,797 ] 224 werkzeug - INFO -  * Detected change in 'C:\\Users\\papal\\anaconda3\\Lib\\site-packages\\sympy\\polys\\rootoftools.py', reloading
[ 2023-07-30 01:52:50,802 ] 224 werkzeug - INFO -  * Detected change in 'C:\\Users\\papal\\anaconda3\\Lib\\site-packages\\sympy\\polys\\polyroots.py', reloading
[ 2023-07-30 01:52:50,802 ] 224 werkzeug - INFO -  * Detected change in 'C:\\Users\\papal\\anaconda3\\Lib\\site-packages\\sympy\\polys\\domains\\__init__.py', reloading
[ 2023-07-30 01:52:50,802 ] 224 werkzeug - INFO -  * Detected change in 'C:\\Users\\papal\\anaconda3\\Lib\\site-packages\\sympy\\polys\\domains\\domain.py', reloading
[ 2023-07-30 01:52:50,802 ] 224 werkzeug - INFO -  * Detected change in 'C:\\Users\\papal\\anaconda3\\Lib\\site-packages\\sympy\\polys\\domains\\finitefield.py', reloading
[ 2023-07-30 01:52:50,802 ] 224 werkzeug - INFO -  * Detected change in 'C:\\Users\\papal\\anaconda3\\Lib\\site-packages\\sympy\\polys\\domains\\integerring.py', reloading
[ 2023-07-30 01:52:50,819 ] 224 werkzeug - INFO -  * Detected change in 'C:\\Users\\papal\\anaconda3\\Lib\\site-packages\\sympy\\polys\\domains\\rationalfield.py', reloading
[ 2023-07-30 01:52:50,821 ] 224 werkzeug - INFO -  * Detected change in 'C:\\Users\\papal\\anaconda3\\Lib\\site-packages\\sympy\\polys\\domains\\realfield.py', reloading
[ 2023-07-30 01:52:50,822 ] 224 werkzeug - INFO -  * Detected change in 'C:\\Users\\papal\\anaconda3\\Lib\\site-packages\\sympy\\polys\\domains\\complexfield.py', reloading
[ 2023-07-30 01:52:50,824 ] 224 werkzeug - INFO -  * Detected change in 'C:\\Users\\papal\\anaconda3\\Lib\\site-packages\\sympy\\polys\\domains\\pythonfinitefield.py', reloading
[ 2023-07-30 01:52:50,826 ] 224 werkzeug - INFO -  * Detected change in 'C:\\Users\\papal\\anaconda3\\Lib\\site-packages\\sympy\\polys\\domains\\gmpyfinitefield.py', reloading
[ 2023-07-30 01:52:50,830 ] 224 werkzeug - INFO -  * Detected change in 'C:\\Users\\papal\\anaconda3\\Lib\\site-packages\\sympy\\polys\\domains\\pythonintegerring.py', reloading
[ 2023-07-30 01:52:50,831 ] 224 werkzeug - INFO -  * Detected change in 'C:\\Users\\papal\\anaconda3\\Lib\\site-packages\\sympy\\polys\\domains\\gmpyintegerring.py', reloading
[ 2023-07-30 01:52:50,832 ] 224 werkzeug - INFO -  * Detected change in 'C:\\Users\\papal\\anaconda3\\Lib\\site-packages\\sympy\\polys\\domains\\pythonrational.py', reloading
[ 2023-07-30 01:52:50,834 ] 224 werkzeug - INFO -  * Detected change in 'C:\\Users\\papal\\anaconda3\\Lib\\site-packages\\sympy\\polys\\domains\\gmpyrationalfield.py', reloading
[ 2023-07-30 01:52:50,835 ] 224 werkzeug - INFO -  * Detected change in 'C:\\Users\\papal\\anaconda3\\Lib\\site-packages\\sympy\\polys\\domains\\algebraicfield.py', reloading
[ 2023-07-30 01:52:50,837 ] 224 werkzeug - INFO -  * Detected change in 'C:\\Users\\papal\\anaconda3\\Lib\\site-packages\\sympy\\polys\\domains\\polynomialring.py', reloading
[ 2023-07-30 01:52:50,839 ] 224 werkzeug - INFO -  * Detected change in 'C:\\Users\\papal\\anaconda3\\Lib\\site-packages\\sympy\\polys\\domains\\fractionfield.py', reloading
[ 2023-07-30 01:52:50,840 ] 224 werkzeug - INFO -  * Detected change in 'C:\\Users\\papal\\anaconda3\\Lib\\site-packages\\sympy\\polys\\domains\\expressiondomain.py', reloading
[ 2023-07-30 01:52:50,843 ] 224 werkzeug - INFO -  * Detected change in 'C:\\Users\\papal\\anaconda3\\Lib\\site-packages\\sympy\\polys\\domains\\gaussiandomains.py', reloading
[ 2023-07-30 01:52:50,847 ] 224 werkzeug - INFO -  * Detected change in 'C:\\Users\\papal\\anaconda3\\Lib\\site-packages\\sympy\\polys\\domains\\expressionrawdomain.py', reloading
[ 2023-07-30 01:52:50,848 ] 224 werkzeug - INFO -  * Detected change in 'C:\\Users\\papal\\anaconda3\\Lib\\site-packages\\sympy\\polys\\constructor.py', reloading
[ 2023-07-30 01:52:50,851 ] 224 werkzeug - INFO -  * Detected change in 'C:\\Users\\papal\\anaconda3\\Lib\\site-packages\\sympy\\polys\\specialpolys.py', reloading
[ 2023-07-30 01:52:50,851 ] 224 werkzeug - INFO -  * Detected change in 'C:\\Users\\papal\\anaconda3\\Lib\\site-packages\\sympy\\polys\\orthopolys.py', reloading
[ 2023-07-30 01:52:50,851 ] 224 werkzeug - INFO -  * Detected change in 'C:\\Users\\papal\\anaconda3\\Lib\\site-packages\\sympy\\polys\\partfrac.py', reloading
[ 2023-07-30 01:52:50,851 ] 224 werkzeug - INFO -  * Detected change in 'C:\\Users\\papal\\anaconda3\\Lib\\site-packages\\sympy\\polys\\polyoptions.py', reloading
[ 2023-07-30 01:52:50,851 ] 224 werkzeug - INFO -  * Detected change in 'C:\\Users\\papal\\anaconda3\\Lib\\site-packages\\sympy\\polys\\rings.py', reloading
[ 2023-07-30 01:52:50,876 ] 224 werkzeug - INFO -  * Detected change in 'C:\\Users\\papal\\anaconda3\\Lib\\site-packages\\sympy\\polys\\fields.py', reloading
[ 2023-07-30 01:52:50,880 ] 224 werkzeug - INFO -  * Detected change in 'C:\\Users\\papal\\anaconda3\\Lib\\site-packages\\sympy\\series\\__init__.py', reloading
[ 2023-07-30 01:52:50,882 ] 224 werkzeug - INFO -  * Detected change in 'C:\\Users\\papal\\anaconda3\\Lib\\site-packages\\sympy\\series\\order.py', reloading
[ 2023-07-30 01:52:50,885 ] 224 werkzeug - INFO -  * Detected change in 'C:\\Users\\papal\\anaconda3\\Lib\\site-packages\\sympy\\series\\limits.py', reloading
[ 2023-07-30 01:52:50,890 ] 224 werkzeug - INFO -  * Detected change in 'C:\\Users\\papal\\anaconda3\\Lib\\site-packages\\sympy\\series\\gruntz.py', reloading
[ 2023-07-30 01:52:50,892 ] 224 werkzeug - INFO -  * Detected change in 'C:\\Users\\papal\\anaconda3\\Lib\\site-packages\\sympy\\series\\approximants.py', reloading
[ 2023-07-30 01:52:50,893 ] 224 werkzeug - INFO -  * Detected change in 'C:\\Users\\papal\\anaconda3\\Lib\\site-packages\\sympy\\series\\residues.py', reloading
[ 2023-07-30 01:52:50,893 ] 224 werkzeug - INFO -  * Detected change in 'C:\\Users\\papal\\anaconda3\\Lib\\site-packages\\sympy\\series\\sequences.py', reloading
[ 2023-07-30 01:52:50,900 ] 224 werkzeug - INFO -  * Detected change in 'C:\\Users\\papal\\anaconda3\\Lib\\site-packages\\sympy\\series\\fourier.py', reloading
[ 2023-07-30 01:52:50,903 ] 224 werkzeug - INFO -  * Detected change in 'C:\\Users\\papal\\anaconda3\\Lib\\site-packages\\sympy\\series\\formal.py', reloading
[ 2023-07-30 01:52:50,905 ] 224 werkzeug - INFO -  * Detected change in 'C:\\Users\\papal\\anaconda3\\Lib\\site-packages\\sympy\\series\\limitseq.py', reloading
[ 2023-07-30 01:52:50,914 ] 224 werkzeug - INFO -  * Detected change in 'C:\\Users\\papal\\anaconda3\\Lib\\site-packages\\sympy\\functions\\__init__.py', reloading
[ 2023-07-30 01:52:50,919 ] 224 werkzeug - INFO -  * Detected change in 'C:\\Users\\papal\\anaconda3\\Lib\\site-packages\\sympy\\functions\\combinatorial\\factorials.py', reloading
[ 2023-07-30 01:52:50,919 ] 224 werkzeug - INFO -  * Detected change in 'C:\\Users\\papal\\anaconda3\\Lib\\site-packages\\sympy\\functions\\combinatorial\\numbers.py', reloading
[ 2023-07-30 01:52:50,935 ] 224 werkzeug - INFO -  * Detected change in 'C:\\Users\\papal\\anaconda3\\Lib\\site-packages\\sympy\\functions\\elementary\\miscellaneous.py', reloading
[ 2023-07-30 01:52:50,940 ] 224 werkzeug - INFO -  * Detected change in 'C:\\Users\\papal\\anaconda3\\Lib\\site-packages\\sympy\\functions\\elementary\\complexes.py', reloading
[ 2023-07-30 01:52:50,948 ] 224 werkzeug - INFO -  * Detected change in 'C:\\Users\\papal\\anaconda3\\Lib\\site-packages\\sympy\\functions\\elementary\\trigonometric.py', reloading
[ 2023-07-30 01:52:50,956 ] 224 werkzeug - INFO -  * Detected change in 'C:\\Users\\papal\\anaconda3\\Lib\\site-packages\\sympy\\functions\\elementary\\exponential.py', reloading
[ 2023-07-30 01:52:50,956 ] 224 werkzeug - INFO -  * Detected change in 'C:\\Users\\papal\\anaconda3\\Lib\\site-packages\\sympy\\functions\\elementary\\hyperbolic.py', reloading
[ 2023-07-30 01:52:50,971 ] 224 werkzeug - INFO -  * Detected change in 'C:\\Users\\papal\\anaconda3\\Lib\\site-packages\\sympy\\functions\\elementary\\integers.py', reloading
[ 2023-07-30 01:52:50,975 ] 224 werkzeug - INFO -  * Detected change in 'C:\\Users\\papal\\anaconda3\\Lib\\site-packages\\sympy\\functions\\elementary\\piecewise.py', reloading
[ 2023-07-30 01:52:50,975 ] 224 werkzeug - INFO -  * Detected change in 'C:\\Users\\papal\\anaconda3\\Lib\\site-packages\\sympy\\functions\\special\\error_functions.py', reloading
[ 2023-07-30 01:52:50,985 ] 224 werkzeug - INFO -  * Detected change in 'C:\\Users\\papal\\anaconda3\\Lib\\site-packages\\sympy\\functions\\special\\gamma_functions.py', reloading
[ 2023-07-30 01:52:50,990 ] 224 werkzeug - INFO -  * Detected change in 'C:\\Users\\papal\\anaconda3\\Lib\\site-packages\\sympy\\functions\\special\\zeta_functions.py', reloading
[ 2023-07-30 01:52:50,991 ] 224 werkzeug - INFO -  * Detected change in 'C:\\Users\\papal\\anaconda3\\Lib\\site-packages\\sympy\\functions\\special\\tensor_functions.py', reloading
[ 2023-07-30 01:52:50,993 ] 224 werkzeug - INFO -  * Detected change in 'C:\\Users\\papal\\anaconda3\\Lib\\site-packages\\sympy\\functions\\special\\singularity_functions.py', reloading
[ 2023-07-30 01:52:50,993 ] 224 werkzeug - INFO -  * Detected change in 'C:\\Users\\papal\\anaconda3\\Lib\\site-packages\\sympy\\functions\\special\\delta_functions.py', reloading
[ 2023-07-30 01:52:50,995 ] 224 werkzeug - INFO -  * Detected change in 'C:\\Users\\papal\\anaconda3\\Lib\\site-packages\\sympy\\functions\\special\\bsplines.py', reloading
[ 2023-07-30 01:52:50,996 ] 224 werkzeug - INFO -  * Detected change in 'C:\\Users\\papal\\anaconda3\\Lib\\site-packages\\sympy\\functions\\special\\bessel.py', reloading
[ 2023-07-30 01:52:50,997 ] 224 werkzeug - INFO -  * Detected change in 'C:\\Users\\papal\\anaconda3\\Lib\\site-packages\\sympy\\functions\\special\\hyper.py', reloading
[ 2023-07-30 01:52:50,997 ] 224 werkzeug - INFO -  * Detected change in 'C:\\Users\\papal\\anaconda3\\Lib\\site-packages\\sympy\\functions\\special\\polynomials.py', reloading
[ 2023-07-30 01:52:50,997 ] 224 werkzeug - INFO -  * Detected change in 'C:\\Users\\papal\\anaconda3\\Lib\\site-packages\\sympy\\functions\\special\\spherical_harmonics.py', reloading
[ 2023-07-30 01:52:50,997 ] 224 werkzeug - INFO -  * Detected change in 'C:\\Users\\papal\\anaconda3\\Lib\\site-packages\\sympy\\functions\\special\\elliptic_integrals.py', reloading
[ 2023-07-30 01:52:50,997 ] 224 werkzeug - INFO -  * Detected change in 'C:\\Users\\papal\\anaconda3\\Lib\\site-packages\\sympy\\functions\\special\\beta_functions.py', reloading
[ 2023-07-30 01:52:50,997 ] 224 werkzeug - INFO -  * Detected change in 'C:\\Users\\papal\\anaconda3\\Lib\\site-packages\\sympy\\functions\\special\\mathieu_functions.py', reloading
[ 2023-07-30 01:52:50,997 ] 224 werkzeug - INFO -  * Detected change in 'C:\\Users\\papal\\anaconda3\\Lib\\site-packages\\sympy\\ntheory\\__init__.py', reloading
[ 2023-07-30 01:52:51,012 ] 224 werkzeug - INFO -  * Detected change in 'C:\\Users\\papal\\anaconda3\\Lib\\site-packages\\sympy\\ntheory\\generate.py', reloading
[ 2023-07-30 01:52:51,012 ] 224 werkzeug - INFO -  * Detected change in 'C:\\Users\\papal\\anaconda3\\Lib\\site-packages\\sympy\\ntheory\\primetest.py', reloading
[ 2023-07-30 01:52:51,012 ] 224 werkzeug - INFO -  * Detected change in 'C:\\Users\\papal\\anaconda3\\Lib\\site-packages\\sympy\\ntheory\\factor_.py', reloading
[ 2023-07-30 01:52:51,012 ] 224 werkzeug - INFO -  * Detected change in 'C:\\Users\\papal\\anaconda3\\Lib\\site-packages\\sympy\\ntheory\\partitions_.py', reloading
[ 2023-07-30 01:52:51,012 ] 224 werkzeug - INFO -  * Detected change in 'C:\\Users\\papal\\anaconda3\\Lib\\site-packages\\sympy\\ntheory\\residue_ntheory.py', reloading
[ 2023-07-30 01:52:51,027 ] 224 werkzeug - INFO -  * Detected change in 'C:\\Users\\papal\\anaconda3\\Lib\\site-packages\\sympy\\ntheory\\multinomial.py', reloading
[ 2023-07-30 01:52:51,027 ] 224 werkzeug - INFO -  * Detected change in 'C:\\Users\\papal\\anaconda3\\Lib\\site-packages\\sympy\\ntheory\\continued_fraction.py', reloading
[ 2023-07-30 01:52:51,027 ] 224 werkzeug - INFO -  * Detected change in 'C:\\Users\\papal\\anaconda3\\Lib\\site-packages\\sympy\\ntheory\\egyptian_fraction.py', reloading
[ 2023-07-30 01:52:51,027 ] 224 werkzeug - INFO -  * Detected change in 'C:\\Users\\papal\\anaconda3\\Lib\\site-packages\\sympy\\concrete\\__init__.py', reloading
[ 2023-07-30 01:52:51,032 ] 224 werkzeug - INFO -  * Detected change in 'C:\\Users\\papal\\anaconda3\\Lib\\site-packages\\sympy\\concrete\\products.py', reloading
[ 2023-07-30 01:52:51,034 ] 224 werkzeug - INFO -  * Detected change in 'C:\\Users\\papal\\anaconda3\\Lib\\site-packages\\sympy\\concrete\\summations.py', reloading
[ 2023-07-30 01:52:51,042 ] 224 werkzeug - INFO -  * Detected change in 'C:\\Users\\papal\\anaconda3\\Lib\\site-packages\\sympy\\discrete\\__init__.py', reloading
[ 2023-07-30 01:52:51,043 ] 224 werkzeug - INFO -  * Detected change in 'C:\\Users\\papal\\anaconda3\\Lib\\site-packages\\sympy\\discrete\\transforms.py', reloading
[ 2023-07-30 01:52:51,045 ] 224 werkzeug - INFO -  * Detected change in 'C:\\Users\\papal\\anaconda3\\Lib\\site-packages\\sympy\\discrete\\convolutions.py', reloading
[ 2023-07-30 01:52:51,045 ] 224 werkzeug - INFO -  * Detected change in 'C:\\Users\\papal\\anaconda3\\Lib\\site-packages\\sympy\\simplify\\__init__.py', reloading
[ 2023-07-30 01:52:51,045 ] 224 werkzeug - INFO -  * Detected change in 'C:\\Users\\papal\\anaconda3\\Lib\\site-packages\\sympy\\simplify\\simplify.py', reloading
[ 2023-07-30 01:52:51,045 ] 224 werkzeug - INFO -  * Detected change in 'C:\\Users\\papal\\anaconda3\\Lib\\site-packages\\sympy\\simplify\\fu.py', reloading
[ 2023-07-30 01:52:51,065 ] 224 werkzeug - INFO -  * Detected change in 'C:\\Users\\papal\\anaconda3\\Lib\\site-packages\\sympy\\simplify\\sqrtdenest.py', reloading
