[ 2023-07-29 21:36:24,362 ] 28 root - INFO - Data Ingestion Method Started
[ 2023-07-29 21:36:24,384 ] 31 root - INFO - Data Reading As Panda DataFraom
[ 2023-07-29 21:36:24,390 ] 36 root - INFO - Train Test Split
[ 2023-07-29 21:36:24,401 ] 42 root - INFO - data ingestion Complites
[ 2023-07-29 21:36:24,410 ] 66 root - INFO - Read Traning and TEst Data Complited
[ 2023-07-29 21:36:24,420 ] 67 root - INFO - Train DataFrame Head : 
   ssc_p  hsc_p  hsc_s  degree_p  degree_t  workex  etest_p  specialisation  mba_p  status
0   52.0   62.0      1      54.0         0       0    72.00               1  55.41       0
1   70.0   63.0      2      70.0         2       1    55.00               0  62.00       1
2   73.0   78.0      1      65.0         0       1    95.46               0  62.16       1
3   67.0   63.0      1      72.0         0       0    56.00               1  60.41       1
4   80.6   82.0      1      77.6         0       0    91.00               0  74.49       1
[ 2023-07-29 21:36:24,425 ] 68 root - INFO - Test DataFrame Head : 
   ssc_p  hsc_p  hsc_s  degree_p  degree_t  workex  etest_p  specialisation  mba_p  status
0   69.0   60.0      1      65.0         0       0    87.55               0  52.81       1
1   67.0   67.0      1      73.0         0       1    59.00               0  69.72       1
2   82.0   64.0      2      73.0         2       1    96.00               0  71.77       1
3   59.0   60.0      1      56.0         0       0    55.00               1  57.90       1
4   65.0   75.0      1      69.0         0       1    72.00               0  64.66       1
[ 2023-07-29 21:36:24,425 ] 70 root - INFO - Obtaning Prrprocessor Object
[ 2023-07-29 21:36:24,425 ] 32 root - INFO - Data Transformation Started
[ 2023-07-29 21:36:24,425 ] 37 root - INFO - Pipline Started
[ 2023-07-29 21:36:24,442 ] 93 root - INFO - Apply Preprocessor Object on train and test Data
[ 2023-07-29 21:36:24,443 ] 105 root - INFO - Preproccsing Pickel File Save
[ 2023-07-29 21:36:24,443 ] 30 root - INFO - Split Dependent And Independent Features
[ 2023-07-29 21:36:52,368 ] 90 root - INFO - Best Model Found, Model Name is: Logastic,Accuracy_Score: 0.8837209302325582
